+ source ../common/net_lib.sh
++ source /root/mugen/libs/locallibs/common_lib.sh
+++ python3 --version
+++ '[' 0 -eq 0 ']'
+++ source /root/mugen/libs/locallibs/common_lib_python.sh
+ main
++ type -t post_test
+ '[' -n function ']'
+ trap post_test EXIT INT HUP TERM
+ rpm -qa
+ grep expect
++ type -t config_params
+ '[' -n function ']'
+ config_params
+ LOG_INFO 'Start loading data!'
+ message='Start loading data!'
+ python3 /root/mugen/libs/locallibs/mugen_log.py --level info --message 'Start loading data!'
Tue Aug  8 20:04:40 2023 - INFO  - Start loading data!
+ get_free_eth 1
+ local num_eth=1
+ echo 10.0.0.1
10.0.0.1
++ python3 /root/mugen/libs/locallibs/get_test_device.py --node 1 --device nic
Tue Aug  8 20:04:59 2023 - INFO  - pkgs:(lshw) is already installed
+ NODE1_NIC='enp0s3 enp0s4 enp0s5 enp0s6'
+ LOCAL_ETH=(${NODE1_NIC[@]/$(ip route | grep ${NODE1_IPV4} | awk '{print$3}')/})
++ ip route
++ grep 10.0.0.1
++ awk '{print$3}'
+ '[' 4 -ge 1 ']'
+ local_eth1=enp0s3
+ LOG_INFO 'Loading data is complete!'
+ message='Loading data is complete!'
+ python3 /root/mugen/libs/locallibs/mugen_log.py --level info --message 'Loading data is complete!'
Tue Aug  8 20:05:19 2023 - INFO  - Loading data is complete!
++ type -t pre_test
+ '[' -n function ']'
+ pre_test
+ LOG_INFO 'Start to prepare the test environment.'
+ message='Start to prepare the test environment.'
+ python3 /root/mugen/libs/locallibs/mugen_log.py --level info --message 'Start to prepare the test environment.'
Tue Aug  8 20:05:21 2023 - INFO  - Start to prepare the test environment.
+ DNF_INSTALL 'chrony ntpstat'
+ pkgs='chrony ntpstat'
+ node=1
+ '[' -z '' ']'
+ tmpfile=
++ python3 /root/mugen/libs/locallibs/rpm_manage.py install --pkgs 'chrony ntpstat' --node 1 --tempfile ''
+ tmpfile2=/tmp/tmpblkerq1w
+ '[' -z '' ']'
+ tmpfile=/tmp/tmpblkerq1w
+ systemctl start chronyd
systemctl: error while loading shared libraries: libsystemd-shared-253.so: cannot open shared object file: No such file or directory
+ LOG_INFO 'End to prepare the test environment.'
+ message='End to prepare the test environment.'
+ python3 /root/mugen/libs/locallibs/mugen_log.py --level info --message 'End to prepare the test environment.'
Tue Aug  8 20:06:39 2023 - INFO  - End to prepare the test environment.
++ type -t run_test
+ '[' -n function ']'
+ run_test
+ LOG_INFO 'Start to run test.'
+ message='Start to run test.'
+ python3 /root/mugen/libs/locallibs/mugen_log.py --level info --message 'Start to run test.'
Tue Aug  8 20:06:41 2023 - INFO  - Start to run test.
+ systemctl status chronyd
+ grep running
systemctl: error while loading shared libraries: libsystemd-shared-253.so: cannot open shared object file: No such file or directory
+ CHECK_RESULT 1
+ actual_result=1
+ expect_result=0
+ mode=0
+ error_log=
+ exit_mode=0
+ '[' -z 1 ']'
+ '[' 0 -eq 0 ']'
+ test 1x '!=' 0x
+ test -n ''
+ (( exec_result++ ))
+ LOG_ERROR 'oe_test_ethtool.sh line 38'
+ message='oe_test_ethtool.sh line 38'
+ python3 /root/mugen/libs/locallibs/mugen_log.py --level error --message 'oe_test_ethtool.sh line 38'
Tue Aug  8 20:06:43 2023 - ERROR - oe_test_ethtool.sh line 38
+ '[' 0 -eq 1 ']'
+ return 0
++ ethtool -T enp0s3
oe_test_ethtool.sh: line 39: ethtool: command not found
++ grep -iE 'Capabilities|PTP|Hardware'
++ wc -l
+ CHECK_RESULT 0 4
+ actual_result=0
+ expect_result=4
+ mode=0
+ error_log=
+ exit_mode=0
+ '[' -z 0 ']'
+ '[' 0 -eq 0 ']'
+ test 0x '!=' 4x
+ test -n ''
+ (( exec_result++ ))
+ LOG_ERROR 'oe_test_ethtool.sh line 39'
+ message='oe_test_ethtool.sh line 39'
+ python3 /root/mugen/libs/locallibs/mugen_log.py --level error --message 'oe_test_ethtool.sh line 39'
Tue Aug  8 20:06:45 2023 - ERROR - oe_test_ethtool.sh line 39
+ '[' 0 -eq 1 ']'
+ return 0
+ LOG_INFO 'End to run test.'
+ message='End to run test.'
+ python3 /root/mugen/libs/locallibs/mugen_log.py --level info --message 'End to run test.'
Tue Aug  8 20:06:47 2023 - INFO  - End to run test.
+ CASE_RESULT 0
+ case_re=0
+ test -z 2
+ test 2 -gt 0
+ LOG_ERROR 'failed to execute the case.'
+ message='failed to execute the case.'
+ python3 /root/mugen/libs/locallibs/mugen_log.py --level error --message 'failed to execute the case.'
Tue Aug  8 20:06:49 2023 - ERROR - failed to execute the case.
+ exit 2
+ post_test
+ LOG_INFO 'Start to restore the test environment.'
+ message='Start to restore the test environment.'
+ python3 /root/mugen/libs/locallibs/mugen_log.py --level info --message 'Start to restore the test environment.'
Tue Aug  8 20:06:50 2023 - INFO  - Start to restore the test environment.
+ systemctl stop chronyd
systemctl: error while loading shared libraries: libsystemd-shared-253.so: cannot open shared object file: No such file or directory
+ DNF_REMOVE
+ node=1
+ pkg_list=
+ mode=0
+ [[ -z /tmp/tmpblkerq1w ]]
+ '[' 0 -ne 0 ']'
+ '[' 1 == 0 ']'
+ python3 /root/mugen/libs/locallibs/rpm_manage.py remove --node 1 --pkgs '' --tempfile /tmp/tmpblkerq1w
+ '[' 0 -ne 0 ']'
+ LOG_INFO 'End to restore the test environment.'
+ message='End to restore the test environment.'
+ python3 /root/mugen/libs/locallibs/mugen_log.py --level info --message 'End to restore the test environment.'
Tue Aug  8 20:07:15 2023 - INFO  - End to restore the test environment.
