+ source /root/mugen/libs/locallibs/common_lib.sh
++ python3 --version
++ '[' 0 -eq 0 ']'
++ source /root/mugen/libs/locallibs/common_lib_python.sh
+ main
++ type -t post_test
+ '[' -n function ']'
+ trap post_test EXIT INT HUP TERM
+ rpm -qa
+ grep expect
++ type -t config_params
+ '[' -n '' ']'
++ type -t pre_test
+ '[' -n function ']'
+ pre_test
+ LOG_INFO 'Start to pre test.'
+ message='Start to pre test.'
+ python3 /root/mugen/libs/locallibs/mugen_log.py --level info --message 'Start to pre test.'
Tue Aug  8 20:55:39 2023 - INFO  - Start to pre test.
++ hostname
+ localhost=openeuler-riscv64
+ LOG_INFO 'Start to pre test.'
+ message='Start to pre test.'
+ python3 /root/mugen/libs/locallibs/mugen_log.py --level info --message 'Start to pre test.'
Tue Aug  8 20:55:41 2023 - INFO  - Start to pre test.
++ type -t run_test
+ '[' -n function ']'
+ run_test
+ LOG_INFO 'Start to run test.'
+ message='Start to run test.'
+ python3 /root/mugen/libs/locallibs/mugen_log.py --level info --message 'Start to run test.'
Tue Aug  8 20:55:44 2023 - INFO  - Start to run test.
+ hostnamectl status
hostnamectl: error while loading shared libraries: libsystemd-shared-253.so: cannot open shared object file: No such file or directory
+ CHECK_RESULT 127
+ actual_result=127
+ expect_result=0
+ mode=0
+ error_log=
+ exit_mode=0
+ '[' -z 127 ']'
+ '[' 0 -eq 0 ']'
+ test 127x '!=' 0x
+ test -n ''
+ (( exec_result++ ))
+ LOG_ERROR 'oe_test_hostnamectl.sh line 29'
+ message='oe_test_hostnamectl.sh line 29'
+ python3 /root/mugen/libs/locallibs/mugen_log.py --level error --message 'oe_test_hostnamectl.sh line 29'
Tue Aug  8 20:55:46 2023 - ERROR - oe_test_hostnamectl.sh line 29
+ '[' 0 -eq 1 ']'
+ return 0
+ hostnamectl set-hostname my_host
hostnamectl: error while loading shared libraries: libsystemd-shared-253.so: cannot open shared object file: No such file or directory
+ hostnamectl
+ grep my_host
+ grep hostname
hostnamectl: error while loading shared libraries: libsystemd-shared-253.so: cannot open shared object file: No such file or directory
+ CHECK_RESULT 1
+ actual_result=1
+ expect_result=0
+ mode=0
+ error_log=
+ exit_mode=0
+ '[' -z 1 ']'
+ '[' 0 -eq 0 ']'
+ test 1x '!=' 0x
+ test -n ''
+ (( exec_result++ ))
+ LOG_ERROR 'oe_test_hostnamectl.sh line 32'
+ message='oe_test_hostnamectl.sh line 32'
+ python3 /root/mugen/libs/locallibs/mugen_log.py --level error --message 'oe_test_hostnamectl.sh line 32'
Tue Aug  8 20:55:48 2023 - ERROR - oe_test_hostnamectl.sh line 32
+ '[' 0 -eq 1 ']'
+ return 0
+ hostnamectl set-hostname 'Tester'\''s notebook' --pretty
hostnamectl: error while loading shared libraries: libsystemd-shared-253.so: cannot open shared object file: No such file or directory
+ hostnamectl status
+ grep 'Pretty hostname'
+ grep 'Tester'\''s notebook'
hostnamectl: error while loading shared libraries: libsystemd-shared-253.so: cannot open shared object file: No such file or directory
+ CHECK_RESULT 1
+ actual_result=1
+ expect_result=0
+ mode=0
+ error_log=
+ exit_mode=0
+ '[' -z 1 ']'
+ '[' 0 -eq 0 ']'
+ test 1x '!=' 0x
+ test -n ''
+ (( exec_result++ ))
+ LOG_ERROR 'oe_test_hostnamectl.sh line 35'
+ message='oe_test_hostnamectl.sh line 35'
+ python3 /root/mugen/libs/locallibs/mugen_log.py --level error --message 'oe_test_hostnamectl.sh line 35'
Tue Aug  8 20:55:50 2023 - ERROR - oe_test_hostnamectl.sh line 35
+ '[' 0 -eq 1 ']'
+ return 0
+ hostnamectl set-hostname '' --pretty
hostnamectl: error while loading shared libraries: libsystemd-shared-253.so: cannot open shared object file: No such file or directory
+ hostnamectl status
+ grep 'Pretty hostname'
hostnamectl: error while loading shared libraries: libsystemd-shared-253.so: cannot open shared object file: No such file or directory
+ CHECK_RESULT 1 1
+ actual_result=1
+ expect_result=1
+ mode=0
+ error_log=
+ exit_mode=0
+ '[' -z 1 ']'
+ '[' 0 -eq 0 ']'
+ test 1x '!=' 1x
+ return 0
+ expect
spawn hostnamectl set-hostname -H root@10.0.0.6 new_host
hostnamectl: error while loading shared libraries: libsystemd-shared-253.so: cannot open shared object file: No such file or directory
expect: spawn id exp3 not open
    while executing
"expect eof"
+ grep -iE 'fail|errot' testlog
+ CHECK_RESULT 1 1
+ actual_result=1
+ expect_result=1
+ mode=0
+ error_log=
+ exit_mode=0
+ '[' -z 1 ']'
+ '[' 0 -eq 0 ']'
+ test 1x '!=' 1x
+ return 0
+ expect
spawn hostnamectl status -H root@10.0.0.6
hostnamectl: error while loading shared libraries: libsystemd-shared-253.so: cannot open shared object file: No such file or directory
expect: spawn id exp3 not open
    while executing
"expect eof"
+ grep new_host testlog1
+ CHECK_RESULT 1
+ actual_result=1
+ expect_result=0
+ mode=0
+ error_log=
+ exit_mode=0
+ '[' -z 1 ']'
+ '[' 0 -eq 0 ']'
+ test 1x '!=' 0x
+ test -n ''
+ (( exec_result++ ))
+ LOG_ERROR 'oe_test_hostnamectl.sh line 76'
+ message='oe_test_hostnamectl.sh line 76'
+ python3 /root/mugen/libs/locallibs/mugen_log.py --level error --message 'oe_test_hostnamectl.sh line 76'
Tue Aug  8 20:55:54 2023 - ERROR - oe_test_hostnamectl.sh line 76
+ '[' 0 -eq 1 ']'
+ return 0
+ LOG_INFO 'End to run test.'
+ message='End to run test.'
+ python3 /root/mugen/libs/locallibs/mugen_log.py --level info --message 'End to run test.'
Tue Aug  8 20:55:56 2023 - INFO  - End to run test.
+ CASE_RESULT 0
+ case_re=0
+ test -z 4
+ test 4 -gt 0
+ LOG_ERROR 'failed to execute the case.'
+ message='failed to execute the case.'
+ python3 /root/mugen/libs/locallibs/mugen_log.py --level error --message 'failed to execute the case.'
Tue Aug  8 20:55:59 2023 - ERROR - failed to execute the case.
+ exit 4
+ post_test
+ LOG_INFO 'Start to restore the test environment.'
+ message='Start to restore the test environment.'
+ python3 /root/mugen/libs/locallibs/mugen_log.py --level info --message 'Start to restore the test environment.'
Tue Aug  8 20:56:01 2023 - INFO  - Start to restore the test environment.
+ hostnamectl set-hostname openeuler-riscv64
hostnamectl: error while loading shared libraries: libsystemd-shared-253.so: cannot open shared object file: No such file or directory
+ expect
spawn hostnamectl set-hostname -H root@10.0.0.6 openeuler-riscv64
hostnamectl: error while loading shared libraries: libsystemd-shared-253.so: cannot open shared object file: No such file or directory
expect: spawn id exp3 not open
    while executing
"expect eof"
+ rm -rf testlog testlog1
+ LOG_INFO 'End to restore the test environment.'
+ message='End to restore the test environment.'
+ python3 /root/mugen/libs/locallibs/mugen_log.py --level info --message 'End to restore the test environment.'
Tue Aug  8 20:56:05 2023 - INFO  - End to restore the test environment.
