+ source /root/mugen/libs/locallibs/common_lib.sh
++ python3 --version
++ '[' 0 -eq 0 ']'
++ source /root/mugen/libs/locallibs/common_lib_python.sh
+ main
++ type -t post_test
+ '[' -n function ']'
+ trap post_test EXIT INT HUP TERM
+ rpm -qa
+ grep expect
++ type -t config_params
+ '[' -n '' ']'
++ type -t pre_test
+ '[' -n function ']'
+ pre_test
+ LOG_INFO 'Start to prepare the test environment.'
+ message='Start to prepare the test environment.'
+ python3 /root/mugen/libs/locallibs/mugen_log.py --level info --message 'Start to prepare the test environment.'
Sun Jun 25 17:20:35 2023 - INFO  - Start to prepare the test environment.
+ DNF_INSTALL etmem
+ pkgs=etmem
+ node=1
+ '[' -z '' ']'
+ tmpfile=
++ python3 /root/mugen/libs/locallibs/rpm_manage.py install --pkgs etmem --node 1 --tempfile ''
+ tmpfile2=/tmp/tmppa5e06t6
+ '[' -z '' ']'
+ tmpfile=/tmp/tmppa5e06t6
+ LOG_INFO 'End to prepare the test environment.'
+ message='End to prepare the test environment.'
+ python3 /root/mugen/libs/locallibs/mugen_log.py --level info --message 'End to prepare the test environment.'
Sun Jun 25 17:21:27 2023 - INFO  - End to prepare the test environment.
++ type -t run_test
+ '[' -n function ']'
+ run_test
+ LOG_INFO 'Start to run test.'
+ message='Start to run test.'
+ python3 /root/mugen/libs/locallibs/mugen_log.py --level info --message 'Start to run test.'
Sun Jun 25 17:21:28 2023 - INFO  - Start to run test.
+ etmem obj add -f /root/mugen/testcases/cli-test/etmemd/example_etmemd.yaml -s etmemd_socket
+ nohup etmemd -s etmemd_socket -l 0

Usage:
    etmem OBJECT COMMAND
    etmem help

Parameters:
    OBJECT  := { project | migrate }
    COMMAND := { add | del | start | stop | show | help }
+ CHECK_RESULT 234 0 0 'Failed to add project'
+ actual_result=234
+ expect_result=0
+ mode=0
+ error_log='Failed to add project'
+ exit_mode=0
+ '[' -z 234 ']'
+ '[' 0 -eq 0 ']'
+ test 234x '!=' 0x
+ test -n 'Failed to add project'
+ LOG_ERROR 'Failed to add project'
+ message='Failed to add project'
+ python3 /root/mugen/libs/locallibs/mugen_log.py --level error --message 'Failed to add project'
Sun Jun 25 17:21:29 2023 - ERROR - Failed to add project
+ (( exec_result++ ))
+ LOG_ERROR 'oe_test_etmemd_001.sh line 32'
+ message='oe_test_etmemd_001.sh line 32'
+ python3 /root/mugen/libs/locallibs/mugen_log.py --level error --message 'oe_test_etmemd_001.sh line 32'
Sun Jun 25 17:21:30 2023 - ERROR - oe_test_etmemd_001.sh line 32
+ '[' 0 -eq 1 ']'
+ return 0
+ etmem project show -s etmemd_socket
+ grep 'project\: test'
--------------------------------------------------------------------------------------------------------------------------------
project: no project exits

--------------------------------------------------------------------------------------------------------------------------------
grep: warning: stray \ before :
+ CHECK_RESULT 1 0 0 'Project query failure'
+ actual_result=1
+ expect_result=0
+ mode=0
+ error_log='Project query failure'
+ exit_mode=0
+ '[' -z 1 ']'
+ '[' 0 -eq 0 ']'
+ test 1x '!=' 0x
+ test -n 'Project query failure'
+ LOG_ERROR 'Project query failure'
+ message='Project query failure'
+ python3 /root/mugen/libs/locallibs/mugen_log.py --level error --message 'Project query failure'
Sun Jun 25 17:21:31 2023 - ERROR - Project query failure
+ (( exec_result++ ))
+ LOG_ERROR 'oe_test_etmemd_001.sh line 34'
+ message='oe_test_etmemd_001.sh line 34'
+ python3 /root/mugen/libs/locallibs/mugen_log.py --level error --message 'oe_test_etmemd_001.sh line 34'
Sun Jun 25 17:21:32 2023 - ERROR - oe_test_etmemd_001.sh line 34
+ '[' 0 -eq 1 ']'
+ return 0
+ etmem project start -n test -s etmemd_socket

Usage:
    etmem project add [options]
    etmem project del [options]
    etmem project show [options]
    etmem project help

Options:
    -f|--file <conf_file>     Add configuration file
    -n|--name <proj_name>     Add project name
    -s|--socket <socket_name> Socket name to connect

Notes:
    1. Project name and socket name must be given when execute add or del option.
    2. Configuration file must be given when execute add option.
    3. Socket name must be given when execute show option.
invalid command 2 of project
etmem: error -22
+ etmem project show -s etmemd_socket
+ grep true
--------------------------------------------------------------------------------------------------------------------------------
project: no project exits

--------------------------------------------------------------------------------------------------------------------------------
+ CHECK_RESULT 1 0 0 'Task start failure'
+ actual_result=1
+ expect_result=0
+ mode=0
+ error_log='Task start failure'
+ exit_mode=0
+ '[' -z 1 ']'
+ '[' 0 -eq 0 ']'
+ test 1x '!=' 0x
+ test -n 'Task start failure'
+ LOG_ERROR 'Task start failure'
+ message='Task start failure'
+ python3 /root/mugen/libs/locallibs/mugen_log.py --level error --message 'Task start failure'
Sun Jun 25 17:21:33 2023 - ERROR - Task start failure
+ (( exec_result++ ))
+ LOG_ERROR 'oe_test_etmemd_001.sh line 37'
+ message='oe_test_etmemd_001.sh line 37'
+ python3 /root/mugen/libs/locallibs/mugen_log.py --level error --message 'oe_test_etmemd_001.sh line 37'
Sun Jun 25 17:21:33 2023 - ERROR - oe_test_etmemd_001.sh line 37
+ '[' 0 -eq 1 ']'
+ return 0
+ etmem project stop -n test -s etmemd_socket

Usage:
    etmem project add [options]
    etmem project del [options]
    etmem project show [options]
    etmem project help

Options:
    -f|--file <conf_file>     Add configuration file
    -n|--name <proj_name>     Add project name
    -s|--socket <socket_name> Socket name to connect

Notes:
    1. Project name and socket name must be given when execute add or del option.
    2. Configuration file must be given when execute add option.
    3. Socket name must be given when execute show option.
invalid command 3 of project
etmem: error -22
+ etmem project show -s etmemd_socket
+ grep false
--------------------------------------------------------------------------------------------------------------------------------
project: no project exits

--------------------------------------------------------------------------------------------------------------------------------
+ CHECK_RESULT 1 0 0 'Task stop failure'
+ actual_result=1
+ expect_result=0
+ mode=0
+ error_log='Task stop failure'
+ exit_mode=0
+ '[' -z 1 ']'
+ '[' 0 -eq 0 ']'
+ test 1x '!=' 0x
+ test -n 'Task stop failure'
+ LOG_ERROR 'Task stop failure'
+ message='Task stop failure'
+ python3 /root/mugen/libs/locallibs/mugen_log.py --level error --message 'Task stop failure'
Sun Jun 25 17:21:34 2023 - ERROR - Task stop failure
+ (( exec_result++ ))
+ LOG_ERROR 'oe_test_etmemd_001.sh line 40'
+ message='oe_test_etmemd_001.sh line 40'
+ python3 /root/mugen/libs/locallibs/mugen_log.py --level error --message 'oe_test_etmemd_001.sh line 40'
Sun Jun 25 17:21:35 2023 - ERROR - oe_test_etmemd_001.sh line 40
+ '[' 0 -eq 1 ']'
+ return 0
+ etmem obj del -f /root/mugen/testcases/cli-test/etmemd/example_etmemd.yaml -s etmemd_socket

Usage:
    etmem OBJECT COMMAND
    etmem help

Parameters:
    OBJECT  := { project | migrate }
    COMMAND := { add | del | start | stop | show | help }
+ CHECK_RESULT 234 0 0 'Failed to del project'
+ actual_result=234
+ expect_result=0
+ mode=0
+ error_log='Failed to del project'
+ exit_mode=0
+ '[' -z 234 ']'
+ '[' 0 -eq 0 ']'
+ test 234x '!=' 0x
+ test -n 'Failed to del project'
+ LOG_ERROR 'Failed to del project'
+ message='Failed to del project'
+ python3 /root/mugen/libs/locallibs/mugen_log.py --level error --message 'Failed to del project'
Sun Jun 25 17:21:36 2023 - ERROR - Failed to del project
+ (( exec_result++ ))
+ LOG_ERROR 'oe_test_etmemd_001.sh line 42'
+ message='oe_test_etmemd_001.sh line 42'
+ python3 /root/mugen/libs/locallibs/mugen_log.py --level error --message 'oe_test_etmemd_001.sh line 42'
Sun Jun 25 17:21:37 2023 - ERROR - oe_test_etmemd_001.sh line 42
+ '[' 0 -eq 1 ']'
+ return 0
+ LOG_INFO 'End to run test.'
+ message='End to run test.'
+ python3 /root/mugen/libs/locallibs/mugen_log.py --level info --message 'End to run test.'
Sun Jun 25 17:21:38 2023 - INFO  - End to run test.
+ CASE_RESULT 0
+ case_re=0
+ test -z 5
+ test 5 -gt 0
+ LOG_ERROR 'failed to execute the case.'
+ message='failed to execute the case.'
+ python3 /root/mugen/libs/locallibs/mugen_log.py --level error --message 'failed to execute the case.'
Sun Jun 25 17:21:38 2023 - ERROR - failed to execute the case.
+ exit 5
+ post_test
+ LOG_INFO 'Start to restore the test environment.'
+ message='Start to restore the test environment.'
+ python3 /root/mugen/libs/locallibs/mugen_log.py --level info --message 'Start to restore the test environment.'
Sun Jun 25 17:21:39 2023 - INFO  - Start to restore the test environment.
+ DNF_REMOVE
+ node=1
+ pkg_list=
+ mode=0
+ [[ -z /tmp/tmppa5e06t6 ]]
+ '[' 0 -ne 0 ']'
+ '[' 1 == 0 ']'
+ python3 /root/mugen/libs/locallibs/rpm_manage.py remove --node 1 --pkgs '' --tempfile /tmp/tmppa5e06t6
+ '[' 0 -ne 0 ']'
+ LOG_INFO 'End to restore the test environment.'
+ message='End to restore the test environment.'
+ python3 /root/mugen/libs/locallibs/mugen_log.py --level info --message 'End to restore the test environment.'
Sun Jun 25 17:21:53 2023 - INFO  - End to restore the test environment.
