+ source ../common/disk_lib.sh
++ source /root/mugen/libs/locallibs/common_lib.sh
+++ python3 --version
+++ '[' 0 -eq 0 ']'
+++ source /root/mugen/libs/locallibs/common_lib_python.sh
+ main
++ type -t post_test
+ '[' -n function ']'
+ trap post_test EXIT INT HUP TERM
+ rpm -qa
+ grep expect
++ type -t config_params
+ '[' -n function ']'
+ config_params
+ LOG_INFO 'Start to config the test environment.'
+ message='Start to config the test environment.'
+ python3 /root/mugen/libs/locallibs/mugen_log.py --level info --message 'Start to config the test environment.'
Tue Aug  8 19:51:53 2023 - INFO  - Start to config the test environment.
+ check_free_disk
++ TEST_DISK
++ id=1
++ python3 /root/mugen/libs/locallibs/get_test_device.py --device disk --node 1
Tue Aug  8 19:52:04 2023 - ERROR - Failed to connect the remote machine:10.0.0.1.
Tue Aug  8 19:52:04 2023 - ERROR - Authentication failed.
+ disks=
+ disk_list=($disks)
+ local_disk=
+ local_disk1=
+ local_disk2=
+ local_disk3=
+ LOG_INFO 'Start to config the test environment.'
+ message='Start to config the test environment.'
+ python3 /root/mugen/libs/locallibs/mugen_log.py --level info --message 'Start to config the test environment.'
Tue Aug  8 19:52:06 2023 - INFO  - Start to config the test environment.
++ type -t pre_test
+ '[' -n function ']'
+ pre_test
+ LOG_INFO 'Start to prepare the test environment.'
+ message='Start to prepare the test environment.'
+ python3 /root/mugen/libs/locallibs/mugen_log.py --level info --message 'Start to prepare the test environment.'
Tue Aug  8 19:52:07 2023 - INFO  - Start to prepare the test environment.
+ DNF_INSTALL 'tuned dmidecode'
+ pkgs='tuned dmidecode'
+ node=1
+ '[' -z '' ']'
+ tmpfile=
++ python3 /root/mugen/libs/locallibs/rpm_manage.py install --pkgs 'tuned dmidecode' --node 1 --tempfile ''
+ tmpfile2='Last metadata expiration check: 1:07:14 ago on Tue Aug  8 18:45:54 2023.
No match for argument: dmidecode
Error: Unable to find a match: dmidecode'
+ '[' -z '' ']'
+ tmpfile='Last metadata expiration check: 1:07:14 ago on Tue Aug  8 18:45:54 2023.
No match for argument: dmidecode
Error: Unable to find a match: dmidecode'
+ [[ physicalx == \k\v\mx ]]
+ systemctl enable --now tuned
systemctl: error while loading shared libraries: libsystemd-shared-253.so: cannot open shared object file: No such file or directory
+ mkdir /etc/tuned/my-profile_new
mkdir: cannot create directory ‘/etc/tuned/my-profile_new’: No such file or directory
+ echo '[main]
summary=General non-specialized tuned profile
[cpu]
governor=conservative
energy_perf_bias=normal
[audio]
timeout=10
[video]
radeon_powersave=dpm-balanced, auto'
oe_test_disk_tuned_set.sh: line 43: /etc/tuned/my-profile_new/tuned.conf: No such file or directory
++ tuned-adm active
++ awk '{print $4}'
oe_test_disk_tuned_set.sh: line 44: tuned-adm: command not found
+ old_profile=
+ mkdir /etc/tuned/my-profile
mkdir: cannot create directory ‘/etc/tuned/my-profile’: No such file or directory
++ udevadm info --query=property --name=/dev/
++ grep WWN=
udevadm: error while loading shared libraries: libsystemd-shared-253.so: cannot open shared object file: No such file or directory
+ ID_WWN=
+ echo '[main]
include=my-profile_new
[disk]
devices_udev_regex=
elevator=mq-deadline'
oe_test_disk_tuned_set.sh: line 51: /etc/tuned/my-profile/tuned.conf: No such file or directory
+ LOG_INFO 'End to prepare the test environment.'
+ message='End to prepare the test environment.'
+ python3 /root/mugen/libs/locallibs/mugen_log.py --level info --message 'End to prepare the test environment.'
Tue Aug  8 19:53:13 2023 - INFO  - End to prepare the test environment.
++ type -t run_test
+ '[' -n function ']'
+ run_test
+ LOG_INFO 'Start to run test.'
+ message='Start to run test.'
+ python3 /root/mugen/libs/locallibs/mugen_log.py --level info --message 'Start to run test.'
Tue Aug  8 19:53:16 2023 - INFO  - Start to run test.
+ tuned-adm profile my-profile
oe_test_disk_tuned_set.sh: line 57: tuned-adm: command not found
+ CHECK_RESULT 127
+ actual_result=127
+ expect_result=0
+ mode=0
+ error_log=
+ exit_mode=0
+ '[' -z 127 ']'
+ '[' 0 -eq 0 ']'
+ test 127x '!=' 0x
+ test -n ''
+ (( exec_result++ ))
+ LOG_ERROR 'oe_test_disk_tuned_set.sh line 58'
+ message='oe_test_disk_tuned_set.sh line 58'
+ python3 /root/mugen/libs/locallibs/mugen_log.py --level error --message 'oe_test_disk_tuned_set.sh line 58'
Tue Aug  8 19:53:18 2023 - ERROR - oe_test_disk_tuned_set.sh line 58
+ '[' 0 -eq 1 ']'
+ return 0
+ tuned-adm active
oe_test_disk_tuned_set.sh: line 59: tuned-adm: command not found
+ grep my-profile
+ CHECK_RESULT 1
+ actual_result=1
+ expect_result=0
+ mode=0
+ error_log=
+ exit_mode=0
+ '[' -z 1 ']'
+ '[' 0 -eq 0 ']'
+ test 1x '!=' 0x
+ test -n ''
+ (( exec_result++ ))
+ LOG_ERROR 'oe_test_disk_tuned_set.sh line 60'
+ message='oe_test_disk_tuned_set.sh line 60'
+ python3 /root/mugen/libs/locallibs/mugen_log.py --level error --message 'oe_test_disk_tuned_set.sh line 60'
Tue Aug  8 19:53:20 2023 - ERROR - oe_test_disk_tuned_set.sh line 60
+ '[' 0 -eq 1 ']'
+ return 0
+ tuned-adm verify
+ grep succeeded
oe_test_disk_tuned_set.sh: line 61: tuned-adm: command not found
+ CHECK_RESULT 1
+ actual_result=1
+ expect_result=0
+ mode=0
+ error_log=
+ exit_mode=0
+ '[' -z 1 ']'
+ '[' 0 -eq 0 ']'
+ test 1x '!=' 0x
+ test -n ''
+ (( exec_result++ ))
+ LOG_ERROR 'oe_test_disk_tuned_set.sh line 62'
+ message='oe_test_disk_tuned_set.sh line 62'
+ python3 /root/mugen/libs/locallibs/mugen_log.py --level error --message 'oe_test_disk_tuned_set.sh line 62'
Tue Aug  8 19:53:22 2023 - ERROR - oe_test_disk_tuned_set.sh line 62
+ '[' 0 -eq 1 ']'
+ return 0
+ awk -F '[' '{print$2}' /sys/block//queue/scheduler
+ awk -F ']' '{print$1}'
+ grep mq-deadline
awk: fatal: cannot open file `/sys/block//queue/scheduler' for reading: No such file or directory
+ CHECK_RESULT 1
+ actual_result=1
+ expect_result=0
+ mode=0
+ error_log=
+ exit_mode=0
+ '[' -z 1 ']'
+ '[' 0 -eq 0 ']'
+ test 1x '!=' 0x
+ test -n ''
+ (( exec_result++ ))
+ LOG_ERROR 'oe_test_disk_tuned_set.sh line 64'
+ message='oe_test_disk_tuned_set.sh line 64'
+ python3 /root/mugen/libs/locallibs/mugen_log.py --level error --message 'oe_test_disk_tuned_set.sh line 64'
Tue Aug  8 19:53:24 2023 - ERROR - oe_test_disk_tuned_set.sh line 64
+ '[' 0 -eq 1 ']'
+ return 0
+ tuned-adm profile ''
oe_test_disk_tuned_set.sh: line 65: tuned-adm: command not found
+ CHECK_RESULT 127
+ actual_result=127
+ expect_result=0
+ mode=0
+ error_log=
+ exit_mode=0
+ '[' -z 127 ']'
+ '[' 0 -eq 0 ']'
+ test 127x '!=' 0x
+ test -n ''
+ (( exec_result++ ))
+ LOG_ERROR 'oe_test_disk_tuned_set.sh line 66'
+ message='oe_test_disk_tuned_set.sh line 66'
+ python3 /root/mugen/libs/locallibs/mugen_log.py --level error --message 'oe_test_disk_tuned_set.sh line 66'
Tue Aug  8 19:53:25 2023 - ERROR - oe_test_disk_tuned_set.sh line 66
+ '[' 0 -eq 1 ']'
+ return 0
+ LOG_INFO 'End to run test.'
+ message='End to run test.'
+ python3 /root/mugen/libs/locallibs/mugen_log.py --level info --message 'End to run test.'
Tue Aug  8 19:53:27 2023 - INFO  - End to run test.
+ CASE_RESULT 0
+ case_re=0
+ test -z 5
+ test 5 -gt 0
+ LOG_ERROR 'failed to execute the case.'
+ message='failed to execute the case.'
+ python3 /root/mugen/libs/locallibs/mugen_log.py --level error --message 'failed to execute the case.'
Tue Aug  8 19:53:28 2023 - ERROR - failed to execute the case.
+ exit 5
+ post_test
+ LOG_INFO 'Start to restore the test environment.'
+ message='Start to restore the test environment.'
+ python3 /root/mugen/libs/locallibs/mugen_log.py --level info --message 'Start to restore the test environment.'
Tue Aug  8 19:53:30 2023 - INFO  - Start to restore the test environment.
+ rm -rf /etc/tuned/my-profile /etc/tuned/my-profile_new
+ DNF_REMOVE
+ node=1
+ pkg_list=
+ mode=0
+ [[ -z Last metadata expiration check: 1:07:14 ago on Tue Aug  8 18:45:54 2023.
No match for argument: dmidecode
Error: Unable to find a match: dmidecode ]]
+ '[' 0 -ne 0 ']'
+ '[' 1 == 0 ']'
+ python3 /root/mugen/libs/locallibs/rpm_manage.py remove --node 1 --pkgs '' --tempfile 'Last metadata expiration check: 1:07:14 ago on Tue Aug  8 18:45:54 2023.
No match for argument: dmidecode
Error: Unable to find a match: dmidecode'
Traceback (most recent call last):
  File "/root/mugen/libs/locallibs/rpm_manage.py", line 192, in <module>
    exitcode = rpm_remove(args.node, args.pkgs, args.tempfile)
               ^^^^^^^^^^^^^^^^^^^^^^^^^^^^^^^^^^^^^^^^^^^^^^^
  File "/root/mugen/libs/locallibs/rpm_manage.py", line 163, in rpm_remove
    with open(tmpfile, "r") as f:
         ^^^^^^^^^^^^^^^^^^
FileNotFoundError: [Errno 2] No such file or directory: 'Last metadata expiration check: 1:07:14 ago on Tue Aug  8 18:45:54 2023.\nNo match for argument: dmidecode\nError: Unable to find a match: dmidecode'
+ '[' 0 -ne 0 ']'
+ LOG_INFO 'End to restore the test environment.'
+ message='End to restore the test environment.'
+ python3 /root/mugen/libs/locallibs/mugen_log.py --level info --message 'End to restore the test environment.'
Tue Aug  8 19:53:41 2023 - INFO  - End to restore the test environment.
