+ source ../common/disk_lib.sh
++ source /root/mugen/libs/locallibs/common_lib.sh
+++ python3 --version
+++ '[' 0 -eq 0 ']'
+++ source /root/mugen/libs/locallibs/common_lib_python.sh
+ main
++ type -t post_test
+ '[' -n function ']'
+ trap post_test EXIT INT HUP TERM
+ rpm -qa
+ grep expect
++ type -t config_params
+ '[' -n function ']'
+ config_params
+ LOG_INFO 'Start to config params of the case.'
+ message='Start to config params of the case.'
+ python3 /root/mugen/libs/locallibs/mugen_log.py --level info --message 'Start to config params of the case.'
Tue Aug  8 19:54:55 2023 - INFO  - Start to config params of the case.
+ check_free_disk
++ TEST_DISK
++ id=1
++ python3 /root/mugen/libs/locallibs/get_test_device.py --device disk --node 1
Tue Aug  8 19:55:03 2023 - ERROR - Failed to connect the remote machine:10.0.0.1.
Tue Aug  8 19:55:03 2023 - ERROR - Authentication failed.
+ disks=
+ disk_list=($disks)
+ local_disk=
+ local_disk1=
+ local_disk2=
+ local_disk3=
++ udevadm info --attribute-walk --name=/dev/
++ grep wwid
udevadm: error while loading shared libraries: libsystemd-shared-253.so: cannot open shared object file: No such file or directory
+ WWID=
+ cp /etc/udev/rules.d/99-scheduler.rules /etc/udev/rules.d/99-scheduler.rules.bak
cp: cannot stat '/etc/udev/rules.d/99-scheduler.rules': No such file or directory
+ echo 'ACTION =="add|change",SUBSYSTEM=="block",,ATTR{queue/scheduler}="mq-deadline"'
+ LOG_INFO 'End to config params of the case.'
+ message='End to config params of the case.'
+ python3 /root/mugen/libs/locallibs/mugen_log.py --level info --message 'End to config params of the case.'
Tue Aug  8 19:55:05 2023 - INFO  - End to config params of the case.
++ type -t pre_test
+ '[' -n '' ']'
++ type -t run_test
+ '[' -n function ']'
+ run_test
+ LOG_INFO 'Start to run test.'
+ message='Start to run test.'
+ python3 /root/mugen/libs/locallibs/mugen_log.py --level info --message 'Start to run test.'
Tue Aug  8 19:55:07 2023 - INFO  - Start to run test.
+ udevadm control --reload-rules
udevadm: error while loading shared libraries: libsystemd-shared-253.so: cannot open shared object file: No such file or directory
+ CHECK_RESULT 127
+ actual_result=127
+ expect_result=0
+ mode=0
+ error_log=
+ exit_mode=0
+ '[' -z 127 ']'
+ '[' 0 -eq 0 ']'
+ test 127x '!=' 0x
+ test -n ''
+ (( exec_result++ ))
+ LOG_ERROR 'oe_test_disk_schedule_udev.sh line 32'
+ message='oe_test_disk_schedule_udev.sh line 32'
+ python3 /root/mugen/libs/locallibs/mugen_log.py --level error --message 'oe_test_disk_schedule_udev.sh line 32'
Tue Aug  8 19:55:08 2023 - ERROR - oe_test_disk_schedule_udev.sh line 32
+ '[' 0 -eq 1 ']'
+ return 0
+ udevadm trigger --type=devices --action=change
udevadm: error while loading shared libraries: libsystemd-shared-253.so: cannot open shared object file: No such file or directory
+ CHECK_RESULT 127
+ actual_result=127
+ expect_result=0
+ mode=0
+ error_log=
+ exit_mode=0
+ '[' -z 127 ']'
+ '[' 0 -eq 0 ']'
+ test 127x '!=' 0x
+ test -n ''
+ (( exec_result++ ))
+ LOG_ERROR 'oe_test_disk_schedule_udev.sh line 34'
+ message='oe_test_disk_schedule_udev.sh line 34'
+ python3 /root/mugen/libs/locallibs/mugen_log.py --level error --message 'oe_test_disk_schedule_udev.sh line 34'
Tue Aug  8 19:55:10 2023 - ERROR - oe_test_disk_schedule_udev.sh line 34
+ '[' 0 -eq 1 ']'
+ return 0
+ awk -F '[' '{print$2}' /sys/block//queue/scheduler
+ awk -F ']' '{print$1}'
+ grep mq-deadline
awk: fatal: cannot open file `/sys/block//queue/scheduler' for reading: No such file or directory
+ CHECK_RESULT 1
+ actual_result=1
+ expect_result=0
+ mode=0
+ error_log=
+ exit_mode=0
+ '[' -z 1 ']'
+ '[' 0 -eq 0 ']'
+ test 1x '!=' 0x
+ test -n ''
+ (( exec_result++ ))
+ LOG_ERROR 'oe_test_disk_schedule_udev.sh line 36'
+ message='oe_test_disk_schedule_udev.sh line 36'
+ python3 /root/mugen/libs/locallibs/mugen_log.py --level error --message 'oe_test_disk_schedule_udev.sh line 36'
Tue Aug  8 19:55:13 2023 - ERROR - oe_test_disk_schedule_udev.sh line 36
+ '[' 0 -eq 1 ']'
+ return 0
+ LOG_INFO 'End to run test.'
+ message='End to run test.'
+ python3 /root/mugen/libs/locallibs/mugen_log.py --level info --message 'End to run test.'
Tue Aug  8 19:55:15 2023 - INFO  - End to run test.
+ CASE_RESULT 0
+ case_re=0
+ test -z 3
+ test 3 -gt 0
+ LOG_ERROR 'failed to execute the case.'
+ message='failed to execute the case.'
+ python3 /root/mugen/libs/locallibs/mugen_log.py --level error --message 'failed to execute the case.'
Tue Aug  8 19:55:17 2023 - ERROR - failed to execute the case.
+ exit 3
+ post_test
+ LOG_INFO 'Start to restore the test environment.'
+ message='Start to restore the test environment.'
+ python3 /root/mugen/libs/locallibs/mugen_log.py --level info --message 'Start to restore the test environment.'
Tue Aug  8 19:55:19 2023 - INFO  - Start to restore the test environment.
+ rm -rf /etc/udev/rules.d/99-scheduler.rules
+ mv /etc/udev/rules.d/99-scheduler.rules.bak /etc/udev/rules.d/99-scheduler.rules
mv: cannot stat '/etc/udev/rules.d/99-scheduler.rules.bak': No such file or directory
+ udevadm control --reload-rules
udevadm: error while loading shared libraries: libsystemd-shared-253.so: cannot open shared object file: No such file or directory
+ udevadm trigger --type=devices --action=change
udevadm: error while loading shared libraries: libsystemd-shared-253.so: cannot open shared object file: No such file or directory
+ LOG_INFO 'End to restore the test environment.'
+ message='End to restore the test environment.'
+ python3 /root/mugen/libs/locallibs/mugen_log.py --level info --message 'End to restore the test environment.'
Tue Aug  8 19:55:21 2023 - INFO  - End to restore the test environment.
