+ source /root/mugen/libs/locallibs/common_lib.sh
++ python3 --version
++ '[' 0 -eq 0 ']'
++ source /root/mugen/libs/locallibs/common_lib_python.sh
+ main
++ type -t post_test
+ '[' -n function ']'
+ trap post_test EXIT INT HUP TERM
+ rpm -qa
+ grep expect
++ type -t config_params
+ '[' -n '' ']'
++ type -t pre_test
+ '[' -n function ']'
+ pre_test
+ LOG_INFO 'Start to prepare the test environment.'
+ message='Start to prepare the test environment.'
+ python3 /root/mugen/libs/locallibs/mugen_log.py --level info --message 'Start to prepare the test environment.'
Mon Oct 16 11:41:25 2023 - INFO  - Start to prepare the test environment.
+ OLD_LANG=C.UTF-8
+ export LANG=en_US.UTF-8
+ LANG=en_US.UTF-8
+ DNF_INSTALL iputils
+ pkgs=iputils
+ node=1
+ '[' -z '' ']'
+ tmpfile=
++ python3 /root/mugen/libs/locallibs/rpm_manage.py install --pkgs iputils --node 1 --tempfile ''
Mon Oct 16 11:41:31 2023 - INFO  - pkgs:(iputils) is already installed
+ tmpfile2=
+ '[' -z '' ']'
+ tmpfile=
+ LOG_INFO 'End to prepare the test environment.'
+ message='End to prepare the test environment.'
+ python3 /root/mugen/libs/locallibs/mugen_log.py --level info --message 'End to prepare the test environment.'
Mon Oct 16 11:41:32 2023 - INFO  - End to prepare the test environment.
++ type -t run_test
+ '[' -n function ']'
+ run_test
+ LOG_INFO 'Start to run test.'
+ message='Start to run test.'
+ python3 /root/mugen/libs/locallibs/mugen_log.py --level info --message 'Start to run test.'
Traceback (most recent call last):
  File "/root/mugen/libs/locallibs/mugen_log.py", line 0, in <module>
KeyboardInterrupt
++ post_test
++ LOG_INFO 'start to restore the test environment.'
++ message='start to restore the test environment.'
++ python3 /root/mugen/libs/locallibs/mugen_log.py --level info --message 'start to restore the test environment.'
Fatal Python error: Mon Oct 16 11:41:32 2023 - ERROR - KeyboardInterrupt : 使用ctrl c结束了进程.
init_import_site: Failed to import the site module
Python runtime state: initialized
Traceback (most recent call last):
  File "<frozen importlib._bootstrap_external>", line 1437, in _path_importer_cache
KeyError: '/usr/lib64/python3.11/lib-dynload'

During handling of the above exception, another exception occurred:

Traceback (most recent call last):
  File "<frozen importlib._bootstrap>", line 1176, in _find_and_load
  File "<frozen importlib._bootstrap>", line 1147, in _find_and_load_unlocked
  File "<frozen importlib._bootstrap>", line 690, in _load_unlocked
  File "<frozen importlib._bootstrap>", line 980, in exec_module
  File "<frozen site>", line 623, in <module>
  File "<frozen site>", line 610, in main
  File "<frozen site>", line 391, in addsitepackages
  File "<frozen site>", line 226, in addsitedir
  File "<frozen site>", line 186, in addpackage
  File "<string>", line 1, in <module>
  File "<frozen importlib._bootstrap>", line 1176, in _find_and_load
  File "<frozen importlib._bootstrap>", line 1138, in _find_and_load_unlocked
  File "<frozen importlib._bootstrap>", line 1078, in _find_spec
  File "<frozen importlib._bootstrap_external>", line 1504, in find_spec
  File "<frozen importlib._bootstrap_external>", line 1473, in _get_spec
  File "<frozen importlib._bootstrap_external>", line 1439, in _path_importer_cache
  File "<frozen importlib._bootstrap_external>", line 1415, in _path_hooks
  File "<frozen zipimport>", line 64, in __init__
KeyboardInterrupt
+++ post_test
+++ LOG_INFO 'start to restore the test environment.'
+++ message='start to restore the test environment.'
+++ python3 /root/mugen/libs/locallibs/mugen_log.py --level info --message 'start to restore the test environment.'
Traceback (most recent call last):
  File "/root/mugen/libs/locallibs/mugen_log.py", line 21, in <module>
    import argparse
  File "<frozen importlib._bootstrap>", line 1176, in _find_and_load
  File "<frozen importlib._bootstrap>", line 1147, in _find_and_load_unlocked
  File "<frozen importlib._bootstrap>", line 690, in _load_unlocked
  File "<frozen importlib._bootstrap_external>", line 936, in exec_module
  File "<frozen importlib._bootstrap_external>", line 1069, in get_code
  File "<frozen importlib._bootstrap_external>", line 729, in _compile_bytecode
KeyboardInterrupt
++++ post_test
++++ LOG_INFO 'start to restore the test environment.'
++++ message='start to restore the test environment.'
++++ python3 /root/mugen/libs/locallibs/mugen_log.py --level info --message 'start to restore the test environment.'
Mon Oct 16 11:41:33 2023 - INFO  - start to restore the test environment.
++++ DNF_REMOVE
++++ node=1
++++ pkg_list=
++++ mode=0
++++ [[ -z '' ]]
++++ [[ -z '' ]]
++++ LOG_WARN 'no thing to do.'
++++ message='no thing to do.'
++++ python3 /root/mugen/libs/locallibs/mugen_log.py --level warn --message 'no thing to do.'
Mon Oct 16 11:41:33 2023 - WARN  - no thing to do.
++++ return 0
++++ export LANG=C.UTF-8
++++ LANG=C.UTF-8
++++ LOG_INFO 'End to restore the test environment.'
++++ message='End to restore the test environment.'
++++ python3 /root/mugen/libs/locallibs/mugen_log.py --level info --message 'End to restore the test environment.'
Mon Oct 16 11:41:33 2023 - INFO  - End to restore the test environment.
+++ DNF_REMOVE
+++ node=1
+++ pkg_list=
+++ mode=0
+++ [[ -z '' ]]
+++ [[ -z '' ]]
+++ LOG_WARN 'no thing to do.'
+++ message='no thing to do.'
+++ python3 /root/mugen/libs/locallibs/mugen_log.py --level warn --message 'no thing to do.'
Mon Oct 16 11:41:34 2023 - WARN  - no thing to do.
+++ return 0
+++ export LANG=C.UTF-8
+++ LANG=C.UTF-8
+++ LOG_INFO 'End to restore the test environment.'
+++ message='End to restore the test environment.'
+++ python3 /root/mugen/libs/locallibs/mugen_log.py --level info --message 'End to restore the test environment.'
Mon Oct 16 11:41:34 2023 - INFO  - End to restore the test environment.
++ DNF_REMOVE
++ node=1
++ pkg_list=
++ mode=0
++ [[ -z '' ]]
++ [[ -z '' ]]
++ LOG_WARN 'no thing to do.'
++ message='no thing to do.'
++ python3 /root/mugen/libs/locallibs/mugen_log.py --level warn --message 'no thing to do.'
Mon Oct 16 11:41:35 2023 - WARN  - no thing to do.
++ return 0
++ export LANG=C.UTF-8
++ LANG=C.UTF-8
++ LOG_INFO 'End to restore the test environment.'
++ message='End to restore the test environment.'
++ python3 /root/mugen/libs/locallibs/mugen_log.py --level info --message 'End to restore the test environment.'
Mon Oct 16 11:41:35 2023 - INFO  - End to restore the test environment.
+ grep '3 received'
+ ping6 -I 10.0.0.2 fe80::71c4:b4e8:c0d4:bfed -c 3
+ CHECK_RESULT 1 0 0 'ping6 -I execute failed'
+ actual_result=1
+ expect_result=0
+ mode=0
+ error_log='ping6 -I execute failed'
+ exit_mode=0
+ '[' -z 1 ']'
+ '[' 0 -eq 0 ']'
+ test 1x '!=' 0x
+ test -n 'ping6 -I execute failed'
+ LOG_ERROR 'ping6 -I execute failed'
+ message='ping6 -I execute failed'
+ python3 /root/mugen/libs/locallibs/mugen_log.py --level error --message 'ping6 -I execute failed'
Mon Oct 16 11:41:39 2023 - ERROR - ping6 -I execute failed
+ (( exec_result++ ))
+ LOG_ERROR 'oe_test_iputils_ping6_02.sh line 33'
+ message='oe_test_iputils_ping6_02.sh line 33'
+ python3 /root/mugen/libs/locallibs/mugen_log.py --level error --message 'oe_test_iputils_ping6_02.sh line 33'
Mon Oct 16 11:41:39 2023 - ERROR - oe_test_iputils_ping6_02.sh line 33
+ '[' 0 -eq 1 ']'
+ return 0
+ ping6 -i 2 fe80::71c4:b4e8:c0d4:bfed -c 3
+ grep '3 received'
+ CHECK_RESULT 1 0 0 'ping6 -i execute failed'
+ actual_result=1
+ expect_result=0
+ mode=0
+ error_log='ping6 -i execute failed'
+ exit_mode=0
+ '[' -z 1 ']'
+ '[' 0 -eq 0 ']'
+ test 1x '!=' 0x
+ test -n 'ping6 -i execute failed'
+ LOG_ERROR 'ping6 -i execute failed'
+ message='ping6 -i execute failed'
+ python3 /root/mugen/libs/locallibs/mugen_log.py --level error --message 'ping6 -i execute failed'
Mon Oct 16 11:41:47 2023 - ERROR - ping6 -i execute failed
+ (( exec_result++ ))
+ LOG_ERROR 'oe_test_iputils_ping6_02.sh line 35'
+ message='oe_test_iputils_ping6_02.sh line 35'
+ python3 /root/mugen/libs/locallibs/mugen_log.py --level error --message 'oe_test_iputils_ping6_02.sh line 35'
Mon Oct 16 11:41:47 2023 - ERROR - oe_test_iputils_ping6_02.sh line 35
+ '[' 0 -eq 1 ']'
+ return 0
+ ping6 -L fe80::71c4:b4e8:c0d4:bfed -c 3
+ grep '3 received'
+ CHECK_RESULT 1 0 0 'ping6 -L execute failed'
+ actual_result=1
+ expect_result=0
+ mode=0
+ error_log='ping6 -L execute failed'
+ exit_mode=0
+ '[' -z 1 ']'
+ '[' 0 -eq 0 ']'
+ test 1x '!=' 0x
+ test -n 'ping6 -L execute failed'
+ LOG_ERROR 'ping6 -L execute failed'
+ message='ping6 -L execute failed'
+ python3 /root/mugen/libs/locallibs/mugen_log.py --level error --message 'ping6 -L execute failed'
Mon Oct 16 11:41:50 2023 - ERROR - ping6 -L execute failed
+ (( exec_result++ ))
+ LOG_ERROR 'oe_test_iputils_ping6_02.sh line 37'
+ message='oe_test_iputils_ping6_02.sh line 37'
+ python3 /root/mugen/libs/locallibs/mugen_log.py --level error --message 'oe_test_iputils_ping6_02.sh line 37'
Mon Oct 16 11:41:51 2023 - ERROR - oe_test_iputils_ping6_02.sh line 37
+ '[' 0 -eq 1 ']'
+ return 0
+ grep received
+ ping6 -l 2 fe80::71c4:b4e8:c0d4:bfed -c 3
3 packets transmitted, 0 received, +3 errors, 100% packet loss, time 1004ms
+ CHECK_RESULT 0 0 0 'ping6 -l execute failed'
+ actual_result=0
+ expect_result=0
+ mode=0
+ error_log='ping6 -l execute failed'
+ exit_mode=0
+ '[' -z 0 ']'
+ '[' 0 -eq 0 ']'
+ test 0x '!=' 0x
+ return 0
+ ping6 -m 2 fe80::71c4:b4e8:c0d4:bfed -c 3
+ grep '3 received'
+ CHECK_RESULT 1 0 0 'ping6 -m execute failed'
+ actual_result=1
+ expect_result=0
+ mode=0
+ error_log='ping6 -m execute failed'
+ exit_mode=0
+ '[' -z 1 ']'
+ '[' 0 -eq 0 ']'
+ test 1x '!=' 0x
+ test -n 'ping6 -m execute failed'
+ LOG_ERROR 'ping6 -m execute failed'
+ message='ping6 -m execute failed'
+ python3 /root/mugen/libs/locallibs/mugen_log.py --level error --message 'ping6 -m execute failed'
Mon Oct 16 11:41:58 2023 - ERROR - ping6 -m execute failed
+ (( exec_result++ ))
+ LOG_ERROR 'oe_test_iputils_ping6_02.sh line 41'
+ message='oe_test_iputils_ping6_02.sh line 41'
+ python3 /root/mugen/libs/locallibs/mugen_log.py --level error --message 'oe_test_iputils_ping6_02.sh line 41'
Mon Oct 16 11:41:58 2023 - ERROR - oe_test_iputils_ping6_02.sh line 41
+ '[' 0 -eq 1 ']'
+ return 0
+ ping6 -M dont fe80::71c4:b4e8:c0d4:bfed -c 3
+ grep '3 received'
+ CHECK_RESULT 1 0 0 'ping6 -M execute failed'
+ actual_result=1
+ expect_result=0
+ mode=0
+ error_log='ping6 -M execute failed'
+ exit_mode=0
+ '[' -z 1 ']'
+ '[' 0 -eq 0 ']'
+ test 1x '!=' 0x
+ test -n 'ping6 -M execute failed'
+ LOG_ERROR 'ping6 -M execute failed'
+ message='ping6 -M execute failed'
+ python3 /root/mugen/libs/locallibs/mugen_log.py --level error --message 'ping6 -M execute failed'
Mon Oct 16 11:42:02 2023 - ERROR - ping6 -M execute failed
+ (( exec_result++ ))
+ LOG_ERROR 'oe_test_iputils_ping6_02.sh line 43'
+ message='oe_test_iputils_ping6_02.sh line 43'
+ python3 /root/mugen/libs/locallibs/mugen_log.py --level error --message 'oe_test_iputils_ping6_02.sh line 43'
Mon Oct 16 11:42:02 2023 - ERROR - oe_test_iputils_ping6_02.sh line 43
+ '[' 0 -eq 1 ']'
+ return 0
+ ping6 -n fe80::71c4:b4e8:c0d4:bfed -c 3
+ grep '3 received'
+ CHECK_RESULT 1 0 0 'ping6 -n execute failed'
+ actual_result=1
+ expect_result=0
+ mode=0
+ error_log='ping6 -n execute failed'
+ exit_mode=0
+ '[' -z 1 ']'
+ '[' 0 -eq 0 ']'
+ test 1x '!=' 0x
+ test -n 'ping6 -n execute failed'
+ LOG_ERROR 'ping6 -n execute failed'
+ message='ping6 -n execute failed'
+ python3 /root/mugen/libs/locallibs/mugen_log.py --level error --message 'ping6 -n execute failed'
Mon Oct 16 11:42:05 2023 - ERROR - ping6 -n execute failed
+ (( exec_result++ ))
+ LOG_ERROR 'oe_test_iputils_ping6_02.sh line 45'
+ message='oe_test_iputils_ping6_02.sh line 45'
+ python3 /root/mugen/libs/locallibs/mugen_log.py --level error --message 'oe_test_iputils_ping6_02.sh line 45'
Mon Oct 16 11:42:06 2023 - ERROR - oe_test_iputils_ping6_02.sh line 45
+ '[' 0 -eq 1 ']'
+ return 0
+ ping6 -O fe80::71c4:b4e8:c0d4:bfed -c 3
+ grep '3 received'
+ CHECK_RESULT 1 0 0 'ping6 -O execute failed'
+ actual_result=1
+ expect_result=0
+ mode=0
+ error_log='ping6 -O execute failed'
+ exit_mode=0
+ '[' -z 1 ']'
+ '[' 0 -eq 0 ']'
+ test 1x '!=' 0x
+ test -n 'ping6 -O execute failed'
+ LOG_ERROR 'ping6 -O execute failed'
+ message='ping6 -O execute failed'
+ python3 /root/mugen/libs/locallibs/mugen_log.py --level error --message 'ping6 -O execute failed'
Mon Oct 16 11:42:09 2023 - ERROR - ping6 -O execute failed
+ (( exec_result++ ))
+ LOG_ERROR 'oe_test_iputils_ping6_02.sh line 47'
+ message='oe_test_iputils_ping6_02.sh line 47'
+ python3 /root/mugen/libs/locallibs/mugen_log.py --level error --message 'oe_test_iputils_ping6_02.sh line 47'
Mon Oct 16 11:42:10 2023 - ERROR - oe_test_iputils_ping6_02.sh line 47
+ '[' 0 -eq 1 ']'
+ return 0
+ ping6 -p 100 fe80::71c4:b4e8:c0d4:bfed -c 3
+ grep '3 received'
+ CHECK_RESULT 1 0 0 'ping6 -p execute failed'
+ actual_result=1
+ expect_result=0
+ mode=0
+ error_log='ping6 -p execute failed'
+ exit_mode=0
+ '[' -z 1 ']'
+ '[' 0 -eq 0 ']'
+ test 1x '!=' 0x
+ test -n 'ping6 -p execute failed'
+ LOG_ERROR 'ping6 -p execute failed'
+ message='ping6 -p execute failed'
+ python3 /root/mugen/libs/locallibs/mugen_log.py --level error --message 'ping6 -p execute failed'
Mon Oct 16 11:42:13 2023 - ERROR - ping6 -p execute failed
+ (( exec_result++ ))
+ LOG_ERROR 'oe_test_iputils_ping6_02.sh line 49'
+ message='oe_test_iputils_ping6_02.sh line 49'
+ python3 /root/mugen/libs/locallibs/mugen_log.py --level error --message 'oe_test_iputils_ping6_02.sh line 49'
Mon Oct 16 11:42:14 2023 - ERROR - oe_test_iputils_ping6_02.sh line 49
+ '[' 0 -eq 1 ']'
+ return 0
+ ping6 -q fe80::71c4:b4e8:c0d4:bfed -c 3
+ grep '3 received'
+ CHECK_RESULT 1 0 0 'ping6 -q execute failed'
+ actual_result=1
+ expect_result=0
+ mode=0
+ error_log='ping6 -q execute failed'
+ exit_mode=0
+ '[' -z 1 ']'
+ '[' 0 -eq 0 ']'
+ test 1x '!=' 0x
+ test -n 'ping6 -q execute failed'
+ LOG_ERROR 'ping6 -q execute failed'
+ message='ping6 -q execute failed'
+ python3 /root/mugen/libs/locallibs/mugen_log.py --level error --message 'ping6 -q execute failed'
Mon Oct 16 11:42:17 2023 - ERROR - ping6 -q execute failed
+ (( exec_result++ ))
+ LOG_ERROR 'oe_test_iputils_ping6_02.sh line 51'
+ message='oe_test_iputils_ping6_02.sh line 51'
+ python3 /root/mugen/libs/locallibs/mugen_log.py --level error --message 'oe_test_iputils_ping6_02.sh line 51'
Mon Oct 16 11:42:18 2023 - ERROR - oe_test_iputils_ping6_02.sh line 51
+ '[' 0 -eq 1 ']'
+ return 0
+ LOG_INFO 'End to run test.'
+ message='End to run test.'
+ python3 /root/mugen/libs/locallibs/mugen_log.py --level info --message 'End to run test.'
Mon Oct 16 11:42:18 2023 - INFO  - End to run test.
+ CASE_RESULT 0
+ case_re=0
+ test -z 9
+ test 9 -gt 0
+ LOG_ERROR 'failed to execute the case.'
+ message='failed to execute the case.'
+ python3 /root/mugen/libs/locallibs/mugen_log.py --level error --message 'failed to execute the case.'
Mon Oct 16 11:42:19 2023 - ERROR - failed to execute the case.
+ exit 9
+ post_test
+ LOG_INFO 'start to restore the test environment.'
+ message='start to restore the test environment.'
+ python3 /root/mugen/libs/locallibs/mugen_log.py --level info --message 'start to restore the test environment.'
Mon Oct 16 11:42:19 2023 - INFO  - start to restore the test environment.
+ DNF_REMOVE
+ node=1
+ pkg_list=
+ mode=0
+ [[ -z '' ]]
+ [[ -z '' ]]
+ LOG_WARN 'no thing to do.'
+ message='no thing to do.'
+ python3 /root/mugen/libs/locallibs/mugen_log.py --level warn --message 'no thing to do.'
Mon Oct 16 11:42:19 2023 - WARN  - no thing to do.
+ return 0
+ export LANG=C.UTF-8
+ LANG=C.UTF-8
+ LOG_INFO 'End to restore the test environment.'
+ message='End to restore the test environment.'
+ python3 /root/mugen/libs/locallibs/mugen_log.py --level info --message 'End to restore the test environment.'
Mon Oct 16 11:42:20 2023 - INFO  - End to restore the test environment.
