+ source /root/mugen/libs/locallibs/common_lib.sh
++ python3 --version
++ '[' 0 -eq 0 ']'
++ source /root/mugen/libs/locallibs/common_lib_python.sh
+ main
++ type -t post_test
+ '[' -n function ']'
+ trap post_test EXIT INT HUP TERM
+ rpm -qa
+ grep expect
++ type -t config_params
+ '[' -n function ']'
+ config_params
+ LOG_INFO 'Start loading data!'
+ message='Start loading data!'
+ python3 /root/mugen/libs/locallibs/mugen_log.py --level info --message 'Start loading data!'
Fri Sep 22 04:54:29 2023 - INFO  - Start loading data!
++ TEST_DISK 1
++ id=1
++ python3 /root/mugen/libs/locallibs/get_test_device.py --device disk --node 1
+ TEST_DISK='/dev/vdb vdc vdd vde vdf vdg vdh vdi vdj'
+ LOG_INFO 'Loading data is complete!'
+ message='Loading data is complete!'
+ python3 /root/mugen/libs/locallibs/mugen_log.py --level info --message 'Loading data is complete!'
Fri Sep 22 04:54:48 2023 - INFO  - Loading data is complete!
++ type -t pre_test
+ '[' -n function ']'
+ pre_test
+ LOG_INFO 'Start environmental preparation.'
+ message='Start environmental preparation.'
+ python3 /root/mugen/libs/locallibs/mugen_log.py --level info --message 'Start environmental preparation.'
Fri Sep 22 04:54:49 2023 - INFO  - Start environmental preparation.
+ DNF_INSTALL 'tang clevis clevis-dracut cryptsetup-reencrypt clevis-udisks2'
+ pkgs='tang clevis clevis-dracut cryptsetup-reencrypt clevis-udisks2'
+ node=1
+ '[' -z '' ']'
+ tmpfile=
++ python3 /root/mugen/libs/locallibs/rpm_manage.py install --pkgs 'tang clevis clevis-dracut cryptsetup-reencrypt clevis-udisks2' --node 1 --tempfile ''
+ tmpfile2='Last metadata expiration check: 13:10:31 ago on Thu 21 Sep 2023 03:45:34 PM CST.
Package tang-7-3.oe2309.riscv64 is already installed.
No match for argument: clevis
No match for argument: clevis-dracut
No match for argument: cryptsetup-reencrypt
No match for argument: clevis-udisks2
Error: Unable to find a match: clevis clevis-dracut cryptsetup-reencrypt clevis-udisks2'
+ '[' -z '' ']'
+ tmpfile='Last metadata expiration check: 13:10:31 ago on Thu 21 Sep 2023 03:45:34 PM CST.
Package tang-7-3.oe2309.riscv64 is already installed.
No match for argument: clevis
No match for argument: clevis-dracut
No match for argument: cryptsetup-reencrypt
No match for argument: clevis-udisks2
Error: Unable to find a match: clevis clevis-dracut cryptsetup-reencrypt clevis-udisks2'
+ DNF_INSTALL tang 2
+ pkgs=tang
+ node=2
+ '[' -z 'Last metadata expiration check: 13:10:31 ago on Thu 21 Sep 2023 03:45:34 PM CST.
Package tang-7-3.oe2309.riscv64 is already installed.
No match for argument: clevis
No match for argument: clevis-dracut
No match for argument: cryptsetup-reencrypt
No match for argument: clevis-udisks2
Error: Unable to find a match: clevis clevis-dracut cryptsetup-reencrypt clevis-udisks2' ']'
++ python3 /root/mugen/libs/locallibs/rpm_manage.py install --pkgs tang --node 2 --tempfile 'Last metadata expiration check: 13:10:31 ago on Thu 21 Sep 2023 03:45:34 PM CST.
Package tang-7-3.oe2309.riscv64 is already installed.
No match for argument: clevis
No match for argument: clevis-dracut
No match for argument: cryptsetup-reencrypt
No match for argument: clevis-udisks2
Error: Unable to find a match: clevis clevis-dracut cryptsetup-reencrypt clevis-udisks2'
Fri Sep 22 04:56:42 2023 - INFO  - pkgs:(tang) is already installed
+ tmpfile2=
+ '[' -z 'Last metadata expiration check: 13:10:31 ago on Thu 21 Sep 2023 03:45:34 PM CST.
Package tang-7-3.oe2309.riscv64 is already installed.
No match for argument: clevis
No match for argument: clevis-dracut
No match for argument: cryptsetup-reencrypt
No match for argument: clevis-udisks2
Error: Unable to find a match: clevis clevis-dracut cryptsetup-reencrypt clevis-udisks2' ']'
+ echo -e 'n\n\np\n\n\n+100M\nw'
+ fdisk '/dev/vdb vdc vdd vde vdf vdg vdh vdi vdj'
fdisk: cannot open /dev/vdb vdc vdd vde vdf vdg vdh vdi vdj: No such file or directory

Welcome to fdisk (util-linux 2.39.1).
Changes will remain in memory only, until you decide to write them.
Be careful before using the write command.

+ ls /mnt/test_encrypted
ls: cannot access '/mnt/test_encrypted': No such file or directory
+ mkdir /mnt/test_encrypted
+ ls /etc/systemd/system/tangd.socket.d
ls: cannot access '/etc/systemd/system/tangd.socket.d': No such file or directory
+ SOCKET_CONTENT='[Socket]\nListenStream=\nListenStream=8009'
+ mkdir /etc/systemd/system/tangd.socket.d
+ echo -e '[Socket]\nListenStream=\nListenStream=8009'
++ uuidgen
+ UUID=cc760040-9d56-4c36-9add-d0e1b299c55b
+ LOG_INFO 'End of environmental preparation!'
+ message='End of environmental preparation!'
+ python3 /root/mugen/libs/locallibs/mugen_log.py --level info --message 'End of environmental preparation!'
Fri Sep 22 04:56:45 2023 - INFO  - End of environmental preparation!
++ type -t run_test
+ '[' -n function ']'
+ run_test
+ LOG_INFO 'Start executing testcase.'
+ message='Start executing testcase.'
+ python3 /root/mugen/libs/locallibs/mugen_log.py --level info --message 'Start executing testcase.'
Fri Sep 22 04:56:46 2023 - INFO  - Start executing testcase.
+ echo -e '\n\n'
+ cryptsetup-reencrypt --type luks1 --new --reduce-device-size 8M '/dev/vdb vdc vdd vde vdf vdg vdh vdi vdj1'
oe_test_high_nbde.sh: line 44: cryptsetup-reencrypt: command not found
+ CHECK_RESULT 127 0 0 'Disk encryption failed'
+ actual_result=127
+ expect_result=0
+ mode=0
+ error_log='Disk encryption failed'
+ exit_mode=0
+ '[' -z 127 ']'
+ '[' 0 -eq 0 ']'
+ test 127x '!=' 0x
+ test -n 'Disk encryption failed'
+ LOG_ERROR 'Disk encryption failed'
+ message='Disk encryption failed'
+ python3 /root/mugen/libs/locallibs/mugen_log.py --level error --message 'Disk encryption failed'
Fri Sep 22 04:56:48 2023 - ERROR - Disk encryption failed
+ (( exec_result++ ))
+ LOG_ERROR 'oe_test_high_nbde.sh line 45'
+ message='oe_test_high_nbde.sh line 45'
+ python3 /root/mugen/libs/locallibs/mugen_log.py --level error --message 'oe_test_high_nbde.sh line 45'
Fri Sep 22 04:56:49 2023 - ERROR - oe_test_high_nbde.sh line 45
+ '[' 0 -eq 1 ']'
+ return 0
+ echo -e '\n'
+ cryptsetup open '/dev/vdb vdc vdd vde vdf vdg vdh vdi vdj1' test_encrypted
Device /dev/vdb vdc vdd vde vdf vdg vdh vdi vdj1 does not exist or access denied.
+ CHECK_RESULT 4 0 0 'Disk mapping failed'
+ actual_result=4
+ expect_result=0
+ mode=0
+ error_log='Disk mapping failed'
+ exit_mode=0
+ '[' -z 4 ']'
+ '[' 0 -eq 0 ']'
+ test 4x '!=' 0x
+ test -n 'Disk mapping failed'
+ LOG_ERROR 'Disk mapping failed'
+ message='Disk mapping failed'
+ python3 /root/mugen/libs/locallibs/mugen_log.py --level error --message 'Disk mapping failed'
Fri Sep 22 04:56:51 2023 - ERROR - Disk mapping failed
+ (( exec_result++ ))
+ LOG_ERROR 'oe_test_high_nbde.sh line 47'
+ message='oe_test_high_nbde.sh line 47'
+ python3 /root/mugen/libs/locallibs/mugen_log.py --level error --message 'oe_test_high_nbde.sh line 47'
Fri Sep 22 04:56:52 2023 - ERROR - oe_test_high_nbde.sh line 47
+ '[' 0 -eq 1 ']'
+ return 0
+ mkfs.ext4 /dev/mapper/test_encrypted -F
mke2fs 1.47.0 (5-Feb-2023)
The file /dev/mapper/test_encrypted does not exist and no size was specified.
+ mount /dev/mapper/test_encrypted /mnt/test_encrypted
mount: /mnt/test_encrypted: special device /dev/mapper/test_encrypted does not exist.
       dmesg(1) may have more information after failed mount system call.
+ CHECK_RESULT 32 0 0 'Disk mount failed'
+ actual_result=32
+ expect_result=0
+ mode=0
+ error_log='Disk mount failed'
+ exit_mode=0
+ '[' -z 32 ']'
+ '[' 0 -eq 0 ']'
+ test 32x '!=' 0x
+ test -n 'Disk mount failed'
+ LOG_ERROR 'Disk mount failed'
+ message='Disk mount failed'
+ python3 /root/mugen/libs/locallibs/mugen_log.py --level error --message 'Disk mount failed'
Fri Sep 22 04:57:02 2023 - ERROR - Disk mount failed
+ (( exec_result++ ))
+ LOG_ERROR 'oe_test_high_nbde.sh line 50'
+ message='oe_test_high_nbde.sh line 50'
+ python3 /root/mugen/libs/locallibs/mugen_log.py --level error --message 'oe_test_high_nbde.sh line 50'
Fri Sep 22 04:57:03 2023 - ERROR - oe_test_high_nbde.sh line 50
+ '[' 0 -eq 1 ']'
+ return 0
+ cryptsetup luksHeaderBackup /dev/vdb vdc vdd vde vdf vdg vdh vdi vdj1 --header-backup-file /tmp/header.bin
Device /dev/vdb is not a valid LUKS device.
+ CHECK_RESULT 1 0 0 'Backup luksHeader information failed'
+ actual_result=1
+ expect_result=0
+ mode=0
+ error_log='Backup luksHeader information failed'
+ exit_mode=0
+ '[' -z 1 ']'
+ '[' 0 -eq 0 ']'
+ test 1x '!=' 0x
+ test -n 'Backup luksHeader information failed'
+ LOG_ERROR 'Backup luksHeader information failed'
+ message='Backup luksHeader information failed'
+ python3 /root/mugen/libs/locallibs/mugen_log.py --level error --message 'Backup luksHeader information failed'
Fri Sep 22 04:57:05 2023 - ERROR - Backup luksHeader information failed
+ (( exec_result++ ))
+ LOG_ERROR 'oe_test_high_nbde.sh line 52'
+ message='oe_test_high_nbde.sh line 52'
+ python3 /root/mugen/libs/locallibs/mugen_log.py --level error --message 'oe_test_high_nbde.sh line 52'
Fri Sep 22 04:57:06 2023 - ERROR - oe_test_high_nbde.sh line 52
+ '[' 0 -eq 1 ']'
+ return 0
+ SLEEP_WAIT 2
+ wait_time=2
+ cmd=
+ mode=1
+ python3 /root/mugen/libs/locallibs/sleep_wait.py --time 2 --cmd '' --mode 1
+ systemctl enable tangd.socket
Created symlink /etc/systemd/system/multi-user.target.wants/tangd.socket → /usr/lib/systemd/system/tangd.socket.
+ CHECK_RESULT 0 0 0 'Failed to enable tangd.socket service'
+ actual_result=0
+ expect_result=0
+ mode=0
+ error_log='Failed to enable tangd.socket service'
+ exit_mode=0
+ '[' -z 0 ']'
+ '[' 0 -eq 0 ']'
+ test 0x '!=' 0x
+ return 0
+ systemctl daemon-reload
+ grep 8009
+ systemctl show tangd.socket -p Listen
Listen=[::]:8009 (Stream)
+ CHECK_RESULT 0 0 0 'Failed to display the '\''Listen'\'' property of tangd.socket'
+ actual_result=0
+ expect_result=0
+ mode=0
+ error_log='Failed to display the '\''Listen'\'' property of tangd.socket'
+ exit_mode=0
+ '[' -z 0 ']'
+ '[' 0 -eq 0 ']'
+ test 0x '!=' 0x
+ return 0
+ systemctl start tangd.socket
A dependency job for tangd.socket failed. See 'journalctl -xe' for details.
+ CHECK_RESULT 1 0 0 'Failed to start tangd.socket service'
+ actual_result=1
+ expect_result=0
+ mode=0
+ error_log='Failed to start tangd.socket service'
+ exit_mode=0
+ '[' -z 1 ']'
+ '[' 0 -eq 0 ']'
+ test 1x '!=' 0x
+ test -n 'Failed to start tangd.socket service'
+ LOG_ERROR 'Failed to start tangd.socket service'
+ message='Failed to start tangd.socket service'
+ python3 /root/mugen/libs/locallibs/mugen_log.py --level error --message 'Failed to start tangd.socket service'
Fri Sep 22 04:57:31 2023 - ERROR - Failed to start tangd.socket service
+ (( exec_result++ ))
+ LOG_ERROR 'oe_test_high_nbde.sh line 60'
+ message='oe_test_high_nbde.sh line 60'
+ python3 /root/mugen/libs/locallibs/mugen_log.py --level error --message 'oe_test_high_nbde.sh line 60'
Fri Sep 22 04:57:32 2023 - ERROR - oe_test_high_nbde.sh line 60
+ '[' 0 -eq 1 ']'
+ return 0
+ SSH_CMD 'systemctl enable tangd.socket;mkdir /etc/systemd/system/tangd.socket.d' 10.0.0.22 'openEuler12#$' root
+ cmd='systemctl enable tangd.socket;mkdir /etc/systemd/system/tangd.socket.d'
+ remoteip=10.0.0.22
+ remotepasswd='openEuler12#$'
+ remoteuser=root
+ timeout=300
+ connport=22
+ bash /root/mugen/libs/locallibs/sshcmd.sh -c 'systemctl enable tangd.socket;mkdir /etc/systemd/system/tangd.socket.d' -i 10.0.0.22 -u root -p 'openEuler12#$' -t 300 -o 22
Fri Sep 22 04:57:34 2023 - WARN  - the remote user uses the default configuration.
Fri Sep 22 04:57:35 2023 - WARN  - the remote password uses the default configuration.
Fri Sep 22 04:57:37 2023 - WARN  - the connect port using the default configuration
spawn ssh -o ConnectTimeout=300 -p 22 root@10.0.0.22 systemctl enable tangd.socket;mkdir /etc/systemd/system/tangd.socket.d
The authenticity of host '10.0.0.22 (10.0.0.22)' can't be established.
ED25519 key fingerprint is SHA256:nPTwi4sviqTxYMsx3Mnv02UOhJkDrE8OSFkEootw3qk.
This host key is known by the following other names/addresses:
    ~/.ssh/known_hosts:1: localhost
Are you sure you want to continue connecting (yes/no/[fingerprint])? yes
Warning: Permanently added '10.0.0.22' (ED25519) to the list of known hosts.

Authorized users only. All activities may be monitored and reported.
root@10.0.0.22's password: 
Created symlink /etc/systemd/system/multi-user.target.wants/tangd.socket → /usr/lib/systemd/system/tangd.socket.
+ ret=0
+ test 0 -ne 0
+ return 0
+ P_SSH_CMD --node 2 --cmd 'echo -e [Socket]\\nListenStream=\\nListenStream=8009 > /etc/systemd/system/tangd.socket.d/override.conf'
+ python3 /root/mugen/libs/locallibs/ssh_cmd.py --node 2 --cmd 'echo -e [Socket]\\nListenStream=\\nListenStream=8009 > /etc/systemd/system/tangd.socket.d/override.conf'

+ SSH_CMD 'systemctl daemon-reload;systemctl show tangd.socket -p Listen | grep 8009;
    		systemctl start tangd.socket;systemctl stop firewalld;setenforce 0' 10.0.0.22 'openEuler12#$' root
+ cmd='systemctl daemon-reload;systemctl show tangd.socket -p Listen | grep 8009;
    		systemctl start tangd.socket;systemctl stop firewalld;setenforce 0'
+ remoteip=10.0.0.22
+ remotepasswd='openEuler12#$'
+ remoteuser=root
+ timeout=300
+ connport=22
+ bash /root/mugen/libs/locallibs/sshcmd.sh -c 'systemctl daemon-reload;systemctl show tangd.socket -p Listen | grep 8009;
    		systemctl start tangd.socket;systemctl stop firewalld;setenforce 0' -i 10.0.0.22 -u root -p 'openEuler12#$' -t 300 -o 22
Fri Sep 22 04:58:14 2023 - WARN  - the remote user uses the default configuration.
Fri Sep 22 04:58:15 2023 - WARN  - the remote password uses the default configuration.
Fri Sep 22 04:58:16 2023 - WARN  - the connect port using the default configuration
spawn ssh -o ConnectTimeout=300 -p 22 root@10.0.0.22 systemctl daemon-reload;systemctl show tangd.socket -p Listen | grep 8009;
    		systemctl start tangd.socket;systemctl stop firewalld;setenforce 0

Authorized users only. All activities may be monitored and reported.
root@10.0.0.22's password: 
Listen=[::]:8009 (Stream)
A dependency job for tangd.socket failed. See 'journalctl -xe' for details.
setenforce: SELinux is disabled
+ ret=1
+ test 1 -ne 0
+ LOG_ERROR 'Failed in remote CMD operation:1'
+ message='Failed in remote CMD operation:1'
+ python3 /root/mugen/libs/locallibs/mugen_log.py --level error --message 'Failed in remote CMD operation:1'
Fri Sep 22 04:58:35 2023 - ERROR - Failed in remote CMD operation:1
+ return 1
+ curl http://127.0.0.1:8009/adv -o adv.jws
  % Total    % Received % Xferd  Average Speed   Time    Time     Time  Current
                                 Dload  Upload   Total   Spent    Left  Speed
  0     0    0     0    0     0      0      0 --:--:-- --:--:-- --:--:--     0  0     0    0     0    0     0      0      0 --:--:-- --:--:-- --:--:--     0
curl: (7) Failed to connect to 127.0.0.1 port 8009 after 41 ms: Couldn't connect to server
+ SLEEP_WAIT 1
+ wait_time=1
+ cmd=
+ mode=1
+ python3 /root/mugen/libs/locallibs/sleep_wait.py --time 1 --cmd '' --mode 1
+ expect '-c
        set timeout 120
        spawn luksmeta init -n -d /dev/vdb vdc vdd vde vdf vdg vdh vdi vdj1
	expect {
		"yn" {
			send "y\r"
			exp_continue
		}
		timeout
	}
    '
spawn luksmeta init -n -d /dev/vdb vdc vdd vde vdf vdg vdh vdi vdj1
Usage: luksmeta test -d DEVICE
   or: luksmeta nuke -d DEVICE [-f]
   or: luksmeta init -d DEVICE [-f] [-n]
   or: luksmeta show -d DEVICE [-s SLOT]
   or: luksmeta save -d DEVICE [-s SLOT]  -u UUID  < DATA
   or: luksmeta load -d DEVICE  -s SLOT  [-u UUID] > DATA
   or: luksmeta wipe -d DEVICE  -s SLOT  [-u UUID] [-f]
+ CHECK_RESULT 0 0 0 'luksmeta init failed'
+ actual_result=0
+ expect_result=0
+ mode=0
+ error_log='luksmeta init failed'
+ exit_mode=0
+ '[' -z 0 ']'
+ '[' 0 -eq 0 ']'
+ test 0x '!=' 0x
+ return 0
+ echo
+ luksmeta save -d /dev/vdb vdc vdd vde vdf vdg vdh vdi vdj1 -s 0 -u cc760040-9d56-4c36-9add-d0e1b299c55b
Usage: luksmeta test -d DEVICE
   or: luksmeta nuke -d DEVICE [-f]
   or: luksmeta init -d DEVICE [-f] [-n]
   or: luksmeta show -d DEVICE [-s SLOT]
   or: luksmeta save -d DEVICE [-s SLOT]  -u UUID  < DATA
   or: luksmeta load -d DEVICE  -s SLOT  [-u UUID] > DATA
   or: luksmeta wipe -d DEVICE  -s SLOT  [-u UUID] [-f]
+ expect '-c
	set timeout 120
        spawn clevis luks bind -d /dev/vdb vdc vdd vde vdf vdg vdh vdi vdj1 sss '\''{"t":1,"pins":{"tang":[{"url":"http://127.0.0.1:8009"},{"url":"http://10.0.0.22:8009"}]}}'\''
	    expect {
		"ynYN" {
			send "y\r"
			exp_continue
		}
		"yn" {
            send "y\r"
            exp_continue
            }
		"assword" {
            send "\r"
            exp_continue
        }
		timeout
	}
'
extra characters after close-brace
    while executing
"spawn clevis luks bind -d /dev/vdb vdc vdd vde vdf vdg vdh vdi vdj1 sss '{"t":1,"pins":{"tang":[{"url":"http://127.0.0.1:8009"},"
+ CHECK_RESULT 0 0 0 'Disk binding failed'
+ actual_result=0
+ expect_result=0
+ mode=0
+ error_log='Disk binding failed'
+ exit_mode=0
+ '[' -z 0 ']'
+ '[' 0 -eq 0 ']'
+ test 0x '!=' 0x
+ return 0
+ expect '-c
        set timeout 120
        spawn clevis luks unbind -d /dev/vdb vdc vdd vde vdf vdg vdh vdi vdj1 -s 1
	    expect {
		"yn" {
			send "y\r"
			exp_continue
		}
		timeout
	}
    '
spawn clevis luks unbind -d /dev/vdb vdc vdd vde vdf vdg vdh vdi vdj1 -s 1
couldn't execute "clevis": no such file or directory
    while executing
"spawn clevis luks unbind -d /dev/vdb vdc vdd vde vdf vdg vdh vdi vdj1 -s 1"
+ CHECK_RESULT 0 0 0 'Disk unbinding failed'
+ actual_result=0
+ expect_result=0
+ mode=0
+ error_log='Disk unbinding failed'
+ exit_mode=0
+ '[' -z 0 ']'
+ '[' 0 -eq 0 ']'
+ test 0x '!=' 0x
+ return 0
+ LOG_INFO 'Finish testcase execution.'
+ message='Finish testcase execution.'
+ python3 /root/mugen/libs/locallibs/mugen_log.py --level info --message 'Finish testcase execution.'
Fri Sep 22 04:58:41 2023 - INFO  - Finish testcase execution.
+ CASE_RESULT 0
+ case_re=0
+ test -z 5
+ test 5 -gt 0
+ LOG_ERROR 'failed to execute the case.'
+ message='failed to execute the case.'
+ python3 /root/mugen/libs/locallibs/mugen_log.py --level error --message 'failed to execute the case.'
Fri Sep 22 04:58:42 2023 - ERROR - failed to execute the case.
+ exit 5
+ post_test
+ LOG_INFO 'start environment cleanup.'
+ message='start environment cleanup.'
+ python3 /root/mugen/libs/locallibs/mugen_log.py --level info --message 'start environment cleanup.'
Fri Sep 22 04:58:44 2023 - INFO  - start environment cleanup.
+ umount /mnt/test_encrypted
umount: /mnt/test_encrypted: not mounted.
+ cryptsetup close test_encrypted
Device test_encrypted is not active.
+ mkfs.ext4 /dev/vdb vdc vdd vde vdf vdg vdh vdi vdj1 -F
mke2fs 1.47.0 (5-Feb-2023)
mkfs.ext4: invalid blocks 'vdc' on device '/dev/vdb'
+ echo -e 'd\n\nw'
+ fdisk '/dev/vdb vdc vdd vde vdf vdg vdh vdi vdj'
fdisk: cannot open /dev/vdb vdc vdd vde vdf vdg vdh vdi vdj: No such file or directory

Welcome to fdisk (util-linux 2.39.1).
Changes will remain in memory only, until you decide to write them.
Be careful before using the write command.

+ DNF_REMOVE
+ node=1
+ pkg_list=
+ mode=0
+ [[ -z Last metadata expiration check: 13:10:31 ago on Thu 21 Sep 2023 03:45:34 PM CST.
Package tang-7-3.oe2309.riscv64 is already installed.
No match for argument: clevis
No match for argument: clevis-dracut
No match for argument: cryptsetup-reencrypt
No match for argument: clevis-udisks2
Error: Unable to find a match: clevis clevis-dracut cryptsetup-reencrypt clevis-udisks2 ]]
+ '[' 0 -ne 0 ']'
+ '[' 1 == 0 ']'
+ python3 /root/mugen/libs/locallibs/rpm_manage.py remove --node 1 --pkgs '' --tempfile 'Last metadata expiration check: 13:10:31 ago on Thu 21 Sep 2023 03:45:34 PM CST.
Package tang-7-3.oe2309.riscv64 is already installed.
No match for argument: clevis
No match for argument: clevis-dracut
No match for argument: cryptsetup-reencrypt
No match for argument: clevis-udisks2
Error: Unable to find a match: clevis clevis-dracut cryptsetup-reencrypt clevis-udisks2'
Traceback (most recent call last):
  File "/root/mugen/libs/locallibs/rpm_manage.py", line 192, in <module>
    exitcode = rpm_remove(args.node, args.pkgs, args.tempfile)
               ^^^^^^^^^^^^^^^^^^^^^^^^^^^^^^^^^^^^^^^^^^^^^^^
  File "/root/mugen/libs/locallibs/rpm_manage.py", line 163, in rpm_remove
    with open(tmpfile, "r") as f:
         ^^^^^^^^^^^^^^^^^^
OSError: [Errno 36] File name too long: 'Last metadata expiration check: 13:10:31 ago on Thu 21 Sep 2023 03:45:34 PM CST.\nPackage tang-7-3.oe2309.riscv64 is already installed.\nNo match for argument: clevis\nNo match for argument: clevis-dracut\nNo match for argument: cryptsetup-reencrypt\nNo match for argument: clevis-udisks2\nError: Unable to find a match: clevis clevis-dracut cryptsetup-reencrypt clevis-udisks2'
+ '[' 0 -ne 0 ']'
+ rm -rf secert.jwe adv.jws sec.jwe input-plain.txt /etc/systemd/system/tangd.socket.d /mnt/test_encrypted1 /var/db/tang /tmp/header.bin
+ DNF_REMOVE 2 tang
+ node=2
+ pkg_list=tang
+ mode=0
+ [[ -z Last metadata expiration check: 13:10:31 ago on Thu 21 Sep 2023 03:45:34 PM CST.
Package tang-7-3.oe2309.riscv64 is already installed.
No match for argument: clevis
No match for argument: clevis-dracut
No match for argument: cryptsetup-reencrypt
No match for argument: clevis-udisks2
Error: Unable to find a match: clevis clevis-dracut cryptsetup-reencrypt clevis-udisks2 ]]
+ '[' 0 -ne 0 ']'
+ '[' 2 == 0 ']'
+ python3 /root/mugen/libs/locallibs/rpm_manage.py remove --node 2 --pkgs tang --tempfile 'Last metadata expiration check: 13:10:31 ago on Thu 21 Sep 2023 03:45:34 PM CST.
Package tang-7-3.oe2309.riscv64 is already installed.
No match for argument: clevis
No match for argument: clevis-dracut
No match for argument: cryptsetup-reencrypt
No match for argument: clevis-udisks2
Error: Unable to find a match: clevis clevis-dracut cryptsetup-reencrypt clevis-udisks2'
Traceback (most recent call last):
  File "/root/mugen/libs/locallibs/rpm_manage.py", line 192, in <module>
    exitcode = rpm_remove(args.node, args.pkgs, args.tempfile)
               ^^^^^^^^^^^^^^^^^^^^^^^^^^^^^^^^^^^^^^^^^^^^^^^
  File "/root/mugen/libs/locallibs/rpm_manage.py", line 163, in rpm_remove
    with open(tmpfile, "r") as f:
         ^^^^^^^^^^^^^^^^^^
OSError: [Errno 36] File name too long: 'Last metadata expiration check: 13:10:31 ago on Thu 21 Sep 2023 03:45:34 PM CST.\nPackage tang-7-3.oe2309.riscv64 is already installed.\nNo match for argument: clevis\nNo match for argument: clevis-dracut\nNo match for argument: cryptsetup-reencrypt\nNo match for argument: clevis-udisks2\nError: Unable to find a match: clevis clevis-dracut cryptsetup-reencrypt clevis-udisks2'
+ '[' 0 -ne 0 ']'
+ SSH_CMD 'rm -rf /etc/systemd/system/tangd.socket.d /var/db/tang' 10.0.0.22 'openEuler12#$' root
+ cmd='rm -rf /etc/systemd/system/tangd.socket.d /var/db/tang'
+ remoteip=10.0.0.22
+ remotepasswd='openEuler12#$'
+ remoteuser=root
+ timeout=300
+ connport=22
+ bash /root/mugen/libs/locallibs/sshcmd.sh -c 'rm -rf /etc/systemd/system/tangd.socket.d /var/db/tang' -i 10.0.0.22 -u root -p 'openEuler12#$' -t 300 -o 22
Fri Sep 22 04:59:01 2023 - WARN  - the remote user uses the default configuration.
Fri Sep 22 04:59:02 2023 - WARN  - the remote password uses the default configuration.
Fri Sep 22 04:59:04 2023 - WARN  - the connect port using the default configuration
spawn ssh -o ConnectTimeout=300 -p 22 root@10.0.0.22 rm -rf /etc/systemd/system/tangd.socket.d /var/db/tang

Authorized users only. All activities may be monitored and reported.
root@10.0.0.22's password: 
+ ret=0
+ test 0 -ne 0
+ return 0
+ mkfs.ext4 /dev/vdb vdc vdd vde vdf vdg vdh vdi vdj -F
mke2fs 1.47.0 (5-Feb-2023)
mkfs.ext4: invalid blocks 'vdc' on device '/dev/vdb'
+ LOG_INFO 'Finish environment cleanup!'
+ message='Finish environment cleanup!'
+ python3 /root/mugen/libs/locallibs/mugen_log.py --level info --message 'Finish environment cleanup!'
Fri Sep 22 04:59:12 2023 - INFO  - Finish environment cleanup!
