+ source /root/mugen/libs/locallibs/common_lib.sh
++ python3 --version
++ '[' 0 -eq 0 ']'
++ source /root/mugen/libs/locallibs/common_lib_python.sh
+ main
++ type -t post_test
+ '[' -n function ']'
+ trap post_test EXIT INT HUP TERM
+ rpm -qa
+ grep expect
++ type -t config_params
+ '[' -n '' ']'
++ type -t pre_test
+ '[' -n function ']'
+ pre_test
+ LOG_INFO 'Start to prepare the test environment.'
+ message='Start to prepare the test environment.'
+ python3 /root/mugen/libs/locallibs/mugen_log.py --level info --message 'Start to prepare the test environment.'
Tue Aug  8 12:55:06 2023 - INFO  - Start to prepare the test environment.
+ DNF_INSTALL 'squid firewalld'
+ pkgs='squid firewalld'
+ node=1
+ '[' -z '' ']'
+ tmpfile=
++ python3 /root/mugen/libs/locallibs/rpm_manage.py install --pkgs 'squid firewalld' --node 1 --tempfile ''
+ tmpfile2=/tmp/tmpv_rduldx
+ '[' -z '' ']'
+ tmpfile=/tmp/tmpv_rduldx
+ systemctl start firewalld
+ LOG_INFO 'End to prepare the test environment.'
+ message='End to prepare the test environment.'
+ python3 /root/mugen/libs/locallibs/mugen_log.py --level info --message 'End to prepare the test environment.'
Tue Aug  8 13:03:08 2023 - INFO  - End to prepare the test environment.
++ type -t run_test
+ '[' -n function ']'
+ run_test
+ LOG_INFO 'Start to run test.'
+ message='Start to run test.'
+ python3 /root/mugen/libs/locallibs/mugen_log.py --level info --message 'Start to run test.'
Tue Aug  8 13:03:11 2023 - INFO  - Start to run test.
+ sed -i 's/#cache_dir ufs \/var\/spool\/squid 100 16 256/cache_dir ufs \/var\/spool\/squid 100 16 256/g' /etc/squid/squid.conf
+ CHECK_RESULT 0
+ actual_result=0
+ expect_result=0
+ mode=0
+ error_log=
+ exit_mode=0
+ '[' -z 0 ']'
+ '[' 0 -eq 0 ']'
+ test 0x '!=' 0x
+ return 0
++ awk -F : '{print$1}'
++ grep -rn 'http_access deny all' /etc/squid/squid.conf
+ count_line=68
+ test -n 68
+ sed -i 68s/deny/allow/g /etc/squid/squid.conf
+ firewall-cmd --permanent --add-port=3128/tcp
ERROR:dbus.proxies:Introspect error on :1.37:/org/fedoraproject/FirewallD1: dbus.exceptions.DBusException: org.freedesktop.DBus.Error.NoReply: Did not receive a reply. Possible causes include: the remote application did not send a reply, the message bus security policy blocked the reply, the reply timeout expired, or the network connection was broken.
Error: Did not receive a reply. Possible causes include: the remote application did not send a reply, the message bus security policy blocked the reply, the reply timeout expired, or the network connection was broken.
+ CHECK_RESULT 254
+ actual_result=254
+ expect_result=0
+ mode=0
+ error_log=
+ exit_mode=0
+ '[' -z 254 ']'
+ '[' 0 -eq 0 ']'
+ test 254x '!=' 0x
+ test -n ''
+ (( exec_result++ ))
+ LOG_ERROR 'oe_test_server_squid_proxy.sh line 35'
+ message='oe_test_server_squid_proxy.sh line 35'
+ python3 /root/mugen/libs/locallibs/mugen_log.py --level error --message 'oe_test_server_squid_proxy.sh line 35'
Tue Aug  8 13:04:22 2023 - ERROR - oe_test_server_squid_proxy.sh line 35
+ '[' 0 -eq 1 ']'
+ return 0
+ firewall-cmd --reload
ERROR:dbus.proxies:Introspect error on :1.37:/org/fedoraproject/FirewallD1: dbus.exceptions.DBusException: org.freedesktop.DBus.Error.NoReply: Message recipient disconnected from message bus without replying
Error: The name :1.37 was not provided by any .service files
+ CHECK_RESULT 254
+ actual_result=254
+ expect_result=0
+ mode=0
+ error_log=
+ exit_mode=0
+ '[' -z 254 ']'
+ '[' 0 -eq 0 ']'
+ test 254x '!=' 0x
+ test -n ''
+ (( exec_result++ ))
+ LOG_ERROR 'oe_test_server_squid_proxy.sh line 37'
+ message='oe_test_server_squid_proxy.sh line 37'
+ python3 /root/mugen/libs/locallibs/mugen_log.py --level error --message 'oe_test_server_squid_proxy.sh line 37'
Tue Aug  8 13:04:50 2023 - ERROR - oe_test_server_squid_proxy.sh line 37
+ '[' 0 -eq 1 ']'
+ return 0
+ systemctl enable --now squid
Created symlink /etc/systemd/system/multi-user.target.wants/squid.service â†’ /usr/lib/systemd/system/squid.service.
+ CHECK_RESULT 0
+ actual_result=0
+ expect_result=0
+ mode=0
+ error_log=
+ exit_mode=0
+ '[' -z 0 ']'
+ '[' 0 -eq 0 ']'
+ test 0x '!=' 0x
+ return 0
+ SLEEP_WAIT 2
+ wait_time=2
+ cmd=
+ mode=1
+ python3 /root/mugen/libs/locallibs/sleep_wait.py --time 2 --cmd '' --mode 1
+ curl -o baidu -L https://news.baidu.com -x 10.0.0.1:3128 --insecure
  % Total    % Received % Xferd  Average Speed   Time    Time     Time  Current
                                 Dload  Upload   Total   Spent    Left  Speed
  0     0    0     0    0     0      0      0 --:--:-- --:--:-- --:--:--     0  0     0    0     0    0     0      0      0 --:--:-- --:--:-- --:--:--     0100 76500    0 76500    0     0  51508      0 --:--:--  0:00:01 --:--:-- 52218100 76500    0 76500    0     0  50413      0 --:--:--  0:00:01 --:--:-- 51102
+ CHECK_RESULT 0
+ actual_result=0
+ expect_result=0
+ mode=0
+ error_log=
+ exit_mode=0
+ '[' -z 0 ']'
+ '[' 0 -eq 0 ']'
+ test 0x '!=' 0x
+ return 0
+ ls -l baidu
-rw-r--r-- 1 root root 76500 Aug  8 13:05 baidu
+ CHECK_RESULT 0
+ actual_result=0
+ expect_result=0
+ mode=0
+ error_log=
+ exit_mode=0
+ '[' -z 0 ']'
+ '[' 0 -eq 0 ']'
+ test 0x '!=' 0x
+ return 0
+ LOG_INFO 'End to run test.'
+ message='End to run test.'
+ python3 /root/mugen/libs/locallibs/mugen_log.py --level info --message 'End to run test.'
Tue Aug  8 13:05:48 2023 - INFO  - End to run test.
+ CASE_RESULT 0
+ case_re=0
+ test -z 2
+ test 2 -gt 0
+ LOG_ERROR 'failed to execute the case.'
+ message='failed to execute the case.'
+ python3 /root/mugen/libs/locallibs/mugen_log.py --level error --message 'failed to execute the case.'
Tue Aug  8 13:05:52 2023 - ERROR - failed to execute the case.
+ exit 2
+ post_test
+ LOG_INFO 'Start to restore the test environment.'
+ message='Start to restore the test environment.'
+ python3 /root/mugen/libs/locallibs/mugen_log.py --level info --message 'Start to restore the test environment.'
Tue Aug  8 13:05:55 2023 - INFO  - Start to restore the test environment.
+ rm -rf baidu
+ test -n 68
+ sed -i 68s/allow/deny/g /etc/squid/squid.conf
+ DNF_REMOVE
+ node=1
+ pkg_list=
+ mode=0
+ [[ -z /tmp/tmpv_rduldx ]]
+ '[' 0 -ne 0 ']'
+ '[' 1 == 0 ']'
+ python3 /root/mugen/libs/locallibs/rpm_manage.py remove --node 1 --pkgs '' --tempfile /tmp/tmpv_rduldx
+ '[' 0 -ne 0 ']'
+ LOG_INFO 'End to restore the test environment.'
+ message='End to restore the test environment.'
+ python3 /root/mugen/libs/locallibs/mugen_log.py --level info --message 'End to restore the test environment.'
Tue Aug  8 13:09:01 2023 - INFO  - End to restore the test environment.
