+ source /root/mugen/libs/locallibs/common_lib.sh
++ python3 --version
++ '[' 0 -eq 0 ']'
++ source /root/mugen/libs/locallibs/common_lib_python.sh
+ main
++ type -t post_test
+ '[' -n function ']'
+ trap post_test EXIT INT HUP TERM
+ rpm -qa
+ grep expect
++ type -t config_params
+ '[' -n '' ']'
++ type -t pre_test
+ '[' -n function ']'
+ pre_test
+ LOG_INFO 'Start to prepare the test environment.'
+ message='Start to prepare the test environment.'
+ python3 /root/mugen/libs/locallibs/mugen_log.py --level info --message 'Start to prepare the test environment.'
Tue Aug  8 20:16:54 2023 - INFO  - Start to prepare the test environment.
+ DNF_INSTALL chrony
+ pkgs=chrony
+ node=1
+ '[' -z '' ']'
+ tmpfile=
++ python3 /root/mugen/libs/locallibs/rpm_manage.py install --pkgs chrony --node 1 --tempfile ''
+ tmpfile2=/tmp/tmpvr7opo63
+ '[' -z '' ']'
+ tmpfile=/tmp/tmpvr7opo63
+ LOG_INFO 'End to prepare the test environment.'
+ message='End to prepare the test environment.'
+ python3 /root/mugen/libs/locallibs/mugen_log.py --level info --message 'End to prepare the test environment.'
Tue Aug  8 20:18:17 2023 - INFO  - End to prepare the test environment.
++ type -t run_test
+ '[' -n function ']'
+ run_test
+ LOG_INFO 'Start to run test.'
+ message='Start to run test.'
+ python3 /root/mugen/libs/locallibs/mugen_log.py --level info --message 'Start to run test.'
Tue Aug  8 20:18:19 2023 - INFO  - Start to run test.
+ systemctl start chronyd
systemctl: error while loading shared libraries: libsystemd-shared-253.so: cannot open shared object file: No such file or directory
+ grep running
+ systemctl status chronyd
systemctl: error while loading shared libraries: libsystemd-shared-253.so: cannot open shared object file: No such file or directory
+ CHECK_RESULT 1
+ actual_result=1
+ expect_result=0
+ mode=0
+ error_log=
+ exit_mode=0
+ '[' -z 1 ']'
+ '[' 0 -eq 0 ']'
+ test 1x '!=' 0x
+ test -n ''
+ (( exec_result++ ))
+ LOG_ERROR 'oe_test_chrony_chronyd.sh line 31'
+ message='oe_test_chrony_chronyd.sh line 31'
+ python3 /root/mugen/libs/locallibs/mugen_log.py --level error --message 'oe_test_chrony_chronyd.sh line 31'
Tue Aug  8 20:18:20 2023 - ERROR - oe_test_chrony_chronyd.sh line 31
+ '[' 0 -eq 1 ']'
+ return 0
+ systemctl is-enabled chronyd
+ grep enabled
systemctl: error while loading shared libraries: libsystemd-shared-253.so: cannot open shared object file: No such file or directory
+ CHECK_RESULT 1
+ actual_result=1
+ expect_result=0
+ mode=0
+ error_log=
+ exit_mode=0
+ '[' -z 1 ']'
+ '[' 0 -eq 0 ']'
+ test 1x '!=' 0x
+ test -n ''
+ (( exec_result++ ))
+ LOG_ERROR 'oe_test_chrony_chronyd.sh line 33'
+ message='oe_test_chrony_chronyd.sh line 33'
+ python3 /root/mugen/libs/locallibs/mugen_log.py --level error --message 'oe_test_chrony_chronyd.sh line 33'
Tue Aug  8 20:18:22 2023 - ERROR - oe_test_chrony_chronyd.sh line 33
+ '[' 0 -eq 1 ']'
+ return 0
+ chronyc sources
+ grep 'MS Name/IP address'
+ CHECK_RESULT 1
+ actual_result=1
+ expect_result=0
+ mode=0
+ error_log=
+ exit_mode=0
+ '[' -z 1 ']'
+ '[' 0 -eq 0 ']'
+ test 1x '!=' 0x
+ test -n ''
+ (( exec_result++ ))
+ LOG_ERROR 'oe_test_chrony_chronyd.sh line 36'
+ message='oe_test_chrony_chronyd.sh line 36'
+ python3 /root/mugen/libs/locallibs/mugen_log.py --level error --message 'oe_test_chrony_chronyd.sh line 36'
Tue Aug  8 20:18:24 2023 - ERROR - oe_test_chrony_chronyd.sh line 36
+ '[' 0 -eq 1 ']'
+ return 0
+ systemctl stop chronyd
systemctl: error while loading shared libraries: libsystemd-shared-253.so: cannot open shared object file: No such file or directory
+ systemctl status chronyd
+ grep dead
systemctl: error while loading shared libraries: libsystemd-shared-253.so: cannot open shared object file: No such file or directory
+ CHECK_RESULT 1
+ actual_result=1
+ expect_result=0
+ mode=0
+ error_log=
+ exit_mode=0
+ '[' -z 1 ']'
+ '[' 0 -eq 0 ']'
+ test 1x '!=' 0x
+ test -n ''
+ (( exec_result++ ))
+ LOG_ERROR 'oe_test_chrony_chronyd.sh line 39'
+ message='oe_test_chrony_chronyd.sh line 39'
+ python3 /root/mugen/libs/locallibs/mugen_log.py --level error --message 'oe_test_chrony_chronyd.sh line 39'
Tue Aug  8 20:18:25 2023 - ERROR - oe_test_chrony_chronyd.sh line 39
+ '[' 0 -eq 1 ']'
+ return 0
+ LOG_INFO 'End to run test.'
+ message='End to run test.'
+ python3 /root/mugen/libs/locallibs/mugen_log.py --level info --message 'End to run test.'
Tue Aug  8 20:18:27 2023 - INFO  - End to run test.
+ CASE_RESULT 0
+ case_re=0
+ test -z 4
+ test 4 -gt 0
+ LOG_ERROR 'failed to execute the case.'
+ message='failed to execute the case.'
+ python3 /root/mugen/libs/locallibs/mugen_log.py --level error --message 'failed to execute the case.'
Tue Aug  8 20:18:28 2023 - ERROR - failed to execute the case.
+ exit 4
+ post_test
+ LOG_INFO 'Start to restore the test environment.'
+ message='Start to restore the test environment.'
+ python3 /root/mugen/libs/locallibs/mugen_log.py --level info --message 'Start to restore the test environment.'
Tue Aug  8 20:18:29 2023 - INFO  - Start to restore the test environment.
+ DNF_REMOVE
+ node=1
+ pkg_list=
+ mode=0
+ [[ -z /tmp/tmpvr7opo63 ]]
+ '[' 0 -ne 0 ']'
+ '[' 1 == 0 ']'
+ python3 /root/mugen/libs/locallibs/rpm_manage.py remove --node 1 --pkgs '' --tempfile /tmp/tmpvr7opo63
+ '[' 0 -ne 0 ']'
+ LOG_INFO 'End to restore the test environment.'
+ message='End to restore the test environment.'
+ python3 /root/mugen/libs/locallibs/mugen_log.py --level info --message 'End to restore the test environment.'
Tue Aug  8 20:18:58 2023 - INFO  - End to restore the test environment.
