+ source /root/mugen/libs/locallibs/common_lib.sh
++ python3 --version
++ '[' 0 -eq 0 ']'
++ source /root/mugen/libs/locallibs/common_lib_python.sh
+ main
++ type -t post_test
+ '[' -n function ']'
+ trap post_test EXIT INT HUP TERM
+ rpm -qa
+ grep expect
++ type -t config_params
+ '[' -n '' ']'
++ type -t pre_test
+ '[' -n function ']'
+ pre_test
+ LOG_INFO 'Start to prepare the test environment.'
+ message='Start to prepare the test environment.'
+ python3 /root/mugen/libs/locallibs/mugen_log.py --level info --message 'Start to prepare the test environment.'
Wed Aug  9 00:18:02 2023 - INFO  - Start to prepare the test environment.
+ DNF_INSTALL python3-kmod
+ pkgs=python3-kmod
+ node=1
+ '[' -z '' ']'
+ tmpfile=
++ python3 /root/mugen/libs/locallibs/rpm_manage.py install --pkgs python3-kmod --node 1 --tempfile ''
+ tmpfile2=/tmp/tmp5rroafdw
+ '[' -z '' ']'
+ tmpfile=/tmp/tmp5rroafdw
+ LOG_INFO 'End to prepare the test environment.'
+ message='End to prepare the test environment.'
+ python3 /root/mugen/libs/locallibs/mugen_log.py --level info --message 'End to prepare the test environment.'
Wed Aug  9 00:19:28 2023 - INFO  - End to prepare the test environment.
++ type -t run_test
+ '[' -n function ']'
+ run_test
+ LOG_INFO 'Start to run test.'
+ message='Start to run test.'
+ python3 /root/mugen/libs/locallibs/mugen_log.py --level info --message 'Start to run test.'
Wed Aug  9 00:19:30 2023 - INFO  - Start to run test.
+ python3 -c 'import kmod;km = kmod.Kmod();km.modprobe('\''snd_seq'\'');print([(m.name, m.size) for m in km.loaded()])'
Traceback (most recent call last):
  File "<string>", line 1, in <module>
  File "libkmod/python/kmod/kmod.pyx", line 114, in kmod.kmod.Kmod.modprobe
kmod.error.KmodError: Could not modprobe snd_seq
+ CHECK_RESULT 1 0 0 'Error,Fail to modprobe'
+ actual_result=1
+ expect_result=0
+ mode=0
+ error_log='Error,Fail to modprobe'
+ exit_mode=0
+ '[' -z 1 ']'
+ '[' 0 -eq 0 ']'
+ test 1x '!=' 0x
+ test -n 'Error,Fail to modprobe'
+ LOG_ERROR 'Error,Fail to modprobe'
+ message='Error,Fail to modprobe'
+ python3 /root/mugen/libs/locallibs/mugen_log.py --level error --message 'Error,Fail to modprobe'
Wed Aug  9 00:19:33 2023 - ERROR - Error,Fail to modprobe
+ (( exec_result++ ))
+ LOG_ERROR 'oe_test_python3-kmod.sh line 31'
+ message='oe_test_python3-kmod.sh line 31'
+ python3 /root/mugen/libs/locallibs/mugen_log.py --level error --message 'oe_test_python3-kmod.sh line 31'
Wed Aug  9 00:19:35 2023 - ERROR - oe_test_python3-kmod.sh line 31
+ '[' 0 -eq 1 ']'
+ return 0
+ python3 -c 'import kmod;km = kmod.Kmod();km.rmmod('\''snd_seq'\'');print([(m.name, m.size) for m in km.loaded()])'
libkmod: kmod_module_remove_module: could not remove 'snd_seq': No such file or directory
Traceback (most recent call last):
  File "<string>", line 1, in <module>
  File "libkmod/python/kmod/kmod.pyx", line 125, in kmod.kmod.Kmod.rmmod
  File "libkmod/python/kmod/module.pyx", line 158, in kmod.module.Module.remove
kmod.error.KmodError: Could not remove module
+ CHECK_RESULT 1 0 0 'Error, Fail to rm'
+ actual_result=1
+ expect_result=0
+ mode=0
+ error_log='Error, Fail to rm'
+ exit_mode=0
+ '[' -z 1 ']'
+ '[' 0 -eq 0 ']'
+ test 1x '!=' 0x
+ test -n 'Error, Fail to rm'
+ LOG_ERROR 'Error, Fail to rm'
+ message='Error, Fail to rm'
+ python3 /root/mugen/libs/locallibs/mugen_log.py --level error --message 'Error, Fail to rm'
Wed Aug  9 00:19:39 2023 - ERROR - Error, Fail to rm
+ (( exec_result++ ))
+ LOG_ERROR 'oe_test_python3-kmod.sh line 33'
+ message='oe_test_python3-kmod.sh line 33'
+ python3 /root/mugen/libs/locallibs/mugen_log.py --level error --message 'oe_test_python3-kmod.sh line 33'
Wed Aug  9 00:19:41 2023 - ERROR - oe_test_python3-kmod.sh line 33
+ '[' 0 -eq 1 ']'
+ return 0
+ LOG_INFO 'End to run test.'
+ message='End to run test.'
+ python3 /root/mugen/libs/locallibs/mugen_log.py --level info --message 'End to run test.'
Wed Aug  9 00:19:43 2023 - INFO  - End to run test.
+ CASE_RESULT 0
+ case_re=0
+ test -z 2
+ test 2 -gt 0
+ LOG_ERROR 'failed to execute the case.'
+ message='failed to execute the case.'
+ python3 /root/mugen/libs/locallibs/mugen_log.py --level error --message 'failed to execute the case.'
Wed Aug  9 00:19:45 2023 - ERROR - failed to execute the case.
+ exit 2
+ post_test
+ LOG_INFO 'Start to restore the test environment.'
+ message='Start to restore the test environment.'
+ python3 /root/mugen/libs/locallibs/mugen_log.py --level info --message 'Start to restore the test environment.'
Wed Aug  9 00:19:48 2023 - INFO  - Start to restore the test environment.
+ DNF_REMOVE
+ node=1
+ pkg_list=
+ mode=0
+ [[ -z /tmp/tmp5rroafdw ]]
+ '[' 0 -ne 0 ']'
+ '[' 1 == 0 ']'
+ python3 /root/mugen/libs/locallibs/rpm_manage.py remove --node 1 --pkgs '' --tempfile /tmp/tmp5rroafdw
+ '[' 0 -ne 0 ']'
+ LOG_INFO 'End to restore the test environment.'
+ message='End to restore the test environment.'
+ python3 /root/mugen/libs/locallibs/mugen_log.py --level info --message 'End to restore the test environment.'
Wed Aug  9 00:20:17 2023 - INFO  - End to restore the test environment.
