+ source /root/mugen/libs/locallibs/common_lib.sh
++ python3 --version
++ '[' 0 -eq 0 ']'
++ source /root/mugen/libs/locallibs/common_lib_python.sh
+ main
++ type -t post_test
+ '[' -n function ']'
+ trap post_test EXIT INT HUP TERM
+ rpm -qa
+ grep expect
++ type -t config_params
+ '[' -n function ']'
+ config_params
+ LOG_INFO 'Start to config the test environment.'
+ message='Start to config the test environment.'
+ python3 /root/mugen/libs/locallibs/mugen_log.py --level info --message 'Start to config the test environment.'
Fri Sep 22 08:50:04 2023 - INFO  - Start to config the test environment.
++ tuned-adm active
++ awk '{print $4}'
Traceback (most recent call last):
  File "/usr/lib/python3.11/site-packages/tuned/utils/global_config.py", line 44, in load_config
    with open(file_name) as f:
         ^^^^^^^^^^^^^^^
FileNotFoundError: [Errno 2] No such file or directory: '/etc/tuned/tuned-main.conf'

During handling of the above exception, another exception occurred:

Traceback (most recent call last):
  File "/usr/sbin/tuned-adm", line 50, in <module>
    config = GlobalConfig()
             ^^^^^^^^^^^^^^
  File "/usr/lib/python3.11/site-packages/tuned/utils/global_config.py", line 15, in __init__
    self.load_config(file_name=config_file)
  File "/usr/lib/python3.11/site-packages/tuned/utils/global_config.py", line 59, in load_config
    raise TunedException("Global TuneD configuration file '%s' not found." % file_name)
tuned.exceptions.TunedException: Global TuneD configuration file '/etc/tuned/tuned-main.conf' not found.
+ old_profile=
+ LOG_INFO 'End to config the test environment.'
+ message='End to config the test environment.'
+ python3 /root/mugen/libs/locallibs/mugen_log.py --level info --message 'End to config the test environment.'
Fri Sep 22 08:50:06 2023 - INFO  - End to config the test environment.
++ type -t pre_test
+ '[' -n function ']'
+ pre_test
+ LOG_INFO 'Start to prepare the test environment.'
+ message='Start to prepare the test environment.'
+ python3 /root/mugen/libs/locallibs/mugen_log.py --level info --message 'Start to prepare the test environment.'
Fri Sep 22 08:50:07 2023 - INFO  - Start to prepare the test environment.
+ DNF_INSTALL tuned
+ pkgs=tuned
+ node=1
+ '[' -z '' ']'
+ tmpfile=
++ python3 /root/mugen/libs/locallibs/rpm_manage.py install --pkgs tuned --node 1 --tempfile ''
Fri Sep 22 08:50:14 2023 - INFO  - pkgs:(tuned) is already installed
+ tmpfile2=
+ '[' -z '' ']'
+ tmpfile=
+ systemctl enable --now tuned
Job for tuned.service failed because the control process exited with error code.
See "systemctl status tuned.service" and "journalctl -xeu tuned.service" for details.
+ test -d /etc/tuned/my-profile_new
+ mkdir /etc/tuned/my-profile_new
mkdir: cannot create directory ‘/etc/tuned/my-profile_new’: No such file or directory
+ echo '[main]
summary=General non-specialized tuned profile
[cpu]
governor=conservative
energy_perf_bias=normal
[audio]
timeout=10
[video]
radeon_powersave=dpm-balanced, auto'
oe_test_disk_tuned_modify.sh: line 40: /etc/tuned/my-profile_new/tuned.conf: No such file or directory
+ test -d /etc/tuned/modified-profile
+ mkdir /etc/tuned/modified-profile
mkdir: cannot create directory ‘/etc/tuned/modified-profile’: No such file or directory
+ echo '[main]
include=my-profile_new'
oe_test_disk_tuned_modify.sh: line 43: /etc/tuned/modified-profile/tuned.conf: No such file or directory
+ LOG_INFO 'End to prepare the test environment.'
+ message='End to prepare the test environment.'
+ python3 /root/mugen/libs/locallibs/mugen_log.py --level info --message 'End to prepare the test environment.'
Fri Sep 22 08:50:20 2023 - INFO  - End to prepare the test environment.
++ type -t run_test
+ '[' -n function ']'
+ run_test
+ LOG_INFO 'Start to run test.'
+ message='Start to run test.'
+ python3 /root/mugen/libs/locallibs/mugen_log.py --level info --message 'Start to run test.'
Fri Sep 22 08:50:20 2023 - INFO  - Start to run test.
+ tuned-adm profile modified-profile
Traceback (most recent call last):
  File "/usr/lib/python3.11/site-packages/tuned/utils/global_config.py", line 44, in load_config
    with open(file_name) as f:
         ^^^^^^^^^^^^^^^
FileNotFoundError: [Errno 2] No such file or directory: '/etc/tuned/tuned-main.conf'

During handling of the above exception, another exception occurred:

Traceback (most recent call last):
  File "/usr/sbin/tuned-adm", line 50, in <module>
    config = GlobalConfig()
             ^^^^^^^^^^^^^^
  File "/usr/lib/python3.11/site-packages/tuned/utils/global_config.py", line 15, in __init__
    self.load_config(file_name=config_file)
  File "/usr/lib/python3.11/site-packages/tuned/utils/global_config.py", line 59, in load_config
    raise TunedException("Global TuneD configuration file '%s' not found." % file_name)
tuned.exceptions.TunedException: Global TuneD configuration file '/etc/tuned/tuned-main.conf' not found.
+ CHECK_RESULT 1
+ actual_result=1
+ expect_result=0
+ mode=0
+ error_log=
+ exit_mode=0
+ '[' -z 1 ']'
+ '[' 0 -eq 0 ']'
+ test 1x '!=' 0x
+ test -n ''
+ (( exec_result++ ))
+ LOG_ERROR 'oe_test_disk_tuned_modify.sh line 50'
+ message='oe_test_disk_tuned_modify.sh line 50'
+ python3 /root/mugen/libs/locallibs/mugen_log.py --level error --message 'oe_test_disk_tuned_modify.sh line 50'
Fri Sep 22 08:50:22 2023 - ERROR - oe_test_disk_tuned_modify.sh line 50
+ '[' 0 -eq 1 ']'
+ return 0
+ tuned-adm active
+ grep modified-profile
Traceback (most recent call last):
  File "/usr/lib/python3.11/site-packages/tuned/utils/global_config.py", line 44, in load_config
    with open(file_name) as f:
         ^^^^^^^^^^^^^^^
FileNotFoundError: [Errno 2] No such file or directory: '/etc/tuned/tuned-main.conf'

During handling of the above exception, another exception occurred:

Traceback (most recent call last):
  File "/usr/sbin/tuned-adm", line 50, in <module>
    config = GlobalConfig()
             ^^^^^^^^^^^^^^
  File "/usr/lib/python3.11/site-packages/tuned/utils/global_config.py", line 15, in __init__
    self.load_config(file_name=config_file)
  File "/usr/lib/python3.11/site-packages/tuned/utils/global_config.py", line 59, in load_config
    raise TunedException("Global TuneD configuration file '%s' not found." % file_name)
tuned.exceptions.TunedException: Global TuneD configuration file '/etc/tuned/tuned-main.conf' not found.
+ CHECK_RESULT 1
+ actual_result=1
+ expect_result=0
+ mode=0
+ error_log=
+ exit_mode=0
+ '[' -z 1 ']'
+ '[' 0 -eq 0 ']'
+ test 1x '!=' 0x
+ test -n ''
+ (( exec_result++ ))
+ LOG_ERROR 'oe_test_disk_tuned_modify.sh line 52'
+ message='oe_test_disk_tuned_modify.sh line 52'
+ python3 /root/mugen/libs/locallibs/mugen_log.py --level error --message 'oe_test_disk_tuned_modify.sh line 52'
Fri Sep 22 08:50:24 2023 - ERROR - oe_test_disk_tuned_modify.sh line 52
+ '[' 0 -eq 1 ']'
+ return 0
+ tuned-adm verify
+ grep succeeded
Traceback (most recent call last):
  File "/usr/lib/python3.11/site-packages/tuned/utils/global_config.py", line 44, in load_config
    with open(file_name) as f:
         ^^^^^^^^^^^^^^^
FileNotFoundError: [Errno 2] No such file or directory: '/etc/tuned/tuned-main.conf'

During handling of the above exception, another exception occurred:

Traceback (most recent call last):
  File "/usr/sbin/tuned-adm", line 50, in <module>
    config = GlobalConfig()
             ^^^^^^^^^^^^^^
  File "/usr/lib/python3.11/site-packages/tuned/utils/global_config.py", line 15, in __init__
    self.load_config(file_name=config_file)
  File "/usr/lib/python3.11/site-packages/tuned/utils/global_config.py", line 59, in load_config
    raise TunedException("Global TuneD configuration file '%s' not found." % file_name)
tuned.exceptions.TunedException: Global TuneD configuration file '/etc/tuned/tuned-main.conf' not found.
+ CHECK_RESULT 1
+ actual_result=1
+ expect_result=0
+ mode=0
+ error_log=
+ exit_mode=0
+ '[' -z 1 ']'
+ '[' 0 -eq 0 ']'
+ test 1x '!=' 0x
+ test -n ''
+ (( exec_result++ ))
+ LOG_ERROR 'oe_test_disk_tuned_modify.sh line 54'
+ message='oe_test_disk_tuned_modify.sh line 54'
+ python3 /root/mugen/libs/locallibs/mugen_log.py --level error --message 'oe_test_disk_tuned_modify.sh line 54'
Fri Sep 22 08:50:26 2023 - ERROR - oe_test_disk_tuned_modify.sh line 54
+ '[' 0 -eq 1 ']'
+ return 0
+ LOG_INFO 'End to run test.'
+ message='End to run test.'
+ python3 /root/mugen/libs/locallibs/mugen_log.py --level info --message 'End to run test.'
Fri Sep 22 08:50:26 2023 - INFO  - End to run test.
+ CASE_RESULT 0
+ case_re=0
+ test -z 3
+ test 3 -gt 0
+ LOG_ERROR 'failed to execute the case.'
+ message='failed to execute the case.'
+ python3 /root/mugen/libs/locallibs/mugen_log.py --level error --message 'failed to execute the case.'
Fri Sep 22 08:50:27 2023 - ERROR - failed to execute the case.
+ exit 3
+ post_test
+ LOG_INFO 'Start to restore the test environment.'
+ message='Start to restore the test environment.'
+ python3 /root/mugen/libs/locallibs/mugen_log.py --level info --message 'Start to restore the test environment.'
Fri Sep 22 08:50:27 2023 - INFO  - Start to restore the test environment.
+ rm -rf /etc/tuned/modified-profile /etc/tuned/my-profile_new
+ tuned-adm profile ''
Traceback (most recent call last):
  File "/usr/lib/python3.11/site-packages/tuned/utils/global_config.py", line 44, in load_config
    with open(file_name) as f:
         ^^^^^^^^^^^^^^^
FileNotFoundError: [Errno 2] No such file or directory: '/etc/tuned/tuned-main.conf'

During handling of the above exception, another exception occurred:

Traceback (most recent call last):
  File "/usr/sbin/tuned-adm", line 50, in <module>
    config = GlobalConfig()
             ^^^^^^^^^^^^^^
  File "/usr/lib/python3.11/site-packages/tuned/utils/global_config.py", line 15, in __init__
    self.load_config(file_name=config_file)
  File "/usr/lib/python3.11/site-packages/tuned/utils/global_config.py", line 59, in load_config
    raise TunedException("Global TuneD configuration file '%s' not found." % file_name)
tuned.exceptions.TunedException: Global TuneD configuration file '/etc/tuned/tuned-main.conf' not found.
+ DNF_REMOVE
+ node=1
+ pkg_list=
+ mode=0
+ [[ -z '' ]]
+ [[ -z '' ]]
+ LOG_WARN 'no thing to do.'
+ message='no thing to do.'
+ python3 /root/mugen/libs/locallibs/mugen_log.py --level warn --message 'no thing to do.'
Fri Sep 22 08:50:29 2023 - WARN  - no thing to do.
+ return 0
+ LOG_INFO 'End to restore the test environment.'
+ message='End to restore the test environment.'
+ python3 /root/mugen/libs/locallibs/mugen_log.py --level info --message 'End to restore the test environment.'
Fri Sep 22 08:50:29 2023 - INFO  - End to restore the test environment.
