+ source ../common/common_lib.sh
+ source ../common/common_lib.sh
+ source ../common/common_lib.sh
+ source ../common/common_lib.sh
++ source /root/mugen/libs/locallibs/common_lib.sh
++ source /root/mugen/libs/locallibs/common_lib.sh
++ source /root/mugen/libs/locallibs/common_lib.sh
++ source /root/mugen/libs/locallibs/common_lib.sh
+++ python3 --version
+++ python3 --version
+++ python3 --version
+++ python3 --version
+++ '[' 0 -eq 0 ']'
+++ '[' 0 -eq 0 ']'
+++ '[' 0 -eq 0 ']'
+++ '[' 0 -eq 0 ']'
+++ source /root/mugen/libs/locallibs/common_lib_python.sh
+++ source /root/mugen/libs/locallibs/common_lib_python.sh
+++ source /root/mugen/libs/locallibs/common_lib_python.sh
+++ source /root/mugen/libs/locallibs/common_lib_python.sh
+ main
+ main
+ main
++ type -t post_test
++ type -t post_test
++ type -t post_test
+ main
+ '[' -n function ']'
+ '[' -n function ']'
+ trap post_test EXIT INT HUP TERM
+ trap post_test EXIT INT HUP TERM
+ '[' -n function ']'
+ trap post_test EXIT INT HUP TERM
+ rpm -qa
+ grep expect
+ rpm -qa
++ type -t post_test
+ grep expect
+ rpm -qa
+ grep expect
+ '[' -n function ']'
+ trap post_test EXIT INT HUP TERM
+ grep expect
+ rpm -qa
++ type -t config_params
++ type -t config_params
++ type -t config_params
+ '[' -n '' ']'
+ '[' -n '' ']'
+ '[' -n '' ']'
++ type -t config_params
+ '[' -n '' ']'
++ type -t pre_test
++ type -t pre_test
++ type -t pre_test
+ '[' -n function ']'
+ '[' -n function ']'
+ pre_test
+ '[' -n function ']'
+ pre_test
+ pre_test
+ LOG_INFO 'Start environmental preparation.'
+ LOG_INFO 'Start environmental preparation.'
+ LOG_INFO 'Start environmental preparation.'
+ message='Start environmental preparation.'
+ message='Start environmental preparation.'
+ message='Start environmental preparation.'
+ python3 /root/mugen/libs/locallibs/mugen_log.py --level info --message 'Start environmental preparation.'
+ python3 /root/mugen/libs/locallibs/mugen_log.py --level info --message 'Start environmental preparation.'
+ python3 /root/mugen/libs/locallibs/mugen_log.py --level info --message 'Start environmental preparation.'
++ type -t pre_test
+ '[' -n function ']'
+ pre_test
+ LOG_INFO 'Start environmental preparation.'
+ message='Start environmental preparation.'
+ python3 /root/mugen/libs/locallibs/mugen_log.py --level info --message 'Start environmental preparation.'
Tue Aug 22 03:20:24 2023 - INFO  - Start environmental preparation.
Tue Aug 22 03:20:24 2023 - INFO  - Start environmental preparation.
Tue Aug 22 03:20:24 2023 - INFO  - Start environmental preparation.
Tue Aug 22 03:20:24 2023 - INFO  - Start environmental preparation.
+ DNF_INSTALL sane-backends-daemon
+ pkgs=sane-backends-daemon
+ DNF_INSTALL sane-backends-daemon
+ node=1
+ '[' -z '' ']'
+ tmpfile=
+ pkgs=sane-backends-daemon
+ node=1
+ '[' -z '' ']'
+ tmpfile=
+ DNF_INSTALL sane-backends-daemon
+ pkgs=sane-backends-daemon
+ node=1
+ '[' -z '' ']'
+ tmpfile=
+ DNF_INSTALL sane-backends-daemon
+ pkgs=sane-backends-daemon
+ node=1
+ '[' -z '' ']'
+ tmpfile=
++ python3 /root/mugen/libs/locallibs/rpm_manage.py install --pkgs sane-backends-daemon --node 1 --tempfile ''
++ python3 /root/mugen/libs/locallibs/rpm_manage.py install --pkgs sane-backends-daemon --node 1 --tempfile ''
++ python3 /root/mugen/libs/locallibs/rpm_manage.py install --pkgs sane-backends-daemon --node 1 --tempfile ''
++ python3 /root/mugen/libs/locallibs/rpm_manage.py install --pkgs sane-backends-daemon --node 1 --tempfile ''
+ tmpfile2=/tmp/tmpruz1ufmq
+ '[' -z '' ']'
+ tmpfile=/tmp/tmpruz1ufmq
+ LOG_INFO 'End of environmental preparation!'
+ message='End of environmental preparation!'
+ python3 /root/mugen/libs/locallibs/mugen_log.py --level info --message 'End of environmental preparation!'
Tue Aug 22 03:20:37 2023 - INFO  - End of environmental preparation!
++ type -t run_test
+ '[' -n function ']'
+ run_test
+ LOG_INFO 'Start to run test.'
+ message='Start to run test.'
+ python3 /root/mugen/libs/locallibs/mugen_log.py --level info --message 'Start to run test.'
Tue Aug 22 03:20:37 2023 - INFO  - Start to run test.
+ test_execution saned.socket
+ service=saned.socket
++ date '+%Y-%m-%d %T'
+ log_time='2023-08-22 03:20:37'
+ test_restart saned.socket
+ service=saned.socket
+ systemctl restart saned.socket
+ CHECK_RESULT 0 0 0 'saned.socket restart failed'
+ actual_result=0
+ expect_result=0
+ mode=0
+ error_log='saned.socket restart failed'
+ exit_mode=0
+ '[' -z 0 ']'
+ '[' 0 -eq 0 ']'
+ test 0x '!=' 0x
+ return 0
+ SLEEP_WAIT 5
+ wait_time=5
+ cmd=
+ mode=1
+ python3 /root/mugen/libs/locallibs/sleep_wait.py --time 5 --cmd '' --mode 1
+ tmpfile2='Last metadata expiration check: 0:00:05 ago on Tue 22 Aug 2023 03:20:25 AM UTC.
Dependencies resolved.
================================================================================
 Package                         Arch    Version              Repository   Size
================================================================================
Installing:
 sane-backends-daemon            x86_64  1.0.28-11.oe2309     everything   32 k
Installing dependencies:
 gd                              x86_64  2.3.3-4.oe2309       OS          124 k
 libXpm                          x86_64  3.5.16-1.oe2309      OS           42 k
 libexif                         x86_64  0.6.22-3.oe2309      OS          420 k
 libgphoto2                      x86_64  2.5.18-4.oe2309      OS          1.3 M
 libieee1284                     x86_64  0.2.11-32.oe2309     OS           35 k
 libv4l                          x86_64  1.24.1-1.oe2309      OS          196 k
 libwebp                         x86_64  1.3.1-1.oe2309       OS          248 k
 lockdev                         x86_64  1.0.4-0.31.oe2309    OS           29 k
 sane-backends                   x86_64  1.0.28-11.oe2309     OS          562 k
 sane-backends-libs              x86_64  1.0.28-11.oe2309     OS           23 k
Installing weak dependencies:
 sane-backends-drivers-cameras   x86_64  1.0.28-11.oe2309     OS           28 k
 sane-backends-drivers-scanners  x86_64  1.0.28-11.oe2309     OS          2.4 M

Transaction Summary
================================================================================
Install  13 Packages

Total size: 5.4 M
Total download size: 3.0 M
Installed size: 24 M
Downloading Packages:
Waiting for process with pid 1376 to finish.
[SKIPPED] gd-2.3.3-4.oe2309.x86_64.rpm: Already downloaded                     
[SKIPPED] libXpm-3.5.16-1.oe2309.x86_64.rpm: Already downloaded                
[SKIPPED] libexif-0.6.22-3.oe2309.x86_64.rpm: Already downloaded               
[SKIPPED] libgphoto2-2.5.18-4.oe2309.x86_64.rpm: Already downloaded            
[SKIPPED] libieee1284-0.2.11-32.oe2309.x86_64.rpm: Already downloaded          
[SKIPPED] libv4l-1.24.1-1.oe2309.x86_64.rpm: Already downloaded                
[SKIPPED] libwebp-1.3.1-1.oe2309.x86_64.rpm: Already downloaded                
[SKIPPED] lockdev-1.0.4-0.31.oe2309.x86_64.rpm: Already downloaded             
[SKIPPED] sane-backends-1.0.28-11.oe2309.x86_64.rpm: Already downloaded        
[SKIPPED] sane-backends-drivers-cameras-1.0.28-11.oe2309.x86_64.rpm: Already downloaded
[SKIPPED] sane-backends-drivers-scanners-1.0.28-11.oe2309.x86_64.rpm: Already downloaded
[SKIPPED] sane-backends-libs-1.0.28-11.oe2309.x86_64.rpm: Already downloaded   
[SKIPPED] sane-backends-daemon-1.0.28-11.oe2309.x86_64.rpm: Already downloaded 
Running transaction check
Waiting for process with pid 1376 to finish.
[Errno 2] No such file or directory: '\''/var/cache/dnf/OS-907e15d61fb38d5f/packages/gd-2.3.3-4.oe2309.x86_64.rpm'\''
The downloaded packages were saved in cache until the next successful transaction.
You can remove cached packages by executing '\''dnf clean packages'\''.'
+ '[' -z '' ']'
+ tmpfile='Last metadata expiration check: 0:00:05 ago on Tue 22 Aug 2023 03:20:25 AM UTC.
Dependencies resolved.
================================================================================
 Package                         Arch    Version              Repository   Size
================================================================================
Installing:
 sane-backends-daemon            x86_64  1.0.28-11.oe2309     everything   32 k
Installing dependencies:
 gd                              x86_64  2.3.3-4.oe2309       OS          124 k
 libXpm                          x86_64  3.5.16-1.oe2309      OS           42 k
 libexif                         x86_64  0.6.22-3.oe2309      OS          420 k
 libgphoto2                      x86_64  2.5.18-4.oe2309      OS          1.3 M
 libieee1284                     x86_64  0.2.11-32.oe2309     OS           35 k
 libv4l                          x86_64  1.24.1-1.oe2309      OS          196 k
 libwebp                         x86_64  1.3.1-1.oe2309       OS          248 k
 lockdev                         x86_64  1.0.4-0.31.oe2309    OS           29 k
 sane-backends                   x86_64  1.0.28-11.oe2309     OS          562 k
 sane-backends-libs              x86_64  1.0.28-11.oe2309     OS           23 k
Installing weak dependencies:
 sane-backends-drivers-cameras   x86_64  1.0.28-11.oe2309     OS           28 k
 sane-backends-drivers-scanners  x86_64  1.0.28-11.oe2309     OS          2.4 M

Transaction Summary
================================================================================
Install  13 Packages

Total size: 5.4 M
Total download size: 3.0 M
Installed size: 24 M
Downloading Packages:
Waiting for process with pid 1376 to finish.
[SKIPPED] gd-2.3.3-4.oe2309.x86_64.rpm: Already downloaded                     
[SKIPPED] libXpm-3.5.16-1.oe2309.x86_64.rpm: Already downloaded                
[SKIPPED] libexif-0.6.22-3.oe2309.x86_64.rpm: Already downloaded               
[SKIPPED] libgphoto2-2.5.18-4.oe2309.x86_64.rpm: Already downloaded            
[SKIPPED] libieee1284-0.2.11-32.oe2309.x86_64.rpm: Already downloaded          
[SKIPPED] libv4l-1.24.1-1.oe2309.x86_64.rpm: Already downloaded                
[SKIPPED] libwebp-1.3.1-1.oe2309.x86_64.rpm: Already downloaded                
[SKIPPED] lockdev-1.0.4-0.31.oe2309.x86_64.rpm: Already downloaded             
[SKIPPED] sane-backends-1.0.28-11.oe2309.x86_64.rpm: Already downloaded        
[SKIPPED] sane-backends-drivers-cameras-1.0.28-11.oe2309.x86_64.rpm: Already downloaded
[SKIPPED] sane-backends-drivers-scanners-1.0.28-11.oe2309.x86_64.rpm: Already downloaded
[SKIPPED] sane-backends-libs-1.0.28-11.oe2309.x86_64.rpm: Already downloaded   
[SKIPPED] sane-backends-daemon-1.0.28-11.oe2309.x86_64.rpm: Already downloaded 
Running transaction check
Waiting for process with pid 1376 to finish.
[Errno 2] No such file or directory: '\''/var/cache/dnf/OS-907e15d61fb38d5f/packages/gd-2.3.3-4.oe2309.x86_64.rpm'\''
The downloaded packages were saved in cache until the next successful transaction.
You can remove cached packages by executing '\''dnf clean packages'\''.'
+ LOG_INFO 'End of environmental preparation!'
+ message='End of environmental preparation!'
+ python3 /root/mugen/libs/locallibs/mugen_log.py --level info --message 'End of environmental preparation!'
+ tmpfile2='Last metadata expiration check: 0:00:07 ago on Tue 22 Aug 2023 03:20:25 AM UTC.
Dependencies resolved.
================================================================================
 Package                         Arch    Version              Repository   Size
================================================================================
Installing:
 sane-backends-daemon            x86_64  1.0.28-11.oe2309     everything   32 k
Installing dependencies:
 gd                              x86_64  2.3.3-4.oe2309       OS          124 k
 libXpm                          x86_64  3.5.16-1.oe2309      OS           42 k
 libexif                         x86_64  0.6.22-3.oe2309      OS          420 k
 libgphoto2                      x86_64  2.5.18-4.oe2309      OS          1.3 M
 libieee1284                     x86_64  0.2.11-32.oe2309     OS           35 k
 libv4l                          x86_64  1.24.1-1.oe2309      OS          196 k
 libwebp                         x86_64  1.3.1-1.oe2309       OS          248 k
 lockdev                         x86_64  1.0.4-0.31.oe2309    OS           29 k
 sane-backends                   x86_64  1.0.28-11.oe2309     OS          562 k
 sane-backends-libs              x86_64  1.0.28-11.oe2309     OS           23 k
Installing weak dependencies:
 sane-backends-drivers-cameras   x86_64  1.0.28-11.oe2309     OS           28 k
 sane-backends-drivers-scanners  x86_64  1.0.28-11.oe2309     OS          2.4 M

Transaction Summary
================================================================================
Install  13 Packages

Total size: 5.4 M
Total download size: 2.4 M
Installed size: 24 M
Downloading Packages:
Waiting for process with pid 1376 to finish.
[SKIPPED] gd-2.3.3-4.oe2309.x86_64.rpm: Already downloaded                     
[SKIPPED] libXpm-3.5.16-1.oe2309.x86_64.rpm: Already downloaded                
[SKIPPED] libexif-0.6.22-3.oe2309.x86_64.rpm: Already downloaded               
[SKIPPED] libgphoto2-2.5.18-4.oe2309.x86_64.rpm: Already downloaded            
[SKIPPED] libieee1284-0.2.11-32.oe2309.x86_64.rpm: Already downloaded          
[SKIPPED] libv4l-1.24.1-1.oe2309.x86_64.rpm: Already downloaded                
[SKIPPED] libwebp-1.3.1-1.oe2309.x86_64.rpm: Already downloaded                
[SKIPPED] lockdev-1.0.4-0.31.oe2309.x86_64.rpm: Already downloaded             
[SKIPPED] sane-backends-1.0.28-11.oe2309.x86_64.rpm: Already downloaded        
[SKIPPED] sane-backends-drivers-cameras-1.0.28-11.oe2309.x86_64.rpm: Already downloaded
[SKIPPED] sane-backends-drivers-scanners-1.0.28-11.oe2309.x86_64.rpm: Already downloaded
[SKIPPED] sane-backends-libs-1.0.28-11.oe2309.x86_64.rpm: Already downloaded   
[SKIPPED] sane-backends-daemon-1.0.28-11.oe2309.x86_64.rpm: Already downloaded 
Running transaction check
Waiting for process with pid 1376 to finish.
[Errno 2] No such file or directory: '\''/var/cache/dnf/OS-907e15d61fb38d5f/packages/gd-2.3.3-4.oe2309.x86_64.rpm'\''
The downloaded packages were saved in cache until the next successful transaction.
You can remove cached packages by executing '\''dnf clean packages'\''.'
+ '[' -z '' ']'
+ tmpfile='Last metadata expiration check: 0:00:07 ago on Tue 22 Aug 2023 03:20:25 AM UTC.
Dependencies resolved.
================================================================================
 Package                         Arch    Version              Repository   Size
================================================================================
Installing:
 sane-backends-daemon            x86_64  1.0.28-11.oe2309     everything   32 k
Installing dependencies:
 gd                              x86_64  2.3.3-4.oe2309       OS          124 k
 libXpm                          x86_64  3.5.16-1.oe2309      OS           42 k
 libexif                         x86_64  0.6.22-3.oe2309      OS          420 k
 libgphoto2                      x86_64  2.5.18-4.oe2309      OS          1.3 M
 libieee1284                     x86_64  0.2.11-32.oe2309     OS           35 k
 libv4l                          x86_64  1.24.1-1.oe2309      OS          196 k
 libwebp                         x86_64  1.3.1-1.oe2309       OS          248 k
 lockdev                         x86_64  1.0.4-0.31.oe2309    OS           29 k
 sane-backends                   x86_64  1.0.28-11.oe2309     OS          562 k
 sane-backends-libs              x86_64  1.0.28-11.oe2309     OS           23 k
Installing weak dependencies:
 sane-backends-drivers-cameras   x86_64  1.0.28-11.oe2309     OS           28 k
 sane-backends-drivers-scanners  x86_64  1.0.28-11.oe2309     OS          2.4 M

Transaction Summary
================================================================================
Install  13 Packages

Total size: 5.4 M
Total download size: 2.4 M
Installed size: 24 M
Downloading Packages:
Waiting for process with pid 1376 to finish.
[SKIPPED] gd-2.3.3-4.oe2309.x86_64.rpm: Already downloaded                     
[SKIPPED] libXpm-3.5.16-1.oe2309.x86_64.rpm: Already downloaded                
[SKIPPED] libexif-0.6.22-3.oe2309.x86_64.rpm: Already downloaded               
[SKIPPED] libgphoto2-2.5.18-4.oe2309.x86_64.rpm: Already downloaded            
[SKIPPED] libieee1284-0.2.11-32.oe2309.x86_64.rpm: Already downloaded          
[SKIPPED] libv4l-1.24.1-1.oe2309.x86_64.rpm: Already downloaded                
[SKIPPED] libwebp-1.3.1-1.oe2309.x86_64.rpm: Already downloaded                
[SKIPPED] lockdev-1.0.4-0.31.oe2309.x86_64.rpm: Already downloaded             
[SKIPPED] sane-backends-1.0.28-11.oe2309.x86_64.rpm: Already downloaded        
[SKIPPED] sane-backends-drivers-cameras-1.0.28-11.oe2309.x86_64.rpm: Already downloaded
[SKIPPED] sane-backends-drivers-scanners-1.0.28-11.oe2309.x86_64.rpm: Already downloaded
[SKIPPED] sane-backends-libs-1.0.28-11.oe2309.x86_64.rpm: Already downloaded   
[SKIPPED] sane-backends-daemon-1.0.28-11.oe2309.x86_64.rpm: Already downloaded 
Running transaction check
Waiting for process with pid 1376 to finish.
[Errno 2] No such file or directory: '\''/var/cache/dnf/OS-907e15d61fb38d5f/packages/gd-2.3.3-4.oe2309.x86_64.rpm'\''
The downloaded packages were saved in cache until the next successful transaction.
You can remove cached packages by executing '\''dnf clean packages'\''.'
+ LOG_INFO 'End of environmental preparation!'
+ message='End of environmental preparation!'
+ python3 /root/mugen/libs/locallibs/mugen_log.py --level info --message 'End of environmental preparation!'
Tue Aug 22 03:20:37 2023 - INFO  - End of environmental preparation!
++ type -t run_test
+ '[' -n function ']'
+ run_test
+ LOG_INFO 'Start to run test.'
+ message='Start to run test.'
+ python3 /root/mugen/libs/locallibs/mugen_log.py --level info --message 'Start to run test.'
Tue Aug 22 03:20:37 2023 - INFO  - End of environmental preparation!
++ type -t run_test
+ '[' -n function ']'
+ run_test
+ LOG_INFO 'Start to run test.'
+ message='Start to run test.'
+ python3 /root/mugen/libs/locallibs/mugen_log.py --level info --message 'Start to run test.'
+ tmpfile2='Last metadata expiration check: 0:00:04 ago on Tue 22 Aug 2023 03:20:25 AM UTC.
Dependencies resolved.
================================================================================
 Package                         Arch    Version              Repository   Size
================================================================================
Installing:
 sane-backends-daemon            x86_64  1.0.28-11.oe2309     everything   32 k
Installing dependencies:
 gd                              x86_64  2.3.3-4.oe2309       OS          124 k
 libXpm                          x86_64  3.5.16-1.oe2309      OS           42 k
 libexif                         x86_64  0.6.22-3.oe2309      OS          420 k
 libgphoto2                      x86_64  2.5.18-4.oe2309      OS          1.3 M
 libieee1284                     x86_64  0.2.11-32.oe2309     OS           35 k
 libv4l                          x86_64  1.24.1-1.oe2309      OS          196 k
 libwebp                         x86_64  1.3.1-1.oe2309       OS          248 k
 lockdev                         x86_64  1.0.4-0.31.oe2309    OS           29 k
 sane-backends                   x86_64  1.0.28-11.oe2309     OS          562 k
 sane-backends-libs              x86_64  1.0.28-11.oe2309     OS           23 k
Installing weak dependencies:
 sane-backends-drivers-cameras   x86_64  1.0.28-11.oe2309     OS           28 k
 sane-backends-drivers-scanners  x86_64  1.0.28-11.oe2309     OS          2.4 M

Transaction Summary
================================================================================
Install  13 Packages

Total size: 5.4 M
Total download size: 4.6 M
Installed size: 24 M
Downloading Packages:
Waiting for process with pid 1376 to finish.
[SKIPPED] gd-2.3.3-4.oe2309.x86_64.rpm: Already downloaded                     
[SKIPPED] libXpm-3.5.16-1.oe2309.x86_64.rpm: Already downloaded                
[SKIPPED] libexif-0.6.22-3.oe2309.x86_64.rpm: Already downloaded               
[SKIPPED] libgphoto2-2.5.18-4.oe2309.x86_64.rpm: Already downloaded            
[SKIPPED] libieee1284-0.2.11-32.oe2309.x86_64.rpm: Already downloaded          
[SKIPPED] libv4l-1.24.1-1.oe2309.x86_64.rpm: Already downloaded                
[SKIPPED] libwebp-1.3.1-1.oe2309.x86_64.rpm: Already downloaded                
[SKIPPED] lockdev-1.0.4-0.31.oe2309.x86_64.rpm: Already downloaded             
[SKIPPED] sane-backends-1.0.28-11.oe2309.x86_64.rpm: Already downloaded        
[SKIPPED] sane-backends-drivers-cameras-1.0.28-11.oe2309.x86_64.rpm: Already downloaded
[SKIPPED] sane-backends-drivers-scanners-1.0.28-11.oe2309.x86_64.rpm: Already downloaded
[SKIPPED] sane-backends-libs-1.0.28-11.oe2309.x86_64.rpm: Already downloaded   
[SKIPPED] sane-backends-daemon-1.0.28-11.oe2309.x86_64.rpm: Already downloaded 
Running transaction check
Waiting for process with pid 1376 to finish.
[Errno 2] No such file or directory: '\''/var/cache/dnf/OS-907e15d61fb38d5f/packages/gd-2.3.3-4.oe2309.x86_64.rpm'\''
The downloaded packages were saved in cache until the next successful transaction.
You can remove cached packages by executing '\''dnf clean packages'\''.'
+ '[' -z '' ']'
+ tmpfile='Last metadata expiration check: 0:00:04 ago on Tue 22 Aug 2023 03:20:25 AM UTC.
Dependencies resolved.
================================================================================
 Package                         Arch    Version              Repository   Size
================================================================================
Installing:
 sane-backends-daemon            x86_64  1.0.28-11.oe2309     everything   32 k
Installing dependencies:
 gd                              x86_64  2.3.3-4.oe2309       OS          124 k
 libXpm                          x86_64  3.5.16-1.oe2309      OS           42 k
 libexif                         x86_64  0.6.22-3.oe2309      OS          420 k
 libgphoto2                      x86_64  2.5.18-4.oe2309      OS          1.3 M
 libieee1284                     x86_64  0.2.11-32.oe2309     OS           35 k
 libv4l                          x86_64  1.24.1-1.oe2309      OS          196 k
 libwebp                         x86_64  1.3.1-1.oe2309       OS          248 k
 lockdev                         x86_64  1.0.4-0.31.oe2309    OS           29 k
 sane-backends                   x86_64  1.0.28-11.oe2309     OS          562 k
 sane-backends-libs              x86_64  1.0.28-11.oe2309     OS           23 k
Installing weak dependencies:
 sane-backends-drivers-cameras   x86_64  1.0.28-11.oe2309     OS           28 k
 sane-backends-drivers-scanners  x86_64  1.0.28-11.oe2309     OS          2.4 M

Transaction Summary
================================================================================
Install  13 Packages

Total size: 5.4 M
Total download size: 4.6 M
Installed size: 24 M
Downloading Packages:
Waiting for process with pid 1376 to finish.
[SKIPPED] gd-2.3.3-4.oe2309.x86_64.rpm: Already downloaded                     
[SKIPPED] libXpm-3.5.16-1.oe2309.x86_64.rpm: Already downloaded                
[SKIPPED] libexif-0.6.22-3.oe2309.x86_64.rpm: Already downloaded               
[SKIPPED] libgphoto2-2.5.18-4.oe2309.x86_64.rpm: Already downloaded            
[SKIPPED] libieee1284-0.2.11-32.oe2309.x86_64.rpm: Already downloaded          
[SKIPPED] libv4l-1.24.1-1.oe2309.x86_64.rpm: Already downloaded                
[SKIPPED] libwebp-1.3.1-1.oe2309.x86_64.rpm: Already downloaded                
[SKIPPED] lockdev-1.0.4-0.31.oe2309.x86_64.rpm: Already downloaded             
[SKIPPED] sane-backends-1.0.28-11.oe2309.x86_64.rpm: Already downloaded        
[SKIPPED] sane-backends-drivers-cameras-1.0.28-11.oe2309.x86_64.rpm: Already downloaded
[SKIPPED] sane-backends-drivers-scanners-1.0.28-11.oe2309.x86_64.rpm: Already downloaded
[SKIPPED] sane-backends-libs-1.0.28-11.oe2309.x86_64.rpm: Already downloaded   
[SKIPPED] sane-backends-daemon-1.0.28-11.oe2309.x86_64.rpm: Already downloaded 
Running transaction check
Waiting for process with pid 1376 to finish.
[Errno 2] No such file or directory: '\''/var/cache/dnf/OS-907e15d61fb38d5f/packages/gd-2.3.3-4.oe2309.x86_64.rpm'\''
The downloaded packages were saved in cache until the next successful transaction.
You can remove cached packages by executing '\''dnf clean packages'\''.'
+ LOG_INFO 'End of environmental preparation!'
+ message='End of environmental preparation!'
+ python3 /root/mugen/libs/locallibs/mugen_log.py --level info --message 'End of environmental preparation!'
Tue Aug 22 03:20:37 2023 - INFO  - Start to run test.
+ test_execution saned.socket
+ service=saned.socket
++ date '+%Y-%m-%d %T'
+ log_time='2023-08-22 03:20:37'
+ test_restart saned.socket
+ service=saned.socket
+ systemctl restart saned.socket
Tue Aug 22 03:20:37 2023 - INFO  - Start to run test.
+ test_execution saned.socket
+ service=saned.socket
++ date '+%Y-%m-%d %T'
+ CHECK_RESULT 0 0 0 'saned.socket restart failed'
+ actual_result=0
+ expect_result=0
+ mode=0
+ error_log='saned.socket restart failed'
+ exit_mode=0
+ '[' -z 0 ']'
+ '[' 0 -eq 0 ']'
+ test 0x '!=' 0x
+ return 0
+ SLEEP_WAIT 5
+ wait_time=5
+ cmd=
+ mode=1
+ python3 /root/mugen/libs/locallibs/sleep_wait.py --time 5 --cmd '' --mode 1
+ log_time='2023-08-22 03:20:37'
+ test_restart saned.socket
+ service=saned.socket
+ systemctl restart saned.socket
+ CHECK_RESULT 0 0 0 'saned.socket restart failed'
+ actual_result=0
+ expect_result=0
+ mode=0
+ error_log='saned.socket restart failed'
+ exit_mode=0
+ '[' -z 0 ']'
+ '[' 0 -eq 0 ']'
+ test 0x '!=' 0x
+ return 0
+ SLEEP_WAIT 5
+ wait_time=5
+ cmd=
+ mode=1
+ python3 /root/mugen/libs/locallibs/sleep_wait.py --time 5 --cmd '' --mode 1
Tue Aug 22 03:20:37 2023 - INFO  - End of environmental preparation!
++ type -t run_test
+ '[' -n function ']'
+ run_test
+ LOG_INFO 'Start to run test.'
+ message='Start to run test.'
+ python3 /root/mugen/libs/locallibs/mugen_log.py --level info --message 'Start to run test.'
Tue Aug 22 03:20:37 2023 - INFO  - Start to run test.
+ test_execution saned.socket
+ service=saned.socket
++ date '+%Y-%m-%d %T'
+ log_time='2023-08-22 03:20:37'
+ test_restart saned.socket
+ service=saned.socket
+ systemctl restart saned.socket
+ CHECK_RESULT 0 0 0 'saned.socket restart failed'
+ actual_result=0
+ expect_result=0
+ mode=0
+ error_log='saned.socket restart failed'
+ exit_mode=0
+ '[' -z 0 ']'
+ '[' 0 -eq 0 ']'
+ test 0x '!=' 0x
+ return 0
+ SLEEP_WAIT 5
+ wait_time=5
+ cmd=
+ mode=1
+ python3 /root/mugen/libs/locallibs/sleep_wait.py --time 5 --cmd '' --mode 1
+ grep 'Active: active'
+ systemctl status saned.socket
     Active: active (listening) since Tue 2023-08-22 03:20:37 UTC; 4s ago
+ CHECK_RESULT 0 0 0 'saned.socket restart failed'
+ actual_result=0
+ expect_result=0
+ mode=0
+ error_log='saned.socket restart failed'
+ exit_mode=0
+ '[' -z 0 ']'
+ '[' 0 -eq 0 ']'
+ test 0x '!=' 0x
+ return 0
+ systemctl stop saned.socket
+ CHECK_RESULT 0 0 0 'saned.socket stop failed'
+ actual_result=0
+ expect_result=0
+ mode=0
+ error_log='saned.socket stop failed'
+ exit_mode=0
+ '[' -z 0 ']'
+ '[' 0 -eq 0 ']'
+ test 0x '!=' 0x
+ return 0
+ SLEEP_WAIT 5
+ wait_time=5
+ cmd=
+ mode=1
+ python3 /root/mugen/libs/locallibs/sleep_wait.py --time 5 --cmd '' --mode 1
+ systemctl status saned.socket
+ grep 'Active: active'
+ systemctl status saned.socket
+ grep 'Active: active'
+ CHECK_RESULT 1 0 0 'saned.socket restart failed'
+ actual_result=1
+ expect_result=0
+ mode=0
+ error_log='saned.socket restart failed'
+ exit_mode=0
+ '[' -z 1 ']'
+ '[' 0 -eq 0 ']'
+ test 1x '!=' 0x
+ test -n 'saned.socket restart failed'
+ LOG_ERROR 'saned.socket restart failed'
+ message='saned.socket restart failed'
+ python3 /root/mugen/libs/locallibs/mugen_log.py --level error --message 'saned.socket restart failed'
+ CHECK_RESULT 1 0 0 'saned.socket restart failed'
+ actual_result=1
+ expect_result=0
+ mode=0
+ error_log='saned.socket restart failed'
+ exit_mode=0
+ '[' -z 1 ']'
+ '[' 0 -eq 0 ']'
+ test 1x '!=' 0x
+ test -n 'saned.socket restart failed'
+ LOG_ERROR 'saned.socket restart failed'
+ message='saned.socket restart failed'
+ python3 /root/mugen/libs/locallibs/mugen_log.py --level error --message 'saned.socket restart failed'
Tue Aug 22 03:20:42 2023 - ERROR - saned.socket restart failed
+ (( exec_result++ ))
+ LOG_ERROR '../common/common_lib.sh line 37'
+ message='../common/common_lib.sh line 37'
+ python3 /root/mugen/libs/locallibs/mugen_log.py --level error --message '../common/common_lib.sh line 37'
Tue Aug 22 03:20:42 2023 - ERROR - saned.socket restart failed
+ (( exec_result++ ))
+ LOG_ERROR '../common/common_lib.sh line 37'
+ message='../common/common_lib.sh line 37'
+ python3 /root/mugen/libs/locallibs/mugen_log.py --level error --message '../common/common_lib.sh line 37'
+ systemctl status saned.socket
+ grep 'Active: active'
+ CHECK_RESULT 1 0 0 'saned.socket restart failed'
+ actual_result=1
+ expect_result=0
+ mode=0
+ error_log='saned.socket restart failed'
+ exit_mode=0
+ '[' -z 1 ']'
+ '[' 0 -eq 0 ']'
+ test 1x '!=' 0x
+ test -n 'saned.socket restart failed'
+ LOG_ERROR 'saned.socket restart failed'
+ message='saned.socket restart failed'
+ python3 /root/mugen/libs/locallibs/mugen_log.py --level error --message 'saned.socket restart failed'
Tue Aug 22 03:20:42 2023 - ERROR - ../common/common_lib.sh line 37
+ '[' 0 -eq 1 ']'
+ return 0
+ systemctl stop saned.socket
+ CHECK_RESULT 0 0 0 'saned.socket stop failed'
+ actual_result=0
+ expect_result=0
+ mode=0
+ error_log='saned.socket stop failed'
+ exit_mode=0
+ '[' -z 0 ']'
+ '[' 0 -eq 0 ']'
+ test 0x '!=' 0x
+ return 0
+ SLEEP_WAIT 5
+ wait_time=5
+ cmd=
+ mode=1
+ python3 /root/mugen/libs/locallibs/sleep_wait.py --time 5 --cmd '' --mode 1
Tue Aug 22 03:20:42 2023 - ERROR - ../common/common_lib.sh line 37
+ '[' 0 -eq 1 ']'
+ return 0
+ systemctl stop saned.socket
Tue Aug 22 03:20:42 2023 - ERROR - saned.socket restart failed
+ CHECK_RESULT 0 0 0 'saned.socket stop failed'
+ actual_result=0
+ expect_result=0
+ mode=0
+ error_log='saned.socket stop failed'
+ exit_mode=0
+ '[' -z 0 ']'
+ '[' 0 -eq 0 ']'
+ test 0x '!=' 0x
+ return 0
+ SLEEP_WAIT 5
+ wait_time=5
+ cmd=
+ mode=1
+ python3 /root/mugen/libs/locallibs/sleep_wait.py --time 5 --cmd '' --mode 1
+ (( exec_result++ ))
+ LOG_ERROR '../common/common_lib.sh line 37'
+ message='../common/common_lib.sh line 37'
+ python3 /root/mugen/libs/locallibs/mugen_log.py --level error --message '../common/common_lib.sh line 37'
Tue Aug 22 03:20:42 2023 - ERROR - ../common/common_lib.sh line 37
+ '[' 0 -eq 1 ']'
+ return 0
+ systemctl stop saned.socket
+ CHECK_RESULT 0 0 0 'saned.socket stop failed'
+ actual_result=0
+ expect_result=0
+ mode=0
+ error_log='saned.socket stop failed'
+ exit_mode=0
+ '[' -z 0 ']'
+ '[' 0 -eq 0 ']'
+ test 0x '!=' 0x
+ return 0
+ SLEEP_WAIT 5
+ wait_time=5
+ cmd=
+ mode=1
+ python3 /root/mugen/libs/locallibs/sleep_wait.py --time 5 --cmd '' --mode 1
+ systemctl status saned.socket
+ grep 'Active: inactive'
     Active: inactive (dead)
+ CHECK_RESULT 0 0 0 'saned.socket stop failed'
+ actual_result=0
+ expect_result=0
+ mode=0
+ error_log='saned.socket stop failed'
+ exit_mode=0
+ '[' -z 0 ']'
+ '[' 0 -eq 0 ']'
+ test 0x '!=' 0x
+ return 0
+ systemctl start saned.socket
+ CHECK_RESULT 0 0 0 'saned.socket start failed'
+ actual_result=0
+ expect_result=0
+ mode=0
+ error_log='saned.socket start failed'
+ exit_mode=0
+ '[' -z 0 ']'
+ '[' 0 -eq 0 ']'
+ test 0x '!=' 0x
+ return 0
+ SLEEP_WAIT 5
+ wait_time=5
+ cmd=
+ mode=1
+ python3 /root/mugen/libs/locallibs/sleep_wait.py --time 5 --cmd '' --mode 1
+ systemctl status saned.socket
+ grep 'Active: inactive'
+ CHECK_RESULT 1 0 0 'saned.socket stop failed'
+ actual_result=1
+ expect_result=0
+ mode=0
+ error_log='saned.socket stop failed'
+ exit_mode=0
+ '[' -z 1 ']'
+ '[' 0 -eq 0 ']'
+ test 1x '!=' 0x
+ test -n 'saned.socket stop failed'
+ LOG_ERROR 'saned.socket stop failed'
+ message='saned.socket stop failed'
+ python3 /root/mugen/libs/locallibs/mugen_log.py --level error --message 'saned.socket stop failed'
Tue Aug 22 03:20:47 2023 - ERROR - saned.socket stop failed
+ systemctl status saned.socket
+ grep 'Active: inactive'
+ (( exec_result++ ))
+ LOG_ERROR '../common/common_lib.sh line 42'
+ message='../common/common_lib.sh line 42'
+ python3 /root/mugen/libs/locallibs/mugen_log.py --level error --message '../common/common_lib.sh line 42'
+ CHECK_RESULT 1 0 0 'saned.socket stop failed'
+ actual_result=1
+ expect_result=0
+ mode=0
+ error_log='saned.socket stop failed'
+ exit_mode=0
+ '[' -z 1 ']'
+ '[' 0 -eq 0 ']'
+ test 1x '!=' 0x
+ test -n 'saned.socket stop failed'
+ LOG_ERROR 'saned.socket stop failed'
+ message='saned.socket stop failed'
+ python3 /root/mugen/libs/locallibs/mugen_log.py --level error --message 'saned.socket stop failed'
Tue Aug 22 03:20:47 2023 - ERROR - ../common/common_lib.sh line 42
Tue Aug 22 03:20:47 2023 - ERROR - saned.socket stop failed
+ '[' 0 -eq 1 ']'
+ return 0
+ systemctl start saned.socket
+ (( exec_result++ ))
+ LOG_ERROR '../common/common_lib.sh line 42'
+ message='../common/common_lib.sh line 42'
+ python3 /root/mugen/libs/locallibs/mugen_log.py --level error --message '../common/common_lib.sh line 42'
+ systemctl status saned.socket
+ grep 'Active: inactive'
+ CHECK_RESULT 0 0 0 'saned.socket start failed'
+ actual_result=0
+ expect_result=0
+ mode=0
+ error_log='saned.socket start failed'
+ exit_mode=0
+ '[' -z 0 ']'
+ '[' 0 -eq 0 ']'
+ test 0x '!=' 0x
+ return 0
+ SLEEP_WAIT 5
+ wait_time=5
+ cmd=
+ mode=1
+ python3 /root/mugen/libs/locallibs/sleep_wait.py --time 5 --cmd '' --mode 1
+ CHECK_RESULT 1 0 0 'saned.socket stop failed'
+ actual_result=1
+ expect_result=0
+ mode=0
+ error_log='saned.socket stop failed'
+ exit_mode=0
+ '[' -z 1 ']'
+ '[' 0 -eq 0 ']'
+ test 1x '!=' 0x
+ test -n 'saned.socket stop failed'
+ LOG_ERROR 'saned.socket stop failed'
+ message='saned.socket stop failed'
+ python3 /root/mugen/libs/locallibs/mugen_log.py --level error --message 'saned.socket stop failed'
Tue Aug 22 03:20:47 2023 - ERROR - ../common/common_lib.sh line 42
+ '[' 0 -eq 1 ']'
+ return 0
+ systemctl start saned.socket
Tue Aug 22 03:20:47 2023 - ERROR - saned.socket stop failed
+ CHECK_RESULT 0 0 0 'saned.socket start failed'
+ actual_result=0
+ expect_result=0
+ mode=0
+ error_log='saned.socket start failed'
+ exit_mode=0
+ '[' -z 0 ']'
+ '[' 0 -eq 0 ']'
+ test 0x '!=' 0x
+ return 0
+ SLEEP_WAIT 5
+ wait_time=5
+ cmd=
+ mode=1
+ python3 /root/mugen/libs/locallibs/sleep_wait.py --time 5 --cmd '' --mode 1
+ (( exec_result++ ))
+ LOG_ERROR '../common/common_lib.sh line 42'
+ message='../common/common_lib.sh line 42'
+ python3 /root/mugen/libs/locallibs/mugen_log.py --level error --message '../common/common_lib.sh line 42'
Tue Aug 22 03:20:47 2023 - ERROR - ../common/common_lib.sh line 42
+ '[' 0 -eq 1 ']'
+ return 0
+ systemctl start saned.socket
+ CHECK_RESULT 0 0 0 'saned.socket start failed'
+ actual_result=0
+ expect_result=0
+ mode=0
+ error_log='saned.socket start failed'
+ exit_mode=0
+ '[' -z 0 ']'
+ '[' 0 -eq 0 ']'
+ test 0x '!=' 0x
+ return 0
+ SLEEP_WAIT 5
+ wait_time=5
+ cmd=
+ mode=1
+ python3 /root/mugen/libs/locallibs/sleep_wait.py --time 5 --cmd '' --mode 1
+ systemctl status saned.socket
+ grep 'Active: active'
     Active: active (listening) since Tue 2023-08-22 03:20:47 UTC; 5s ago
+ CHECK_RESULT 0 0 0 'saned.socket start failed'
+ actual_result=0
+ expect_result=0
+ mode=0
+ error_log='saned.socket start failed'
+ exit_mode=0
+ '[' -z 0 ']'
+ '[' 0 -eq 0 ']'
+ test 0x '!=' 0x
+ return 0
+ test_enabled saned.socket
+ service=saned.socket
++ systemctl is-enabled saned.socket
+ state=disabled
+ '[' disabled == enabled ']'
+ '[' disabled == disabled ']'
++ systemctl enable saned.socket
++ grep 'Created symlink'
++ awk '{print $3}'
+ symlink_file=/etc/systemd/system/sockets.target.wants/saned.socket
+ find /etc/systemd/system/sockets.target.wants/saned.socket
/etc/systemd/system/sockets.target.wants/saned.socket
+ CHECK_RESULT 0 0 0 'saned.socket enable failed'
+ actual_result=0
+ expect_result=0
+ mode=0
+ error_log='saned.socket enable failed'
+ exit_mode=0
+ '[' -z 0 ']'
+ '[' 0 -eq 0 ']'
+ test 0x '!=' 0x
+ return 0
+ systemctl disable saned.socket
Removed "/etc/systemd/system/sockets.target.wants/saned.socket".
+ find /etc/systemd/system/sockets.target.wants/saned.socket
find: ‘/etc/systemd/system/sockets.target.wants/saned.socket’: No such file or directory
+ CHECK_RESULT 1 0 1 'saned.socket disable failed'
+ actual_result=1
+ expect_result=0
+ mode=1
+ error_log='saned.socket disable failed'
+ exit_mode=0
+ '[' -z 1 ']'
+ '[' 1 -eq 0 ']'
+ test 1x == 0x
+ return 0
+ journalctl --since '2023-08-22 03:20:37' -u saned.socket
+ grep -i 'fail\|error'
+ grep -v -i 'DEBUG\|INFO\|WARNING'
+ CHECK_RESULT 1 0 1 'There is an error message for the log of saned.socket'
+ actual_result=1
+ expect_result=0
+ mode=1
+ error_log='There is an error message for the log of saned.socket'
+ exit_mode=0
+ '[' -z 1 ']'
+ '[' 1 -eq 0 ']'
+ test 1x == 0x
+ return 0
+ test_reload saned.socket
+ service=saned.socket
+ systemctl start saned.socket
+ systemctl reload saned.socket
+ grep 'Job type reload is not applicable'
Failed to reload saned.socket: Job type reload is not applicable for unit saned.socket.
+ CHECK_RESULT 0 0 0 'Job type reload is not applicable for unit saned.socket'
+ actual_result=0
+ expect_result=0
+ mode=0
+ error_log='Job type reload is not applicable for unit saned.socket'
+ exit_mode=0
+ '[' -z 0 ']'
+ '[' 0 -eq 0 ']'
+ test 0x '!=' 0x
+ return 0
+ systemctl status saned.socket
+ grep 'Active: active'
     Active: active (listening) since Tue 2023-08-22 03:20:47 UTC; 5s ago
+ LOG_INFO 'End of the test.'
+ message='End of the test.'
+ python3 /root/mugen/libs/locallibs/mugen_log.py --level info --message 'End of the test.'
Tue Aug 22 03:20:52 2023 - INFO  - End of the test.
+ CASE_RESULT 0
+ case_re=0
+ test -z ''
+ test 0 -eq 0
+ LOG_INFO 'succeed to execute the case.'
+ message='succeed to execute the case.'
+ python3 /root/mugen/libs/locallibs/mugen_log.py --level info --message 'succeed to execute the case.'
Tue Aug 22 03:20:52 2023 - INFO  - succeed to execute the case.
+ exec_result=
+ exit 0
+ post_test
+ LOG_INFO 'start environment cleanup.'
+ message='start environment cleanup.'
+ python3 /root/mugen/libs/locallibs/mugen_log.py --level info --message 'start environment cleanup.'
Tue Aug 22 03:20:52 2023 - INFO  - start environment cleanup.
+ systemctl stop saned.socket
+ DNF_REMOVE
+ node=1
+ pkg_list=
+ mode=0
+ [[ -z /tmp/tmpruz1ufmq ]]
+ '[' 0 -ne 0 ']'
+ '[' 1 == 0 ']'
+ python3 /root/mugen/libs/locallibs/rpm_manage.py remove --node 1 --pkgs '' --tempfile /tmp/tmpruz1ufmq
+ systemctl status saned.socket
+ grep 'Active: active'
+ CHECK_RESULT 1 0 0 'saned.socket start failed'
+ actual_result=1
+ expect_result=0
+ mode=0
+ error_log='saned.socket start failed'
+ exit_mode=0
+ '[' -z 1 ']'
+ '[' 0 -eq 0 ']'
+ test 1x '!=' 0x
+ test -n 'saned.socket start failed'
+ LOG_ERROR 'saned.socket start failed'
+ message='saned.socket start failed'
+ python3 /root/mugen/libs/locallibs/mugen_log.py --level error --message 'saned.socket start failed'
Tue Aug 22 03:20:52 2023 - ERROR - saned.socket start failed
+ (( exec_result++ ))
+ LOG_ERROR '../common/common_lib.sh line 47'
+ message='../common/common_lib.sh line 47'
+ python3 /root/mugen/libs/locallibs/mugen_log.py --level error --message '../common/common_lib.sh line 47'
+ systemctl status saned.socket
+ grep 'Active: active'
+ CHECK_RESULT 1 0 0 'saned.socket start failed'
+ actual_result=1
+ expect_result=0
+ mode=0
+ error_log='saned.socket start failed'
+ exit_mode=0
+ '[' -z 1 ']'
+ '[' 0 -eq 0 ']'
+ test 1x '!=' 0x
+ test -n 'saned.socket start failed'
+ LOG_ERROR 'saned.socket start failed'
+ message='saned.socket start failed'
+ python3 /root/mugen/libs/locallibs/mugen_log.py --level error --message 'saned.socket start failed'
Tue Aug 22 03:20:52 2023 - ERROR - ../common/common_lib.sh line 47
+ '[' 0 -eq 1 ']'
+ return 0
+ test_enabled saned.socket
+ service=saned.socket
++ systemctl is-enabled saned.socket
+ state=disabled
+ '[' disabled == enabled ']'
+ '[' disabled == disabled ']'
++ systemctl enable saned.socket
++ awk '{print $3}'
++ grep 'Created symlink'
Tue Aug 22 03:20:52 2023 - ERROR - saned.socket start failed
+ (( exec_result++ ))
+ LOG_ERROR '../common/common_lib.sh line 47'
+ message='../common/common_lib.sh line 47'
+ python3 /root/mugen/libs/locallibs/mugen_log.py --level error --message '../common/common_lib.sh line 47'
+ grep 'Active: active'
+ systemctl status saned.socket
Tue Aug 22 03:20:52 2023 - ERROR - ../common/common_lib.sh line 47
+ '[' 0 -eq 1 ']'
+ return 0
+ test_enabled saned.socket
+ service=saned.socket
++ systemctl is-enabled saned.socket
+ symlink_file=/etc/systemd/system/sockets.target.wants/saned.socket
+ find /etc/systemd/system/sockets.target.wants/saned.socket
/etc/systemd/system/sockets.target.wants/saned.socket
+ CHECK_RESULT 0 0 0 'saned.socket enable failed'
+ actual_result=0
+ expect_result=0
+ mode=0
+ error_log='saned.socket enable failed'
+ exit_mode=0
+ '[' -z 0 ']'
+ '[' 0 -eq 0 ']'
+ test 0x '!=' 0x
+ return 0
+ systemctl disable saned.socket
+ state=enabled
+ CHECK_RESULT 1 0 0 'saned.socket start failed'
+ '[' enabled == enabled ']'
+ actual_result=1
+ expect_result=0
+ mode=0
+ error_log='saned.socket start failed'
+ exit_mode=0
+ '[' -z 1 ']'
+ '[' 0 -eq 0 ']'
+ test 1x '!=' 0x
+ test -n 'saned.socket start failed'
+ LOG_ERROR 'saned.socket start failed'
+ message='saned.socket start failed'
+ python3 /root/mugen/libs/locallibs/mugen_log.py --level error --message 'saned.socket start failed'
++ grep Removed
++ systemctl disable saned.socket
++ awk '{print $2}'
++ awk '{print substr($0,1,length($0)-1)}'
Removed "/etc/systemd/system/sockets.target.wants/saned.socket".
Tue Aug 22 03:20:53 2023 - ERROR - saned.socket start failed
+ (( exec_result++ ))
+ LOG_ERROR '../common/common_lib.sh line 47'
+ message='../common/common_lib.sh line 47'
+ python3 /root/mugen/libs/locallibs/mugen_log.py --level error --message '../common/common_lib.sh line 47'
Tue Aug 22 03:20:53 2023 - ERROR - ../common/common_lib.sh line 47
+ '[' 0 -eq 1 ']'
+ return 0
+ test_enabled saned.socket
+ service=saned.socket
++ systemctl is-enabled saned.socket
+ find /etc/systemd/system/sockets.target.wants/saned.socket
find: ‘/etc/systemd/system/sockets.target.wants/saned.socket’: No such file or directory
+ CHECK_RESULT 1 0 1 'saned.socket disable failed'
+ actual_result=1
+ expect_result=0
+ mode=1
+ error_log='saned.socket disable failed'
+ exit_mode=0
+ '[' -z 1 ']'
+ '[' 1 -eq 0 ']'
+ test 1x == 0x
+ return 0
+ journalctl --since '2023-08-22 03:20:37' -u saned.socket
+ grep -i 'fail\|error'
+ grep -v -i 'DEBUG\|INFO\|WARNING'
+ CHECK_RESULT 1 0 1 'There is an error message for the log of saned.socket'
+ actual_result=1
+ expect_result=0
+ mode=1
+ error_log='There is an error message for the log of saned.socket'
+ exit_mode=0
+ '[' -z 1 ']'
+ '[' 1 -eq 0 ']'
+ test 1x == 0x
+ return 0
+ test_reload saned.socket
+ service=saned.socket
+ systemctl start saned.socket
+ symlink_file=
+ find
+ state=disabled
+ '[' disabled == enabled ']'
+ '[' disabled == disabled ']'
.
./oe_test_socket_saned.sh
+ CHECK_RESULT 0 0 1 'saned.socket disable failed'
+ actual_result=0
+ expect_result=0
+ mode=1
+ error_log='saned.socket disable failed'
+ exit_mode=0
+ '[' -z 0 ']'
+ '[' 1 -eq 0 ']'
+ test 0x == 0x
+ test -n 'saned.socket disable failed'
+ LOG_ERROR 'saned.socket disable failed'
+ message='saned.socket disable failed'
+ python3 /root/mugen/libs/locallibs/mugen_log.py --level error --message 'saned.socket disable failed'
++ grep 'Created symlink'
++ awk '{print $3}'
++ systemctl enable saned.socket
+ systemctl reload saned.socket
+ grep 'Job type reload is not applicable'
+ symlink_file=
+ find
Failed to reload saned.socket: Job type reload is not applicable for unit saned.socket.
+ CHECK_RESULT 0 0 0 'Job type reload is not applicable for unit saned.socket'
+ actual_result=0
+ expect_result=0
+ mode=0
+ error_log='Job type reload is not applicable for unit saned.socket'
+ exit_mode=0
+ '[' -z 0 ']'
+ '[' 0 -eq 0 ']'
+ test 0x '!=' 0x
+ return 0
.
./oe_test_socket_saned.sh
+ CHECK_RESULT 0 0 0 'saned.socket enable failed'
+ actual_result=0
+ expect_result=0
+ mode=0
+ error_log='saned.socket enable failed'
+ exit_mode=0
+ '[' -z 0 ']'
+ '[' 0 -eq 0 ']'
+ grep 'Active: active'
+ test 0x '!=' 0x
+ return 0
+ systemctl disable saned.socket
+ systemctl status saned.socket
Tue Aug 22 03:20:53 2023 - ERROR - saned.socket disable failed
+ (( exec_result++ ))
+ LOG_ERROR '../common/common_lib.sh line 67'
+ message='../common/common_lib.sh line 67'
+ python3 /root/mugen/libs/locallibs/mugen_log.py --level error --message '../common/common_lib.sh line 67'
Tue Aug 22 03:20:53 2023 - ERROR - ../common/common_lib.sh line 67
+ '[' 0 -eq 1 ']'
+ return 0
+ systemctl enable saned.socket
Failed to disable unit: Unit file saned.socket does not exist.
+ find
Warning: The unit file, source configuration file or drop-ins of saned.socket changed on disk. Run 'systemctl daemon-reload' to reload units.
.
./oe_test_socket_saned.sh
     Active: active (listening) since Tue 2023-08-22 03:20:53 UTC; 15ms ago
+ CHECK_RESULT 0 0 1 'saned.socket disable failed'
+ actual_result=0
+ expect_result=0
+ mode=1
+ error_log='saned.socket disable failed'
+ exit_mode=0
+ '[' -z 0 ']'
+ '[' 1 -eq 0 ']'
+ test 0x == 0x
+ test -n 'saned.socket disable failed'
+ LOG_ERROR 'saned.socket disable failed'
+ message='saned.socket disable failed'
+ python3 /root/mugen/libs/locallibs/mugen_log.py --level error --message 'saned.socket disable failed'
+ LOG_INFO 'End of the test.'
+ message='End of the test.'
+ python3 /root/mugen/libs/locallibs/mugen_log.py --level info --message 'End of the test.'
Failed to enable unit: Unit file saned.socket does not exist.
+ find
.
./oe_test_socket_saned.sh
+ CHECK_RESULT 0 0 0 'saned.socket enable failed'
+ actual_result=0
+ expect_result=0
+ mode=0
+ error_log='saned.socket enable failed'
+ exit_mode=0
+ '[' -z 0 ']'
+ '[' 0 -eq 0 ']'
+ test 0x '!=' 0x
+ return 0
+ journalctl --since '2023-08-22 03:20:37' -u saned.socket
+ grep -v -i 'DEBUG\|INFO\|WARNING'
+ grep -i 'fail\|error'
+ CHECK_RESULT 1 0 1 'There is an error message for the log of saned.socket'
+ actual_result=1
+ expect_result=0
+ mode=1
+ error_log='There is an error message for the log of saned.socket'
+ exit_mode=0
+ '[' -z 1 ']'
+ '[' 1 -eq 0 ']'
+ test 1x == 0x
+ return 0
+ test_reload saned.socket
+ service=saned.socket
+ systemctl start saned.socket
Failed to start saned.socket: Unit saned.socket not found.
+ systemctl reload saned.socket
+ grep 'Job type reload is not applicable'
+ CHECK_RESULT 1 0 0 'Job type reload is not applicable for unit saned.socket'
+ actual_result=1
+ expect_result=0
+ mode=0
+ error_log='Job type reload is not applicable for unit saned.socket'
+ exit_mode=0
+ '[' -z 1 ']'
+ '[' 0 -eq 0 ']'
+ test 1x '!=' 0x
+ test -n 'Job type reload is not applicable for unit saned.socket'
+ LOG_ERROR 'Job type reload is not applicable for unit saned.socket'
+ message='Job type reload is not applicable for unit saned.socket'
+ python3 /root/mugen/libs/locallibs/mugen_log.py --level error --message 'Job type reload is not applicable for unit saned.socket'
Tue Aug 22 03:20:53 2023 - INFO  - End of the test.
Tue Aug 22 03:20:53 2023 - ERROR - saned.socket disable failed
+ CASE_RESULT 0
+ (( exec_result++ ))
+ case_re=0
+ LOG_ERROR '../common/common_lib.sh line 77'
+ test -z 3
+ test 3 -gt 0
+ message='../common/common_lib.sh line 77'
+ LOG_ERROR 'failed to execute the case.'
+ python3 /root/mugen/libs/locallibs/mugen_log.py --level error --message '../common/common_lib.sh line 77'
+ message='failed to execute the case.'
+ python3 /root/mugen/libs/locallibs/mugen_log.py --level error --message 'failed to execute the case.'
Tue Aug 22 03:20:53 2023 - ERROR - Job type reload is not applicable for unit saned.socket
+ (( exec_result++ ))
+ LOG_ERROR '../common/common_lib.sh line 91'
+ message='../common/common_lib.sh line 91'
+ python3 /root/mugen/libs/locallibs/mugen_log.py --level error --message '../common/common_lib.sh line 91'
Tue Aug 22 03:20:53 2023 - ERROR - failed to execute the case.
Tue Aug 22 03:20:53 2023 - ERROR - ../common/common_lib.sh line 77
+ exit 3
+ post_test
+ LOG_INFO 'start environment cleanup.'
+ message='start environment cleanup.'
+ python3 /root/mugen/libs/locallibs/mugen_log.py --level info --message 'start environment cleanup.'
+ '[' 0 -eq 1 ']'
+ return 0
+ grep -v -i 'DEBUG\|INFO\|WARNING'
+ grep -i 'fail\|error'
+ journalctl --since '2023-08-22 03:20:37' -u saned.socket
+ CHECK_RESULT 1 0 1 'There is an error message for the log of saned.socket'
+ actual_result=1
+ expect_result=0
+ mode=1
+ error_log='There is an error message for the log of saned.socket'
+ exit_mode=0
+ '[' -z 1 ']'
+ '[' 1 -eq 0 ']'
+ test 1x == 0x
+ return 0
+ test_reload saned.socket
+ service=saned.socket
+ systemctl start saned.socket
Failed to start saned.socket: Unit saned.socket not found.
+ grep 'Job type reload is not applicable'
+ systemctl reload saned.socket
Tue Aug 22 03:20:53 2023 - ERROR - ../common/common_lib.sh line 91
+ CHECK_RESULT 1 0 0 'Job type reload is not applicable for unit saned.socket'
+ actual_result=1
+ expect_result=0
+ mode=0
+ error_log='Job type reload is not applicable for unit saned.socket'
+ exit_mode=0
+ '[' -z 1 ']'
+ '[' 0 -eq 0 ']'
+ test 1x '!=' 0x
+ test -n 'Job type reload is not applicable for unit saned.socket'
+ LOG_ERROR 'Job type reload is not applicable for unit saned.socket'
+ message='Job type reload is not applicable for unit saned.socket'
+ python3 /root/mugen/libs/locallibs/mugen_log.py --level error --message 'Job type reload is not applicable for unit saned.socket'
+ '[' 0 -eq 1 ']'
+ return 0
+ grep 'Active: active'
+ systemctl status saned.socket
Tue Aug 22 03:20:53 2023 - INFO  - start environment cleanup.
     Active: active (listening) since Tue 2023-08-22 03:20:53 UTC; 233ms ago
+ LOG_INFO 'End of the test.'
+ message='End of the test.'
+ python3 /root/mugen/libs/locallibs/mugen_log.py --level info --message 'End of the test.'
+ systemctl stop saned.socket
+ DNF_REMOVE
+ node=1
+ pkg_list=
+ mode=0
+ [[ -z Last metadata expiration check: 0:00:05 ago on Tue 22 Aug 2023 03:20:25 AM UTC.
Dependencies resolved.
================================================================================
 Package                         Arch    Version              Repository   Size
================================================================================
Installing:
 sane-backends-daemon            x86_64  1.0.28-11.oe2309     everything   32 k
Installing dependencies:
 gd                              x86_64  2.3.3-4.oe2309       OS          124 k
 libXpm                          x86_64  3.5.16-1.oe2309      OS           42 k
 libexif                         x86_64  0.6.22-3.oe2309      OS          420 k
 libgphoto2                      x86_64  2.5.18-4.oe2309      OS          1.3 M
 libieee1284                     x86_64  0.2.11-32.oe2309     OS           35 k
 libv4l                          x86_64  1.24.1-1.oe2309      OS          196 k
 libwebp                         x86_64  1.3.1-1.oe2309       OS          248 k
 lockdev                         x86_64  1.0.4-0.31.oe2309    OS           29 k
 sane-backends                   x86_64  1.0.28-11.oe2309     OS          562 k
 sane-backends-libs              x86_64  1.0.28-11.oe2309     OS           23 k
Installing weak dependencies:
 sane-backends-drivers-cameras   x86_64  1.0.28-11.oe2309     OS           28 k
 sane-backends-drivers-scanners  x86_64  1.0.28-11.oe2309     OS          2.4 M

Transaction Summary
================================================================================
Install  13 Packages

Total size: 5.4 M
Total download size: 3.0 M
Installed size: 24 M
Downloading Packages:
Waiting for process with pid 1376 to finish.
[SKIPPED] gd-2.3.3-4.oe2309.x86_64.rpm: Already downloaded                     
[SKIPPED] libXpm-3.5.16-1.oe2309.x86_64.rpm: Already downloaded                
[SKIPPED] libexif-0.6.22-3.oe2309.x86_64.rpm: Already downloaded               
[SKIPPED] libgphoto2-2.5.18-4.oe2309.x86_64.rpm: Already downloaded            
[SKIPPED] libieee1284-0.2.11-32.oe2309.x86_64.rpm: Already downloaded          
[SKIPPED] libv4l-1.24.1-1.oe2309.x86_64.rpm: Already downloaded                
[SKIPPED] libwebp-1.3.1-1.oe2309.x86_64.rpm: Already downloaded                
[SKIPPED] lockdev-1.0.4-0.31.oe2309.x86_64.rpm: Already downloaded             
[SKIPPED] sane-backends-1.0.28-11.oe2309.x86_64.rpm: Already downloaded        
[SKIPPED] sane-backends-drivers-cameras-1.0.28-11.oe2309.x86_64.rpm: Already downloaded
[SKIPPED] sane-backends-drivers-scanners-1.0.28-11.oe2309.x86_64.rpm: Already downloaded
[SKIPPED] sane-backends-libs-1.0.28-11.oe2309.x86_64.rpm: Already downloaded   
[SKIPPED] sane-backends-daemon-1.0.28-11.oe2309.x86_64.rpm: Already downloaded 
Running transaction check
Waiting for process with pid 1376 to finish.
[Errno 2] No such file or directory: '/var/cache/dnf/OS-907e15d61fb38d5f/packages/gd-2.3.3-4.oe2309.x86_64.rpm'
The downloaded packages were saved in cache until the next successful transaction.
You can remove cached packages by executing 'dnf clean packages'. ]]
+ '[' 0 -ne 0 ']'
+ '[' 1 == 0 ']'
+ python3 /root/mugen/libs/locallibs/rpm_manage.py remove --node 1 --pkgs '' --tempfile 'Last metadata expiration check: 0:00:05 ago on Tue 22 Aug 2023 03:20:25 AM UTC.
Dependencies resolved.
================================================================================
 Package                         Arch    Version              Repository   Size
================================================================================
Installing:
 sane-backends-daemon            x86_64  1.0.28-11.oe2309     everything   32 k
Installing dependencies:
 gd                              x86_64  2.3.3-4.oe2309       OS          124 k
 libXpm                          x86_64  3.5.16-1.oe2309      OS           42 k
 libexif                         x86_64  0.6.22-3.oe2309      OS          420 k
 libgphoto2                      x86_64  2.5.18-4.oe2309      OS          1.3 M
 libieee1284                     x86_64  0.2.11-32.oe2309     OS           35 k
 libv4l                          x86_64  1.24.1-1.oe2309      OS          196 k
 libwebp                         x86_64  1.3.1-1.oe2309       OS          248 k
 lockdev                         x86_64  1.0.4-0.31.oe2309    OS           29 k
 sane-backends                   x86_64  1.0.28-11.oe2309     OS          562 k
 sane-backends-libs              x86_64  1.0.28-11.oe2309     OS           23 k
Installing weak dependencies:
 sane-backends-drivers-cameras   x86_64  1.0.28-11.oe2309     OS           28 k
 sane-backends-drivers-scanners  x86_64  1.0.28-11.oe2309     OS          2.4 M

Transaction Summary
================================================================================
Install  13 Packages

Total size: 5.4 M
Total download size: 3.0 M
Installed size: 24 M
Downloading Packages:
Waiting for process with pid 1376 to finish.
[SKIPPED] gd-2.3.3-4.oe2309.x86_64.rpm: Already downloaded                     
[SKIPPED] libXpm-3.5.16-1.oe2309.x86_64.rpm: Already downloaded                
[SKIPPED] libexif-0.6.22-3.oe2309.x86_64.rpm: Already downloaded               
[SKIPPED] libgphoto2-2.5.18-4.oe2309.x86_64.rpm: Already downloaded            
[SKIPPED] libieee1284-0.2.11-32.oe2309.x86_64.rpm: Already downloaded          
[SKIPPED] libv4l-1.24.1-1.oe2309.x86_64.rpm: Already downloaded                
[SKIPPED] libwebp-1.3.1-1.oe2309.x86_64.rpm: Already downloaded                
[SKIPPED] lockdev-1.0.4-0.31.oe2309.x86_64.rpm: Already downloaded             
[SKIPPED] sane-backends-1.0.28-11.oe2309.x86_64.rpm: Already downloaded        
[SKIPPED] sane-backends-drivers-cameras-1.0.28-11.oe2309.x86_64.rpm: Already downloaded
[SKIPPED] sane-backends-drivers-scanners-1.0.28-11.oe2309.x86_64.rpm: Already downloaded
[SKIPPED] sane-backends-libs-1.0.28-11.oe2309.x86_64.rpm: Already downloaded   
[SKIPPED] sane-backends-daemon-1.0.28-11.oe2309.x86_64.rpm: Already downloaded 
Running transaction check
Waiting for process with pid 1376 to finish.
[Errno 2] No such file or directory: '\''/var/cache/dnf/OS-907e15d61fb38d5f/packages/gd-2.3.3-4.oe2309.x86_64.rpm'\''
The downloaded packages were saved in cache until the next successful transaction.
You can remove cached packages by executing '\''dnf clean packages'\''.'
Tue Aug 22 03:20:53 2023 - ERROR - Job type reload is not applicable for unit saned.socket
+ (( exec_result++ ))
+ LOG_ERROR '../common/common_lib.sh line 91'
+ message='../common/common_lib.sh line 91'
+ python3 /root/mugen/libs/locallibs/mugen_log.py --level error --message '../common/common_lib.sh line 91'
Tue Aug 22 03:20:53 2023 - INFO  - End of the test.
+ CASE_RESULT 0
+ case_re=0
+ test -z 5
+ test 5 -gt 0
+ LOG_ERROR 'failed to execute the case.'
+ message='failed to execute the case.'
+ python3 /root/mugen/libs/locallibs/mugen_log.py --level error --message 'failed to execute the case.'
Tue Aug 22 03:20:53 2023 - ERROR - ../common/common_lib.sh line 91
+ '[' 0 -eq 1 ']'
+ return 0
+ grep 'Active: active'
+ systemctl status saned.socket
Tue Aug 22 03:20:53 2023 - ERROR - failed to execute the case.
+ exit 5
+ post_test
+ LOG_INFO 'start environment cleanup.'
+ message='start environment cleanup.'
+ python3 /root/mugen/libs/locallibs/mugen_log.py --level info --message 'start environment cleanup.'
Unit saned.socket could not be found.
+ grep 'inactive (dead)'
+ systemctl status saned.socket
Unit saned.socket could not be found.
+ return 1
+ LOG_INFO 'End of the test.'
+ message='End of the test.'
+ python3 /root/mugen/libs/locallibs/mugen_log.py --level info --message 'End of the test.'
Tue Aug 22 03:20:53 2023 - INFO  - start environment cleanup.
+ systemctl stop saned.socket
Failed to stop saned.socket: Unit saned.socket not loaded.
+ DNF_REMOVE
+ node=1
+ pkg_list=
+ mode=0
+ [[ -z Last metadata expiration check: 0:00:07 ago on Tue 22 Aug 2023 03:20:25 AM UTC.
Dependencies resolved.
================================================================================
 Package                         Arch    Version              Repository   Size
================================================================================
Installing:
 sane-backends-daemon            x86_64  1.0.28-11.oe2309     everything   32 k
Installing dependencies:
 gd                              x86_64  2.3.3-4.oe2309       OS          124 k
 libXpm                          x86_64  3.5.16-1.oe2309      OS           42 k
 libexif                         x86_64  0.6.22-3.oe2309      OS          420 k
 libgphoto2                      x86_64  2.5.18-4.oe2309      OS          1.3 M
 libieee1284                     x86_64  0.2.11-32.oe2309     OS           35 k
 libv4l                          x86_64  1.24.1-1.oe2309      OS          196 k
 libwebp                         x86_64  1.3.1-1.oe2309       OS          248 k
 lockdev                         x86_64  1.0.4-0.31.oe2309    OS           29 k
 sane-backends                   x86_64  1.0.28-11.oe2309     OS          562 k
 sane-backends-libs              x86_64  1.0.28-11.oe2309     OS           23 k
Installing weak dependencies:
 sane-backends-drivers-cameras   x86_64  1.0.28-11.oe2309     OS           28 k
 sane-backends-drivers-scanners  x86_64  1.0.28-11.oe2309     OS          2.4 M

Transaction Summary
================================================================================
Install  13 Packages

Total size: 5.4 M
Total download size: 2.4 M
Installed size: 24 M
Downloading Packages:
Waiting for process with pid 1376 to finish.
[SKIPPED] gd-2.3.3-4.oe2309.x86_64.rpm: Already downloaded                     
[SKIPPED] libXpm-3.5.16-1.oe2309.x86_64.rpm: Already downloaded                
[SKIPPED] libexif-0.6.22-3.oe2309.x86_64.rpm: Already downloaded               
[SKIPPED] libgphoto2-2.5.18-4.oe2309.x86_64.rpm: Already downloaded            
[SKIPPED] libieee1284-0.2.11-32.oe2309.x86_64.rpm: Already downloaded          
[SKIPPED] libv4l-1.24.1-1.oe2309.x86_64.rpm: Already downloaded                
[SKIPPED] libwebp-1.3.1-1.oe2309.x86_64.rpm: Already downloaded                
[SKIPPED] lockdev-1.0.4-0.31.oe2309.x86_64.rpm: Already downloaded             
[SKIPPED] sane-backends-1.0.28-11.oe2309.x86_64.rpm: Already downloaded        
[SKIPPED] sane-backends-drivers-cameras-1.0.28-11.oe2309.x86_64.rpm: Already downloaded
[SKIPPED] sane-backends-drivers-scanners-1.0.28-11.oe2309.x86_64.rpm: Already downloaded
[SKIPPED] sane-backends-libs-1.0.28-11.oe2309.x86_64.rpm: Already downloaded   
[SKIPPED] sane-backends-daemon-1.0.28-11.oe2309.x86_64.rpm: Already downloaded 
Running transaction check
Waiting for process with pid 1376 to finish.
[Errno 2] No such file or directory: '/var/cache/dnf/OS-907e15d61fb38d5f/packages/gd-2.3.3-4.oe2309.x86_64.rpm'
The downloaded packages were saved in cache until the next successful transaction.
You can remove cached packages by executing 'dnf clean packages'. ]]
+ '[' 0 -ne 0 ']'
+ '[' 1 == 0 ']'
+ python3 /root/mugen/libs/locallibs/rpm_manage.py remove --node 1 --pkgs '' --tempfile 'Last metadata expiration check: 0:00:07 ago on Tue 22 Aug 2023 03:20:25 AM UTC.
Dependencies resolved.
================================================================================
 Package                         Arch    Version              Repository   Size
================================================================================
Installing:
 sane-backends-daemon            x86_64  1.0.28-11.oe2309     everything   32 k
Installing dependencies:
 gd                              x86_64  2.3.3-4.oe2309       OS          124 k
 libXpm                          x86_64  3.5.16-1.oe2309      OS           42 k
 libexif                         x86_64  0.6.22-3.oe2309      OS          420 k
 libgphoto2                      x86_64  2.5.18-4.oe2309      OS          1.3 M
 libieee1284                     x86_64  0.2.11-32.oe2309     OS           35 k
 libv4l                          x86_64  1.24.1-1.oe2309      OS          196 k
 libwebp                         x86_64  1.3.1-1.oe2309       OS          248 k
 lockdev                         x86_64  1.0.4-0.31.oe2309    OS           29 k
 sane-backends                   x86_64  1.0.28-11.oe2309     OS          562 k
 sane-backends-libs              x86_64  1.0.28-11.oe2309     OS           23 k
Installing weak dependencies:
 sane-backends-drivers-cameras   x86_64  1.0.28-11.oe2309     OS           28 k
 sane-backends-drivers-scanners  x86_64  1.0.28-11.oe2309     OS          2.4 M

Transaction Summary
================================================================================
Install  13 Packages

Total size: 5.4 M
Total download size: 2.4 M
Installed size: 24 M
Downloading Packages:
Waiting for process with pid 1376 to finish.
[SKIPPED] gd-2.3.3-4.oe2309.x86_64.rpm: Already downloaded                     
[SKIPPED] libXpm-3.5.16-1.oe2309.x86_64.rpm: Already downloaded                
[SKIPPED] libexif-0.6.22-3.oe2309.x86_64.rpm: Already downloaded               
[SKIPPED] libgphoto2-2.5.18-4.oe2309.x86_64.rpm: Already downloaded            
[SKIPPED] libieee1284-0.2.11-32.oe2309.x86_64.rpm: Already downloaded          
[SKIPPED] libv4l-1.24.1-1.oe2309.x86_64.rpm: Already downloaded                
[SKIPPED] libwebp-1.3.1-1.oe2309.x86_64.rpm: Already downloaded                
[SKIPPED] lockdev-1.0.4-0.31.oe2309.x86_64.rpm: Already downloaded             
[SKIPPED] sane-backends-1.0.28-11.oe2309.x86_64.rpm: Already downloaded        
[SKIPPED] sane-backends-drivers-cameras-1.0.28-11.oe2309.x86_64.rpm: Already downloaded
[SKIPPED] sane-backends-drivers-scanners-1.0.28-11.oe2309.x86_64.rpm: Already downloaded
[SKIPPED] sane-backends-libs-1.0.28-11.oe2309.x86_64.rpm: Already downloaded   
[SKIPPED] sane-backends-daemon-1.0.28-11.oe2309.x86_64.rpm: Already downloaded 
Running transaction check
Waiting for process with pid 1376 to finish.
[Errno 2] No such file or directory: '\''/var/cache/dnf/OS-907e15d61fb38d5f/packages/gd-2.3.3-4.oe2309.x86_64.rpm'\''
The downloaded packages were saved in cache until the next successful transaction.
You can remove cached packages by executing '\''dnf clean packages'\''.'
Tue Aug 22 03:20:53 2023 - INFO  - End of the test.
+ CASE_RESULT 0
+ case_re=0
+ test -z 5
+ test 5 -gt 0
+ LOG_ERROR 'failed to execute the case.'
+ message='failed to execute the case.'
+ python3 /root/mugen/libs/locallibs/mugen_log.py --level error --message 'failed to execute the case.'
Tue Aug 22 03:20:53 2023 - ERROR - failed to execute the case.
Traceback (most recent call last):
  File "/root/mugen/libs/locallibs/rpm_manage.py", line 192, in <module>
    exitcode = rpm_remove(args.node, args.pkgs, args.tempfile)
               ^^^^^^^^^^^^^^^^^^^^^^^^^^^^^^^^^^^^^^^^^^^^^^^
  File "/root/mugen/libs/locallibs/rpm_manage.py", line 163, in rpm_remove
+ exit 5
    with open(tmpfile, "r") as f:
+ post_test
+ LOG_INFO 'start environment cleanup.'
         ^^^^^^^^^^^^^^^^^^
+ message='start environment cleanup.'
+ python3 /root/mugen/libs/locallibs/mugen_log.py --level info --message 'start environment cleanup.'
OSError: [Errno 36] File name too long: "Last metadata expiration check: 0:00:05 ago on Tue 22 Aug 2023 03:20:25 AM UTC.\nDependencies resolved.\n================================================================================\n Package                         Arch    Version              Repository   Size\n================================================================================\nInstalling:\n sane-backends-daemon            x86_64  1.0.28-11.oe2309     everything   32 k\nInstalling dependencies:\n gd                              x86_64  2.3.3-4.oe2309       OS          124 k\n libXpm                          x86_64  3.5.16-1.oe2309      OS           42 k\n libexif                         x86_64  0.6.22-3.oe2309      OS          420 k\n libgphoto2                      x86_64  2.5.18-4.oe2309      OS          1.3 M\n libieee1284                     x86_64  0.2.11-32.oe2309     OS           35 k\n libv4l                          x86_64  1.24.1-1.oe2309      OS          196 k\n libwebp                         x86_64  1.3.1-1.oe2309       OS          248 k\n lockdev                         x86_64  1.0.4-0.31.oe2309    OS           29 k\n sane-backends                   x86_64  1.0.28-11.oe2309     OS          562 k\n sane-backends-libs              x86_64  1.0.28-11.oe2309     OS           23 k\nInstalling weak dependencies:\n sane-backends-drivers-cameras   x86_64  1.0.28-11.oe2309     OS           28 k\n sane-backends-drivers-scanners  x86_64  1.0.28-11.oe2309     OS          2.4 M\n\nTransaction Summary\n================================================================================\nInstall  13 Packages\n\nTotal size: 5.4 M\nTotal download size: 3.0 M\nInstalled size: 24 M\nDownloading Packages:\nWaiting for process with pid 1376 to finish.\n[SKIPPED] gd-2.3.3-4.oe2309.x86_64.rpm: Already downloaded                     \n[SKIPPED] libXpm-3.5.16-1.oe2309.x86_64.rpm: Already downloaded                \n[SKIPPED] libexif-0.6.22-3.oe2309.x86_64.rpm: Already downloaded               \n[SKIPPED] libgphoto2-2.5.18-4.oe2309.x86_64.rpm: Already downloaded            \n[SKIPPED] libieee1284-0.2.11-32.oe2309.x86_64.rpm: Already downloaded          \n[SKIPPED] libv4l-1.24.1-1.oe2309.x86_64.rpm: Already downloaded                \n[SKIPPED] libwebp-1.3.1-1.oe2309.x86_64.rpm: Already downloaded                \n[SKIPPED] lockdev-1.0.4-0.31.oe2309.x86_64.rpm: Already downloaded             \n[SKIPPED] sane-backends-1.0.28-11.oe2309.x86_64.rpm: Already downloaded        \n[SKIPPED] sane-backends-drivers-cameras-1.0.28-11.oe2309.x86_64.rpm: Already downloaded\n[SKIPPED] sane-backends-drivers-scanners-1.0.28-11.oe2309.x86_64.rpm: Already downloaded\n[SKIPPED] sane-backends-libs-1.0.28-11.oe2309.x86_64.rpm: Already downloaded   \n[SKIPPED] sane-backends-daemon-1.0.28-11.oe2309.x86_64.rpm: Already downloaded \nRunning transaction check\nWaiting for process with pid 1376 to finish.\n[Errno 2] No such file or directory: '/var/cache/dnf/OS-907e15d61fb38d5f/packages/gd-2.3.3-4.oe2309.x86_64.rpm'\nThe downloaded packages were saved in cache until the next successful transaction.\nYou can remove cached packages by executing 'dnf clean packages'."
+ '[' 0 -ne 0 ']'
+ LOG_INFO 'Finish environment cleanup!'
+ message='Finish environment cleanup!'
+ python3 /root/mugen/libs/locallibs/mugen_log.py --level info --message 'Finish environment cleanup!'
Tue Aug 22 03:20:53 2023 - INFO  - start environment cleanup.
+ systemctl stop saned.socket
Failed to stop saned.socket: Unit saned.socket not loaded.
+ DNF_REMOVE
+ node=1
+ pkg_list=
+ mode=0
+ [[ -z Last metadata expiration check: 0:00:04 ago on Tue 22 Aug 2023 03:20:25 AM UTC.
Dependencies resolved.
================================================================================
 Package                         Arch    Version              Repository   Size
================================================================================
Installing:
 sane-backends-daemon            x86_64  1.0.28-11.oe2309     everything   32 k
Installing dependencies:
 gd                              x86_64  2.3.3-4.oe2309       OS          124 k
 libXpm                          x86_64  3.5.16-1.oe2309      OS           42 k
 libexif                         x86_64  0.6.22-3.oe2309      OS          420 k
 libgphoto2                      x86_64  2.5.18-4.oe2309      OS          1.3 M
 libieee1284                     x86_64  0.2.11-32.oe2309     OS           35 k
 libv4l                          x86_64  1.24.1-1.oe2309      OS          196 k
 libwebp                         x86_64  1.3.1-1.oe2309       OS          248 k
 lockdev                         x86_64  1.0.4-0.31.oe2309    OS           29 k
 sane-backends                   x86_64  1.0.28-11.oe2309     OS          562 k
 sane-backends-libs              x86_64  1.0.28-11.oe2309     OS           23 k
Installing weak dependencies:
 sane-backends-drivers-cameras   x86_64  1.0.28-11.oe2309     OS           28 k
 sane-backends-drivers-scanners  x86_64  1.0.28-11.oe2309     OS          2.4 M

Transaction Summary
================================================================================
Install  13 Packages

Total size: 5.4 M
Total download size: 4.6 M
Installed size: 24 M
Downloading Packages:
Waiting for process with pid 1376 to finish.
[SKIPPED] gd-2.3.3-4.oe2309.x86_64.rpm: Already downloaded                     
[SKIPPED] libXpm-3.5.16-1.oe2309.x86_64.rpm: Already downloaded                
[SKIPPED] libexif-0.6.22-3.oe2309.x86_64.rpm: Already downloaded               
[SKIPPED] libgphoto2-2.5.18-4.oe2309.x86_64.rpm: Already downloaded            
[SKIPPED] libieee1284-0.2.11-32.oe2309.x86_64.rpm: Already downloaded          
[SKIPPED] libv4l-1.24.1-1.oe2309.x86_64.rpm: Already downloaded                
[SKIPPED] libwebp-1.3.1-1.oe2309.x86_64.rpm: Already downloaded                
[SKIPPED] lockdev-1.0.4-0.31.oe2309.x86_64.rpm: Already downloaded             
[SKIPPED] sane-backends-1.0.28-11.oe2309.x86_64.rpm: Already downloaded        
[SKIPPED] sane-backends-drivers-cameras-1.0.28-11.oe2309.x86_64.rpm: Already downloaded
[SKIPPED] sane-backends-drivers-scanners-1.0.28-11.oe2309.x86_64.rpm: Already downloaded
[SKIPPED] sane-backends-libs-1.0.28-11.oe2309.x86_64.rpm: Already downloaded   
[SKIPPED] sane-backends-daemon-1.0.28-11.oe2309.x86_64.rpm: Already downloaded 
Running transaction check
Waiting for process with pid 1376 to finish.
[Errno 2] No such file or directory: '/var/cache/dnf/OS-907e15d61fb38d5f/packages/gd-2.3.3-4.oe2309.x86_64.rpm'
The downloaded packages were saved in cache until the next successful transaction.
You can remove cached packages by executing 'dnf clean packages'. ]]
+ '[' 0 -ne 0 ']'
+ '[' 1 == 0 ']'
+ python3 /root/mugen/libs/locallibs/rpm_manage.py remove --node 1 --pkgs '' --tempfile 'Last metadata expiration check: 0:00:04 ago on Tue 22 Aug 2023 03:20:25 AM UTC.
Dependencies resolved.
================================================================================
 Package                         Arch    Version              Repository   Size
================================================================================
Installing:
 sane-backends-daemon            x86_64  1.0.28-11.oe2309     everything   32 k
Installing dependencies:
 gd                              x86_64  2.3.3-4.oe2309       OS          124 k
 libXpm                          x86_64  3.5.16-1.oe2309      OS           42 k
 libexif                         x86_64  0.6.22-3.oe2309      OS          420 k
 libgphoto2                      x86_64  2.5.18-4.oe2309      OS          1.3 M
 libieee1284                     x86_64  0.2.11-32.oe2309     OS           35 k
 libv4l                          x86_64  1.24.1-1.oe2309      OS          196 k
 libwebp                         x86_64  1.3.1-1.oe2309       OS          248 k
 lockdev                         x86_64  1.0.4-0.31.oe2309    OS           29 k
 sane-backends                   x86_64  1.0.28-11.oe2309     OS          562 k
 sane-backends-libs              x86_64  1.0.28-11.oe2309     OS           23 k
Installing weak dependencies:
 sane-backends-drivers-cameras   x86_64  1.0.28-11.oe2309     OS           28 k
 sane-backends-drivers-scanners  x86_64  1.0.28-11.oe2309     OS          2.4 M

Transaction Summary
================================================================================
Install  13 Packages

Total size: 5.4 M
Total download size: 4.6 M
Installed size: 24 M
Downloading Packages:
Waiting for process with pid 1376 to finish.
[SKIPPED] gd-2.3.3-4.oe2309.x86_64.rpm: Already downloaded                     
[SKIPPED] libXpm-3.5.16-1.oe2309.x86_64.rpm: Already downloaded                
[SKIPPED] libexif-0.6.22-3.oe2309.x86_64.rpm: Already downloaded               
[SKIPPED] libgphoto2-2.5.18-4.oe2309.x86_64.rpm: Already downloaded            
[SKIPPED] libieee1284-0.2.11-32.oe2309.x86_64.rpm: Already downloaded          
[SKIPPED] libv4l-1.24.1-1.oe2309.x86_64.rpm: Already downloaded                
[SKIPPED] libwebp-1.3.1-1.oe2309.x86_64.rpm: Already downloaded                
[SKIPPED] lockdev-1.0.4-0.31.oe2309.x86_64.rpm: Already downloaded             
[SKIPPED] sane-backends-1.0.28-11.oe2309.x86_64.rpm: Already downloaded        
[SKIPPED] sane-backends-drivers-cameras-1.0.28-11.oe2309.x86_64.rpm: Already downloaded
[SKIPPED] sane-backends-drivers-scanners-1.0.28-11.oe2309.x86_64.rpm: Already downloaded
[SKIPPED] sane-backends-libs-1.0.28-11.oe2309.x86_64.rpm: Already downloaded   
[SKIPPED] sane-backends-daemon-1.0.28-11.oe2309.x86_64.rpm: Already downloaded 
Running transaction check
Waiting for process with pid 1376 to finish.
[Errno 2] No such file or directory: '\''/var/cache/dnf/OS-907e15d61fb38d5f/packages/gd-2.3.3-4.oe2309.x86_64.rpm'\''
The downloaded packages were saved in cache until the next successful transaction.
You can remove cached packages by executing '\''dnf clean packages'\''.'
Tue Aug 22 03:20:53 2023 - INFO  - Finish environment cleanup!
Traceback (most recent call last):
  File "/root/mugen/libs/locallibs/rpm_manage.py", line 192, in <module>
    exitcode = rpm_remove(args.node, args.pkgs, args.tempfile)
               ^^^^^^^^^^^^^^^^^^^^^^^^^^^^^^^^^^^^^^^^^^^^^^^
  File "/root/mugen/libs/locallibs/rpm_manage.py", line 163, in rpm_remove
    with open(tmpfile, "r") as f:
         ^^^^^^^^^^^^^^^^^^
OSError: [Errno 36] File name too long: "Last metadata expiration check: 0:00:07 ago on Tue 22 Aug 2023 03:20:25 AM UTC.\nDependencies resolved.\n================================================================================\n Package                         Arch    Version              Repository   Size\n================================================================================\nInstalling:\n sane-backends-daemon            x86_64  1.0.28-11.oe2309     everything   32 k\nInstalling dependencies:\n gd                              x86_64  2.3.3-4.oe2309       OS          124 k\n libXpm                          x86_64  3.5.16-1.oe2309      OS           42 k\n libexif                         x86_64  0.6.22-3.oe2309      OS          420 k\n libgphoto2                      x86_64  2.5.18-4.oe2309      OS          1.3 M\n libieee1284                     x86_64  0.2.11-32.oe2309     OS           35 k\n libv4l                          x86_64  1.24.1-1.oe2309      OS          196 k\n libwebp                         x86_64  1.3.1-1.oe2309       OS          248 k\n lockdev                         x86_64  1.0.4-0.31.oe2309    OS           29 k\n sane-backends                   x86_64  1.0.28-11.oe2309     OS          562 k\n sane-backends-libs              x86_64  1.0.28-11.oe2309     OS           23 k\nInstalling weak dependencies:\n sane-backends-drivers-cameras   x86_64  1.0.28-11.oe2309     OS           28 k\n sane-backends-drivers-scanners  x86_64  1.0.28-11.oe2309     OS          2.4 M\n\nTransaction Summary\n================================================================================\nInstall  13 Packages\n\nTotal size: 5.4 M\nTotal download size: 2.4 M\nInstalled size: 24 M\nDownloading Packages:\nWaiting for process with pid 1376 to finish.\n[SKIPPED] gd-2.3.3-4.oe2309.x86_64.rpm: Already downloaded                     \n[SKIPPED] libXpm-3.5.16-1.oe2309.x86_64.rpm: Already downloaded                \n[SKIPPED] libexif-0.6.22-3.oe2309.x86_64.rpm: Already downloaded               \n[SKIPPED] libgphoto2-2.5.18-4.oe2309.x86_64.rpm: Already downloaded            \n[SKIPPED] libieee1284-0.2.11-32.oe2309.x86_64.rpm: Already downloaded          \n[SKIPPED] libv4l-1.24.1-1.oe2309.x86_64.rpm: Already downloaded                \n[SKIPPED] libwebp-1.3.1-1.oe2309.x86_64.rpm: Already downloaded                \n[SKIPPED] lockdev-1.0.4-0.31.oe2309.x86_64.rpm: Already downloaded             \n[SKIPPED] sane-backends-1.0.28-11.oe2309.x86_64.rpm: Already downloaded        \n[SKIPPED] sane-backends-drivers-cameras-1.0.28-11.oe2309.x86_64.rpm: Already downloaded\n[SKIPPED] sane-backends-drivers-scanners-1.0.28-11.oe2309.x86_64.rpm: Already downloaded\n[SKIPPED] sane-backends-libs-1.0.28-11.oe2309.x86_64.rpm: Already downloaded   \n[SKIPPED] sane-backends-daemon-1.0.28-11.oe2309.x86_64.rpm: Already downloaded \nRunning transaction check\nWaiting for process with pid 1376 to finish.\n[Errno 2] No such file or directory: '/var/cache/dnf/OS-907e15d61fb38d5f/packages/gd-2.3.3-4.oe2309.x86_64.rpm'\nThe downloaded packages were saved in cache until the next successful transaction.\nYou can remove cached packages by executing 'dnf clean packages'."
+ '[' 0 -ne 0 ']'
+ LOG_INFO 'Finish environment cleanup!'
+ message='Finish environment cleanup!'
+ python3 /root/mugen/libs/locallibs/mugen_log.py --level info --message 'Finish environment cleanup!'
Tue Aug 22 03:20:53 2023 - INFO  - Finish environment cleanup!
Traceback (most recent call last):
  File "/root/mugen/libs/locallibs/rpm_manage.py", line 192, in <module>
    exitcode = rpm_remove(args.node, args.pkgs, args.tempfile)
               ^^^^^^^^^^^^^^^^^^^^^^^^^^^^^^^^^^^^^^^^^^^^^^^
  File "/root/mugen/libs/locallibs/rpm_manage.py", line 163, in rpm_remove
    with open(tmpfile, "r") as f:
         ^^^^^^^^^^^^^^^^^^
OSError: [Errno 36] File name too long: "Last metadata expiration check: 0:00:04 ago on Tue 22 Aug 2023 03:20:25 AM UTC.\nDependencies resolved.\n================================================================================\n Package                         Arch    Version              Repository   Size\n================================================================================\nInstalling:\n sane-backends-daemon            x86_64  1.0.28-11.oe2309     everything   32 k\nInstalling dependencies:\n gd                              x86_64  2.3.3-4.oe2309       OS          124 k\n libXpm                          x86_64  3.5.16-1.oe2309      OS           42 k\n libexif                         x86_64  0.6.22-3.oe2309      OS          420 k\n libgphoto2                      x86_64  2.5.18-4.oe2309      OS          1.3 M\n libieee1284                     x86_64  0.2.11-32.oe2309     OS           35 k\n libv4l                          x86_64  1.24.1-1.oe2309      OS          196 k\n libwebp                         x86_64  1.3.1-1.oe2309       OS          248 k\n lockdev                         x86_64  1.0.4-0.31.oe2309    OS           29 k\n sane-backends                   x86_64  1.0.28-11.oe2309     OS          562 k\n sane-backends-libs              x86_64  1.0.28-11.oe2309     OS           23 k\nInstalling weak dependencies:\n sane-backends-drivers-cameras   x86_64  1.0.28-11.oe2309     OS           28 k\n sane-backends-drivers-scanners  x86_64  1.0.28-11.oe2309     OS          2.4 M\n\nTransaction Summary\n================================================================================\nInstall  13 Packages\n\nTotal size: 5.4 M\nTotal download size: 4.6 M\nInstalled size: 24 M\nDownloading Packages:\nWaiting for process with pid 1376 to finish.\n[SKIPPED] gd-2.3.3-4.oe2309.x86_64.rpm: Already downloaded                     \n[SKIPPED] libXpm-3.5.16-1.oe2309.x86_64.rpm: Already downloaded                \n[SKIPPED] libexif-0.6.22-3.oe2309.x86_64.rpm: Already downloaded               \n[SKIPPED] libgphoto2-2.5.18-4.oe2309.x86_64.rpm: Already downloaded            \n[SKIPPED] libieee1284-0.2.11-32.oe2309.x86_64.rpm: Already downloaded          \n[SKIPPED] libv4l-1.24.1-1.oe2309.x86_64.rpm: Already downloaded                \n[SKIPPED] libwebp-1.3.1-1.oe2309.x86_64.rpm: Already downloaded                \n[SKIPPED] lockdev-1.0.4-0.31.oe2309.x86_64.rpm: Already downloaded             \n[SKIPPED] sane-backends-1.0.28-11.oe2309.x86_64.rpm: Already downloaded        \n[SKIPPED] sane-backends-drivers-cameras-1.0.28-11.oe2309.x86_64.rpm: Already downloaded\n[SKIPPED] sane-backends-drivers-scanners-1.0.28-11.oe2309.x86_64.rpm: Already downloaded\n[SKIPPED] sane-backends-libs-1.0.28-11.oe2309.x86_64.rpm: Already downloaded   \n[SKIPPED] sane-backends-daemon-1.0.28-11.oe2309.x86_64.rpm: Already downloaded \nRunning transaction check\nWaiting for process with pid 1376 to finish.\n[Errno 2] No such file or directory: '/var/cache/dnf/OS-907e15d61fb38d5f/packages/gd-2.3.3-4.oe2309.x86_64.rpm'\nThe downloaded packages were saved in cache until the next successful transaction.\nYou can remove cached packages by executing 'dnf clean packages'."
+ '[' 0 -ne 0 ']'
+ LOG_INFO 'Finish environment cleanup!'
+ message='Finish environment cleanup!'
+ python3 /root/mugen/libs/locallibs/mugen_log.py --level info --message 'Finish environment cleanup!'
Tue Aug 22 03:20:53 2023 - INFO  - Finish environment cleanup!
+ '[' 0 -ne 0 ']'
+ LOG_INFO 'Finish environment cleanup!'
+ message='Finish environment cleanup!'
+ python3 /root/mugen/libs/locallibs/mugen_log.py --level info --message 'Finish environment cleanup!'
Tue Aug 22 03:20:54 2023 - INFO  - Finish environment cleanup!
