+ source /root/mugen/libs/locallibs/common_lib.sh
++ python3 --version
++ '[' 0 -eq 0 ']'
++ source /root/mugen/libs/locallibs/common_lib_python.sh
+ main
++ type -t post_test
+ '[' -n function ']'
+ trap post_test EXIT INT HUP TERM
+ rpm -qa
+ grep expect
++ type -t config_params
+ '[' -n function ']'
+ config_params
+ LOG_INFO 'Start to config the test environment.'
+ message='Start to config the test environment.'
+ python3 /root/mugen/libs/locallibs/mugen_log.py --level info --message 'Start to config the test environment.'
Tue Aug  8 20:00:54 2023 - INFO  - Start to config the test environment.
++ tuned-adm active
oe_test_disk_tuned_modify.sh: line 23: tuned-adm: command not found
++ awk '{print $4}'
+ old_profile=
+ LOG_INFO 'End to config the test environment.'
+ message='End to config the test environment.'
+ python3 /root/mugen/libs/locallibs/mugen_log.py --level info --message 'End to config the test environment.'
Tue Aug  8 20:00:56 2023 - INFO  - End to config the test environment.
++ type -t pre_test
+ '[' -n function ']'
+ pre_test
+ LOG_INFO 'Start to prepare the test environment.'
+ message='Start to prepare the test environment.'
+ python3 /root/mugen/libs/locallibs/mugen_log.py --level info --message 'Start to prepare the test environment.'
Tue Aug  8 20:00:58 2023 - INFO  - Start to prepare the test environment.
+ DNF_INSTALL tuned
+ pkgs=tuned
+ node=1
+ '[' -z '' ']'
+ tmpfile=
++ python3 /root/mugen/libs/locallibs/rpm_manage.py install --pkgs tuned --node 1 --tempfile ''
+ tmpfile2='Last metadata expiration check: 1:16:06 ago on Tue Aug  8 18:45:54 2023.
Error: 
 Problem: package tuned-2.19.0-5.oe2309.noarch requires virt-what, but none of the providers can be installed
  - conflicting requests
  - nothing provides dmidecode needed by virt-what-1.25-1.oe2309.riscv64
(try to add '\''--skip-broken'\'' to skip uninstallable packages or '\''--nobest'\'' to use not only best candidate packages)'
+ '[' -z '' ']'
+ tmpfile='Last metadata expiration check: 1:16:06 ago on Tue Aug  8 18:45:54 2023.
Error: 
 Problem: package tuned-2.19.0-5.oe2309.noarch requires virt-what, but none of the providers can be installed
  - conflicting requests
  - nothing provides dmidecode needed by virt-what-1.25-1.oe2309.riscv64
(try to add '\''--skip-broken'\'' to skip uninstallable packages or '\''--nobest'\'' to use not only best candidate packages)'
+ systemctl enable --now tuned
systemctl: error while loading shared libraries: libsystemd-shared-253.so: cannot open shared object file: No such file or directory
+ test -d /etc/tuned/my-profile_new
+ mkdir /etc/tuned/my-profile_new
mkdir: cannot create directory ‘/etc/tuned/my-profile_new’: No such file or directory
+ echo '[main]
summary=General non-specialized tuned profile
[cpu]
governor=conservative
energy_perf_bias=normal
[audio]
timeout=10
[video]
radeon_powersave=dpm-balanced, auto'
oe_test_disk_tuned_modify.sh: line 40: /etc/tuned/my-profile_new/tuned.conf: No such file or directory
+ test -d /etc/tuned/modified-profile
+ mkdir /etc/tuned/modified-profile
mkdir: cannot create directory ‘/etc/tuned/modified-profile’: No such file or directory
+ echo '[main]
include=my-profile_new'
oe_test_disk_tuned_modify.sh: line 43: /etc/tuned/modified-profile/tuned.conf: No such file or directory
+ LOG_INFO 'End to prepare the test environment.'
+ message='End to prepare the test environment.'
+ python3 /root/mugen/libs/locallibs/mugen_log.py --level info --message 'End to prepare the test environment.'
Tue Aug  8 20:02:04 2023 - INFO  - End to prepare the test environment.
++ type -t run_test
+ '[' -n function ']'
+ run_test
+ LOG_INFO 'Start to run test.'
+ message='Start to run test.'
+ python3 /root/mugen/libs/locallibs/mugen_log.py --level info --message 'Start to run test.'
Tue Aug  8 20:02:05 2023 - INFO  - Start to run test.
+ tuned-adm profile modified-profile
oe_test_disk_tuned_modify.sh: line 49: tuned-adm: command not found
+ CHECK_RESULT 127
+ actual_result=127
+ expect_result=0
+ mode=0
+ error_log=
+ exit_mode=0
+ '[' -z 127 ']'
+ '[' 0 -eq 0 ']'
+ test 127x '!=' 0x
+ test -n ''
+ (( exec_result++ ))
+ LOG_ERROR 'oe_test_disk_tuned_modify.sh line 50'
+ message='oe_test_disk_tuned_modify.sh line 50'
+ python3 /root/mugen/libs/locallibs/mugen_log.py --level error --message 'oe_test_disk_tuned_modify.sh line 50'
Tue Aug  8 20:02:07 2023 - ERROR - oe_test_disk_tuned_modify.sh line 50
+ '[' 0 -eq 1 ']'
+ return 0
+ grep modified-profile
+ tuned-adm active
oe_test_disk_tuned_modify.sh: line 51: tuned-adm: command not found
+ CHECK_RESULT 1
+ actual_result=1
+ expect_result=0
+ mode=0
+ error_log=
+ exit_mode=0
+ '[' -z 1 ']'
+ '[' 0 -eq 0 ']'
+ test 1x '!=' 0x
+ test -n ''
+ (( exec_result++ ))
+ LOG_ERROR 'oe_test_disk_tuned_modify.sh line 52'
+ message='oe_test_disk_tuned_modify.sh line 52'
+ python3 /root/mugen/libs/locallibs/mugen_log.py --level error --message 'oe_test_disk_tuned_modify.sh line 52'
Tue Aug  8 20:02:09 2023 - ERROR - oe_test_disk_tuned_modify.sh line 52
+ '[' 0 -eq 1 ']'
+ return 0
+ grep succeeded
+ tuned-adm verify
oe_test_disk_tuned_modify.sh: line 53: tuned-adm: command not found
+ CHECK_RESULT 1
+ actual_result=1
+ expect_result=0
+ mode=0
+ error_log=
+ exit_mode=0
+ '[' -z 1 ']'
+ '[' 0 -eq 0 ']'
+ test 1x '!=' 0x
+ test -n ''
+ (( exec_result++ ))
+ LOG_ERROR 'oe_test_disk_tuned_modify.sh line 54'
+ message='oe_test_disk_tuned_modify.sh line 54'
+ python3 /root/mugen/libs/locallibs/mugen_log.py --level error --message 'oe_test_disk_tuned_modify.sh line 54'
Tue Aug  8 20:02:11 2023 - ERROR - oe_test_disk_tuned_modify.sh line 54
+ '[' 0 -eq 1 ']'
+ return 0
+ LOG_INFO 'End to run test.'
+ message='End to run test.'
+ python3 /root/mugen/libs/locallibs/mugen_log.py --level info --message 'End to run test.'
Tue Aug  8 20:02:12 2023 - INFO  - End to run test.
+ CASE_RESULT 0
+ case_re=0
+ test -z 3
+ test 3 -gt 0
+ LOG_ERROR 'failed to execute the case.'
+ message='failed to execute the case.'
+ python3 /root/mugen/libs/locallibs/mugen_log.py --level error --message 'failed to execute the case.'
Tue Aug  8 20:02:14 2023 - ERROR - failed to execute the case.
+ exit 3
+ post_test
+ LOG_INFO 'Start to restore the test environment.'
+ message='Start to restore the test environment.'
+ python3 /root/mugen/libs/locallibs/mugen_log.py --level info --message 'Start to restore the test environment.'
Tue Aug  8 20:02:15 2023 - INFO  - Start to restore the test environment.
+ rm -rf /etc/tuned/modified-profile /etc/tuned/my-profile_new
+ tuned-adm profile ''
oe_test_disk_tuned_modify.sh: line 61: tuned-adm: command not found
+ DNF_REMOVE
+ node=1
+ pkg_list=
+ mode=0
+ [[ -z Last metadata expiration check: 1:16:06 ago on Tue Aug  8 18:45:54 2023.
Error: 
 Problem: package tuned-2.19.0-5.oe2309.noarch requires virt-what, but none of the providers can be installed
  - conflicting requests
  - nothing provides dmidecode needed by virt-what-1.25-1.oe2309.riscv64
(try to add '--skip-broken' to skip uninstallable packages or '--nobest' to use not only best candidate packages) ]]
+ '[' 0 -ne 0 ']'
+ '[' 1 == 0 ']'
+ python3 /root/mugen/libs/locallibs/rpm_manage.py remove --node 1 --pkgs '' --tempfile 'Last metadata expiration check: 1:16:06 ago on Tue Aug  8 18:45:54 2023.
Error: 
 Problem: package tuned-2.19.0-5.oe2309.noarch requires virt-what, but none of the providers can be installed
  - conflicting requests
  - nothing provides dmidecode needed by virt-what-1.25-1.oe2309.riscv64
(try to add '\''--skip-broken'\'' to skip uninstallable packages or '\''--nobest'\'' to use not only best candidate packages)'
Traceback (most recent call last):
  File "/root/mugen/libs/locallibs/rpm_manage.py", line 192, in <module>
    exitcode = rpm_remove(args.node, args.pkgs, args.tempfile)
               ^^^^^^^^^^^^^^^^^^^^^^^^^^^^^^^^^^^^^^^^^^^^^^^
  File "/root/mugen/libs/locallibs/rpm_manage.py", line 163, in rpm_remove
    with open(tmpfile, "r") as f:
         ^^^^^^^^^^^^^^^^^^
OSError: [Errno 36] File name too long: "Last metadata expiration check: 1:16:06 ago on Tue Aug  8 18:45:54 2023.\nError: \n Problem: package tuned-2.19.0-5.oe2309.noarch requires virt-what, but none of the providers can be installed\n  - conflicting requests\n  - nothing provides dmidecode needed by virt-what-1.25-1.oe2309.riscv64\n(try to add '--skip-broken' to skip uninstallable packages or '--nobest' to use not only best candidate packages)"
+ '[' 0 -ne 0 ']'
+ LOG_INFO 'End to restore the test environment.'
+ message='End to restore the test environment.'
+ python3 /root/mugen/libs/locallibs/mugen_log.py --level info --message 'End to restore the test environment.'
Tue Aug  8 20:02:25 2023 - INFO  - End to restore the test environment.
