+ source /root/mugen/libs/locallibs/common_lib.sh
++ python3 --version
++ '[' 0 -eq 0 ']'
++ source /root/mugen/libs/locallibs/common_lib_python.sh
+ main
++ type -t post_test
+ '[' -n function ']'
+ trap post_test EXIT INT HUP TERM
+ rpm -qa
+ grep expect
++ type -t config_params
+ '[' -n '' ']'
++ type -t pre_test
+ '[' -n function ']'
+ pre_test
+ LOG_INFO 'Start to prepare the test environment.'
+ message='Start to prepare the test environment.'
+ python3 /root/mugen/libs/locallibs/mugen_log.py --level info --message 'Start to prepare the test environment.'
Tue Aug  8 20:11:59 2023 - INFO  - Start to prepare the test environment.
+ DNF_INSTALL 'chrony ntpstat'
+ pkgs='chrony ntpstat'
+ node=1
+ '[' -z '' ']'
+ tmpfile=
++ python3 /root/mugen/libs/locallibs/rpm_manage.py install --pkgs 'chrony ntpstat' --node 1 --tempfile ''
+ tmpfile2=/tmp/tmp1gvua6xq
+ '[' -z '' ']'
+ tmpfile=/tmp/tmp1gvua6xq
+ systemctl start chronyd
systemctl: error while loading shared libraries: libsystemd-shared-253.so: cannot open shared object file: No such file or directory
+ LOG_INFO 'End to prepare the test environment.'
+ message='End to prepare the test environment.'
+ python3 /root/mugen/libs/locallibs/mugen_log.py --level info --message 'End to prepare the test environment.'
Tue Aug  8 20:13:15 2023 - INFO  - End to prepare the test environment.
++ type -t run_test
+ '[' -n function ']'
+ run_test
+ LOG_INFO 'Start to run test.'
+ message='Start to run test.'
+ python3 /root/mugen/libs/locallibs/mugen_log.py --level info --message 'Start to run test.'
Tue Aug  8 20:13:16 2023 - INFO  - Start to run test.
+ systemctl status chronyd
+ grep running
systemctl: error while loading shared libraries: libsystemd-shared-253.so: cannot open shared object file: No such file or directory
+ CHECK_RESULT 1
+ actual_result=1
+ expect_result=0
+ mode=0
+ error_log=
+ exit_mode=0
+ '[' -z 1 ']'
+ '[' 0 -eq 0 ']'
+ test 1x '!=' 0x
+ test -n ''
+ (( exec_result++ ))
+ LOG_ERROR 'oe_test_chrony_chronyc_hardwaretime.sh line 31'
+ message='oe_test_chrony_chronyc_hardwaretime.sh line 31'
+ python3 /root/mugen/libs/locallibs/mugen_log.py --level error --message 'oe_test_chrony_chronyc_hardwaretime.sh line 31'
Tue Aug  8 20:13:18 2023 - ERROR - oe_test_chrony_chronyc_hardwaretime.sh line 31
+ '[' 0 -eq 1 ']'
+ return 0
+ SLEEP_WAIT 5 'chronyc ntpdata | grep '\''Local address'\'''
+ wait_time=5
+ cmd='chronyc ntpdata | grep '\''Local address'\'''
+ mode=1
+ python3 /root/mugen/libs/locallibs/sleep_wait.py --time 5 --cmd 'chronyc ntpdata | grep '\''Local address'\''' --mode 1
+ CHECK_RESULT 1
+ actual_result=1
+ expect_result=0
+ mode=0
+ error_log=
+ exit_mode=0
+ '[' -z 1 ']'
+ '[' 0 -eq 0 ']'
+ test 1x '!=' 0x
+ test -n ''
+ (( exec_result++ ))
+ LOG_ERROR 'oe_test_chrony_chronyc_hardwaretime.sh line 34'
+ message='oe_test_chrony_chronyc_hardwaretime.sh line 34'
+ python3 /root/mugen/libs/locallibs/mugen_log.py --level error --message 'oe_test_chrony_chronyc_hardwaretime.sh line 34'
Tue Aug  8 20:13:23 2023 - ERROR - oe_test_chrony_chronyc_hardwaretime.sh line 34
+ '[' 0 -eq 1 ']'
+ return 0
+ chronyc sourcestats
+ grep 'Name/IP Address'
+ CHECK_RESULT 1
+ actual_result=1
+ expect_result=0
+ mode=0
+ error_log=
+ exit_mode=0
+ '[' -z 1 ']'
+ '[' 0 -eq 0 ']'
+ test 1x '!=' 0x
+ test -n ''
+ (( exec_result++ ))
+ LOG_ERROR 'oe_test_chrony_chronyc_hardwaretime.sh line 37'
+ message='oe_test_chrony_chronyc_hardwaretime.sh line 37'
+ python3 /root/mugen/libs/locallibs/mugen_log.py --level error --message 'oe_test_chrony_chronyc_hardwaretime.sh line 37'
Tue Aug  8 20:13:25 2023 - ERROR - oe_test_chrony_chronyc_hardwaretime.sh line 37
+ '[' 0 -eq 1 ']'
+ return 0
+ LOG_INFO 'End to run test.'
+ message='End to run test.'
+ python3 /root/mugen/libs/locallibs/mugen_log.py --level info --message 'End to run test.'
Tue Aug  8 20:13:26 2023 - INFO  - End to run test.
+ CASE_RESULT 0
+ case_re=0
+ test -z 3
+ test 3 -gt 0
+ LOG_ERROR 'failed to execute the case.'
+ message='failed to execute the case.'
+ python3 /root/mugen/libs/locallibs/mugen_log.py --level error --message 'failed to execute the case.'
Tue Aug  8 20:13:28 2023 - ERROR - failed to execute the case.
+ exit 3
+ post_test
+ LOG_INFO 'Start to restore the test environment.'
+ message='Start to restore the test environment.'
+ python3 /root/mugen/libs/locallibs/mugen_log.py --level info --message 'Start to restore the test environment.'
Tue Aug  8 20:13:30 2023 - INFO  - Start to restore the test environment.
+ systemctl stop chronyd
systemctl: error while loading shared libraries: libsystemd-shared-253.so: cannot open shared object file: No such file or directory
+ DNF_REMOVE
+ node=1
+ pkg_list=
+ mode=0
+ [[ -z /tmp/tmp1gvua6xq ]]
+ '[' 0 -ne 0 ']'
+ '[' 1 == 0 ']'
+ python3 /root/mugen/libs/locallibs/rpm_manage.py remove --node 1 --pkgs '' --tempfile /tmp/tmp1gvua6xq
+ '[' 0 -ne 0 ']'
+ LOG_INFO 'End to restore the test environment.'
+ message='End to restore the test environment.'
+ python3 /root/mugen/libs/locallibs/mugen_log.py --level info --message 'End to restore the test environment.'
Tue Aug  8 20:13:55 2023 - INFO  - End to restore the test environment.
