+ source /root/mugen/libs/locallibs/common_lib.sh
++ python3 --version
++ '[' 0 -eq 0 ']'
++ source /root/mugen/libs/locallibs/common_lib_python.sh
+ main
++ type -t post_test
+ '[' -n function ']'
+ trap post_test EXIT INT HUP TERM
+ rpm -qa
+ grep expect
++ type -t config_params
+ '[' -n '' ']'
++ type -t pre_test
+ '[' -n function ']'
+ pre_test
+ LOG_INFO 'Start environment preparation.'
+ message='Start environment preparation.'
+ python3 /root/mugen/libs/locallibs/mugen_log.py --level info --message 'Start environment preparation.'
Wed Aug 14 15:29:17 2019 - INFO  - Start environment preparation.
+ systemctl stop firewalld
Failed to stop firewalld.service: Unit firewalld.service not loaded.
+ systemctl disable firewalld
Failed to disable unit: Unit file firewalld.service does not exist.
+ setenforce 0
setenforce: SELinux is disabled
+ groupadd postgres
+ useradd -g postgres postgres
+ echo 'openEuler12#$'
+ passwd --stdin postgres
Changing password for user postgres.
passwd: all authentication tokens updated successfully.
+ test -d /tmp/data
+ mkdir -p /tmp/data
+ chown -R postgres:postgres /tmp/data/
+ DNF_INSTALL postgresql-server
+ pkgs=postgresql-server
+ node=1
+ '[' -z '' ']'
+ tmpfile=
++ python3 /root/mugen/libs/locallibs/rpm_manage.py install --pkgs postgresql-server --node 1 --tempfile ''
+ tmpfile2='Last metadata expiration check: -1380 days, 20:50:56 ago on Wed 24 May 2023 06:38:57 PM CST.
Dependencies resolved.
================================================================================
 Package                 Architecture  Version             Repository      Size
================================================================================
Installing:
 postgresql-server       riscv64       13.3-7.oe2303       mainline       5.3 M
Installing dependencies:
 postgresql              riscv64       13.3-7.oe2303       mainline       1.6 M

Transaction Summary
================================================================================
Install  2 Packages

Total download size: 6.9 M
Installed size: 29 M
Downloading Packages:
[MIRROR] postgresql-13.3-7.oe2303.riscv64.rpm: Curl error (60): SSL peer certificate or SSH remote key was not OK for https://mirror.iscas.ac.cn/openeuler-sig-riscv/openEuler-RISC-V/testing/20230331_openEuler-23.03-V1-riscv64/repo/23.03/mainline/riscv64/postgresql-13.3-7.oe2303.riscv64.rpm [SSL certificate problem: certificate is not yet valid]
[MIRROR] postgresql-server-13.3-7.oe2303.riscv64.rpm: Curl error (60): SSL peer certificate or SSH remote key was not OK for https://mirror.iscas.ac.cn/openeuler-sig-riscv/openEuler-RISC-V/testing/20230331_openEuler-23.03-V1-riscv64/repo/23.03/mainline/riscv64/postgresql-server-13.3-7.oe2303.riscv64.rpm [SSL certificate problem: certificate is not yet valid]
[MIRROR] postgresql-13.3-7.oe2303.riscv64.rpm: Curl error (60): SSL peer certificate or SSH remote key was not OK for https://mirror.iscas.ac.cn/openeuler-sig-riscv/openEuler-RISC-V/testing/20230331_openEuler-23.03-V1-riscv64/repo/23.03/mainline/riscv64/postgresql-13.3-7.oe2303.riscv64.rpm [SSL certificate problem: certificate is not yet valid]
[MIRROR] postgresql-server-13.3-7.oe2303.riscv64.rpm: Curl error (60): SSL peer certificate or SSH remote key was not OK for https://mirror.iscas.ac.cn/openeuler-sig-riscv/openEuler-RISC-V/testing/20230331_openEuler-23.03-V1-riscv64/repo/23.03/mainline/riscv64/postgresql-server-13.3-7.oe2303.riscv64.rpm [SSL certificate problem: certificate is not yet valid]
[FAILED] postgresql-server-13.3-7.oe2303.riscv64.rpm: No more mirrors to try - All mirrors were already tried without success

The downloaded packages were saved in cache until the next successful transaction.
You can remove cached packages by executing '\''dnf clean packages'\''.
Error: Error downloading packages:
  postgresql-server-13.3-7.oe2303.riscv64: Cannot download, all mirrors were already tried without success'
+ '[' -z '' ']'
+ tmpfile='Last metadata expiration check: -1380 days, 20:50:56 ago on Wed 24 May 2023 06:38:57 PM CST.
Dependencies resolved.
================================================================================
 Package                 Architecture  Version             Repository      Size
================================================================================
Installing:
 postgresql-server       riscv64       13.3-7.oe2303       mainline       5.3 M
Installing dependencies:
 postgresql              riscv64       13.3-7.oe2303       mainline       1.6 M

Transaction Summary
================================================================================
Install  2 Packages

Total download size: 6.9 M
Installed size: 29 M
Downloading Packages:
[MIRROR] postgresql-13.3-7.oe2303.riscv64.rpm: Curl error (60): SSL peer certificate or SSH remote key was not OK for https://mirror.iscas.ac.cn/openeuler-sig-riscv/openEuler-RISC-V/testing/20230331_openEuler-23.03-V1-riscv64/repo/23.03/mainline/riscv64/postgresql-13.3-7.oe2303.riscv64.rpm [SSL certificate problem: certificate is not yet valid]
[MIRROR] postgresql-server-13.3-7.oe2303.riscv64.rpm: Curl error (60): SSL peer certificate or SSH remote key was not OK for https://mirror.iscas.ac.cn/openeuler-sig-riscv/openEuler-RISC-V/testing/20230331_openEuler-23.03-V1-riscv64/repo/23.03/mainline/riscv64/postgresql-server-13.3-7.oe2303.riscv64.rpm [SSL certificate problem: certificate is not yet valid]
[MIRROR] postgresql-13.3-7.oe2303.riscv64.rpm: Curl error (60): SSL peer certificate or SSH remote key was not OK for https://mirror.iscas.ac.cn/openeuler-sig-riscv/openEuler-RISC-V/testing/20230331_openEuler-23.03-V1-riscv64/repo/23.03/mainline/riscv64/postgresql-13.3-7.oe2303.riscv64.rpm [SSL certificate problem: certificate is not yet valid]
[MIRROR] postgresql-server-13.3-7.oe2303.riscv64.rpm: Curl error (60): SSL peer certificate or SSH remote key was not OK for https://mirror.iscas.ac.cn/openeuler-sig-riscv/openEuler-RISC-V/testing/20230331_openEuler-23.03-V1-riscv64/repo/23.03/mainline/riscv64/postgresql-server-13.3-7.oe2303.riscv64.rpm [SSL certificate problem: certificate is not yet valid]
[FAILED] postgresql-server-13.3-7.oe2303.riscv64.rpm: No more mirrors to try - All mirrors were already tried without success

The downloaded packages were saved in cache until the next successful transaction.
You can remove cached packages by executing '\''dnf clean packages'\''.
Error: Error downloading packages:
  postgresql-server-13.3-7.oe2303.riscv64: Cannot download, all mirrors were already tried without success'
+ su - postgres -c '/usr/bin/initdb -D /tmp/data/'
-bash: line 1: /usr/bin/initdb: No such file or directory
+ su - postgres -c '/usr/bin/pg_ctl -D /tmp/data/ -l /tmp/data/logfile start'
-bash: line 1: /usr/bin/pg_ctl: No such file or directory
+ LOG_INFO 'Environmental preparation is over.'
+ message='Environmental preparation is over.'
+ python3 /root/mugen/libs/locallibs/mugen_log.py --level info --message 'Environmental preparation is over.'
Wed Aug 14 15:30:07 2019 - INFO  - Environmental preparation is over.
++ type -t run_test
+ '[' -n function ']'
+ run_test
+ LOG_INFO 'Start executing testcase.'
+ message='Start executing testcase.'
+ python3 /root/mugen/libs/locallibs/mugen_log.py --level info --message 'Start executing testcase.'
Wed Aug 14 15:30:08 2019 - INFO  - Start executing testcase.
+ /usr/bin/psql -U postgres
oe_test_postgresql_create_delete_roles.sh: line 38: /usr/bin/psql: No such file or directory
++ grep -iE 'roleexample1|roleexample2' log
++ wc -l
+ role_count=0
+ test 2 -eq 0
+ CHECK_RESULT 1
+ actual_result=1
+ expect_result=0
+ mode=0
+ error_log=
+ exit_mode=0
+ '[' -z 1 ']'
+ '[' 0 -eq 0 ']'
+ test 1x '!=' 0x
+ test -n ''
+ (( exec_result++ ))
+ LOG_ERROR 'oe_test_postgresql_create_delete_roles.sh line 46'
+ message='oe_test_postgresql_create_delete_roles.sh line 46'
+ python3 /root/mugen/libs/locallibs/mugen_log.py --level error --message 'oe_test_postgresql_create_delete_roles.sh line 46'
Wed Aug 14 15:30:09 2019 - ERROR - oe_test_postgresql_create_delete_roles.sh line 46
+ '[' 0 -eq 1 ']'
+ return 0
+ su - postgres -c 'createuser roleexample3'
-bash: line 1: createuser: command not found
+ CHECK_RESULT 127
+ actual_result=127
+ expect_result=0
+ mode=0
+ error_log=
+ exit_mode=0
+ '[' -z 127 ']'
+ '[' 0 -eq 0 ']'
+ test 127x '!=' 0x
+ test -n ''
+ (( exec_result++ ))
+ LOG_ERROR 'oe_test_postgresql_create_delete_roles.sh line 48'
+ message='oe_test_postgresql_create_delete_roles.sh line 48'
+ python3 /root/mugen/libs/locallibs/mugen_log.py --level error --message 'oe_test_postgresql_create_delete_roles.sh line 48'
Wed Aug 14 15:30:13 2019 - ERROR - oe_test_postgresql_create_delete_roles.sh line 48
+ '[' 0 -eq 1 ']'
+ return 0
+ /usr/bin/psql -U postgres
oe_test_postgresql_create_delete_roles.sh: line 49: /usr/bin/psql: No such file or directory
+ grep roleexample3 log
+ CHECK_RESULT 1
+ actual_result=1
+ expect_result=0
+ mode=0
+ error_log=
+ exit_mode=0
+ '[' -z 1 ']'
+ '[' 0 -eq 0 ']'
+ test 1x '!=' 0x
+ test -n ''
+ (( exec_result++ ))
+ LOG_ERROR 'oe_test_postgresql_create_delete_roles.sh line 54'
+ message='oe_test_postgresql_create_delete_roles.sh line 54'
+ python3 /root/mugen/libs/locallibs/mugen_log.py --level error --message 'oe_test_postgresql_create_delete_roles.sh line 54'
Wed Aug 14 15:30:14 2019 - ERROR - oe_test_postgresql_create_delete_roles.sh line 54
+ '[' 0 -eq 1 ']'
+ return 0
+ rm -rf log
+ /usr/bin/psql -U postgres
oe_test_postgresql_create_delete_roles.sh: line 56: /usr/bin/psql: No such file or directory
+ grep -iE 'error|fail' log
+ CHECK_RESULT 1 1
+ actual_result=1
+ expect_result=1
+ mode=0
+ error_log=
+ exit_mode=0
+ '[' -z 1 ']'
+ '[' 0 -eq 0 ']'
+ test 1x '!=' 1x
+ return 0
+ grep roleexample1 log
+ CHECK_RESULT 1
+ actual_result=1
+ expect_result=0
+ mode=0
+ error_log=
+ exit_mode=0
+ '[' -z 1 ']'
+ '[' 0 -eq 0 ']'
+ test 1x '!=' 0x
+ test -n ''
+ (( exec_result++ ))
+ LOG_ERROR 'oe_test_postgresql_create_delete_roles.sh line 64'
+ message='oe_test_postgresql_create_delete_roles.sh line 64'
+ python3 /root/mugen/libs/locallibs/mugen_log.py --level error --message 'oe_test_postgresql_create_delete_roles.sh line 64'
Wed Aug 14 15:30:15 2019 - ERROR - oe_test_postgresql_create_delete_roles.sh line 64
+ '[' 0 -eq 1 ']'
+ return 0
+ rm -rf log
+ /usr/bin/psql -U postgres
oe_test_postgresql_create_delete_roles.sh: line 66: /usr/bin/psql: No such file or directory
+ grep -iE 'error|fail' log
+ CHECK_RESULT 1 1
+ actual_result=1
+ expect_result=1
+ mode=0
+ error_log=
+ exit_mode=0
+ '[' -z 1 ']'
+ '[' 0 -eq 0 ']'
+ test 1x '!=' 1x
+ return 0
+ grep roleexample1 log
+ CHECK_RESULT 1 1
+ actual_result=1
+ expect_result=1
+ mode=0
+ error_log=
+ exit_mode=0
+ '[' -z 1 ']'
+ '[' 0 -eq 0 ']'
+ test 1x '!=' 1x
+ return 0
+ rm -rf log
+ su - postgres -c 'dropuser roleexample2'
-bash: line 1: dropuser: command not found
+ /usr/bin/psql -U postgres
oe_test_postgresql_create_delete_roles.sh: line 77: /usr/bin/psql: No such file or directory
+ grep -iE 'error|fail' log
+ CHECK_RESULT 1 1
+ actual_result=1
+ expect_result=1
+ mode=0
+ error_log=
+ exit_mode=0
+ '[' -z 1 ']'
+ '[' 0 -eq 0 ']'
+ test 1x '!=' 1x
+ return 0
+ grep roleexample2 log
+ CHECK_RESULT 1 1
+ actual_result=1
+ expect_result=1
+ mode=0
+ error_log=
+ exit_mode=0
+ '[' -z 1 ']'
+ '[' 0 -eq 0 ']'
+ test 1x '!=' 1x
+ return 0
+ LOG_INFO 'End of testcase execution.'
+ message='End of testcase execution.'
+ python3 /root/mugen/libs/locallibs/mugen_log.py --level info --message 'End of testcase execution.'
Wed Aug 14 15:30:20 2019 - INFO  - End of testcase execution.
+ CASE_RESULT 0
+ case_re=0
+ test -z 4
+ test 4 -gt 0
+ LOG_ERROR 'failed to execute the case.'
+ message='failed to execute the case.'
+ python3 /root/mugen/libs/locallibs/mugen_log.py --level error --message 'failed to execute the case.'
Wed Aug 14 15:30:21 2019 - ERROR - failed to execute the case.
+ exit 4
+ post_test
+ LOG_INFO 'start environment cleanup.'
+ message='start environment cleanup.'
+ python3 /root/mugen/libs/locallibs/mugen_log.py --level info --message 'start environment cleanup.'
Wed Aug 14 15:30:21 2019 - INFO  - start environment cleanup.
+ su - postgres -c 'dropuser roleexample3'
-bash: line 1: dropuser: command not found
+ su - postgres -c '/usr/bin/pg_ctl -D /tmp/data/ -l /tmp/data/logfile stop'
-bash: line 1: /usr/bin/pg_ctl: No such file or directory
+ setenforce 1
setenforce: SELinux is disabled
+ DNF_REMOVE
+ node=1
+ pkg_list=
+ mode=0
+ [[ -z Last metadata expiration check: -1380 days, 20:50:56 ago on Wed 24 May 2023 06:38:57 PM CST.
Dependencies resolved.
================================================================================
 Package                 Architecture  Version             Repository      Size
================================================================================
Installing:
 postgresql-server       riscv64       13.3-7.oe2303       mainline       5.3 M
Installing dependencies:
 postgresql              riscv64       13.3-7.oe2303       mainline       1.6 M

Transaction Summary
================================================================================
Install  2 Packages

Total download size: 6.9 M
Installed size: 29 M
Downloading Packages:
[MIRROR] postgresql-13.3-7.oe2303.riscv64.rpm: Curl error (60): SSL peer certificate or SSH remote key was not OK for https://mirror.iscas.ac.cn/openeuler-sig-riscv/openEuler-RISC-V/testing/20230331_openEuler-23.03-V1-riscv64/repo/23.03/mainline/riscv64/postgresql-13.3-7.oe2303.riscv64.rpm [SSL certificate problem: certificate is not yet valid]
[MIRROR] postgresql-server-13.3-7.oe2303.riscv64.rpm: Curl error (60): SSL peer certificate or SSH remote key was not OK for https://mirror.iscas.ac.cn/openeuler-sig-riscv/openEuler-RISC-V/testing/20230331_openEuler-23.03-V1-riscv64/repo/23.03/mainline/riscv64/postgresql-server-13.3-7.oe2303.riscv64.rpm [SSL certificate problem: certificate is not yet valid]
[MIRROR] postgresql-13.3-7.oe2303.riscv64.rpm: Curl error (60): SSL peer certificate or SSH remote key was not OK for https://mirror.iscas.ac.cn/openeuler-sig-riscv/openEuler-RISC-V/testing/20230331_openEuler-23.03-V1-riscv64/repo/23.03/mainline/riscv64/postgresql-13.3-7.oe2303.riscv64.rpm [SSL certificate problem: certificate is not yet valid]
[MIRROR] postgresql-server-13.3-7.oe2303.riscv64.rpm: Curl error (60): SSL peer certificate or SSH remote key was not OK for https://mirror.iscas.ac.cn/openeuler-sig-riscv/openEuler-RISC-V/testing/20230331_openEuler-23.03-V1-riscv64/repo/23.03/mainline/riscv64/postgresql-server-13.3-7.oe2303.riscv64.rpm [SSL certificate problem: certificate is not yet valid]
[FAILED] postgresql-server-13.3-7.oe2303.riscv64.rpm: No more mirrors to try - All mirrors were already tried without success

The downloaded packages were saved in cache until the next successful transaction.
You can remove cached packages by executing 'dnf clean packages'.
Error: Error downloading packages:
  postgresql-server-13.3-7.oe2303.riscv64: Cannot download, all mirrors were already tried without success ]]
+ '[' 0 -ne 0 ']'
+ '[' 1 == 0 ']'
+ python3 /root/mugen/libs/locallibs/rpm_manage.py remove --node 1 --pkgs '' --tempfile 'Last metadata expiration check: -1380 days, 20:50:56 ago on Wed 24 May 2023 06:38:57 PM CST.
Dependencies resolved.
================================================================================
 Package                 Architecture  Version             Repository      Size
================================================================================
Installing:
 postgresql-server       riscv64       13.3-7.oe2303       mainline       5.3 M
Installing dependencies:
 postgresql              riscv64       13.3-7.oe2303       mainline       1.6 M

Transaction Summary
================================================================================
Install  2 Packages

Total download size: 6.9 M
Installed size: 29 M
Downloading Packages:
[MIRROR] postgresql-13.3-7.oe2303.riscv64.rpm: Curl error (60): SSL peer certificate or SSH remote key was not OK for https://mirror.iscas.ac.cn/openeuler-sig-riscv/openEuler-RISC-V/testing/20230331_openEuler-23.03-V1-riscv64/repo/23.03/mainline/riscv64/postgresql-13.3-7.oe2303.riscv64.rpm [SSL certificate problem: certificate is not yet valid]
[MIRROR] postgresql-server-13.3-7.oe2303.riscv64.rpm: Curl error (60): SSL peer certificate or SSH remote key was not OK for https://mirror.iscas.ac.cn/openeuler-sig-riscv/openEuler-RISC-V/testing/20230331_openEuler-23.03-V1-riscv64/repo/23.03/mainline/riscv64/postgresql-server-13.3-7.oe2303.riscv64.rpm [SSL certificate problem: certificate is not yet valid]
[MIRROR] postgresql-13.3-7.oe2303.riscv64.rpm: Curl error (60): SSL peer certificate or SSH remote key was not OK for https://mirror.iscas.ac.cn/openeuler-sig-riscv/openEuler-RISC-V/testing/20230331_openEuler-23.03-V1-riscv64/repo/23.03/mainline/riscv64/postgresql-13.3-7.oe2303.riscv64.rpm [SSL certificate problem: certificate is not yet valid]
[MIRROR] postgresql-server-13.3-7.oe2303.riscv64.rpm: Curl error (60): SSL peer certificate or SSH remote key was not OK for https://mirror.iscas.ac.cn/openeuler-sig-riscv/openEuler-RISC-V/testing/20230331_openEuler-23.03-V1-riscv64/repo/23.03/mainline/riscv64/postgresql-server-13.3-7.oe2303.riscv64.rpm [SSL certificate problem: certificate is not yet valid]
[FAILED] postgresql-server-13.3-7.oe2303.riscv64.rpm: No more mirrors to try - All mirrors were already tried without success

The downloaded packages were saved in cache until the next successful transaction.
You can remove cached packages by executing '\''dnf clean packages'\''.
Error: Error downloading packages:
  postgresql-server-13.3-7.oe2303.riscv64: Cannot download, all mirrors were already tried without success'
Traceback (most recent call last):
  File "/root/mugen/libs/locallibs/rpm_manage.py", line 181, in <module>
    exitcode = rpm_remove(args.node, args.pkgs, args.tempfile)
  File "/root/mugen/libs/locallibs/rpm_manage.py", line 152, in rpm_remove
    with open(tmpfile, "r") as f:
OSError: [Errno 36] File name too long: "Last metadata expiration check: -1380 days, 20:50:56 ago on Wed 24 May 2023 06:38:57 PM CST.\nDependencies resolved.\n================================================================================\n Package                 Architecture  Version             Repository      Size\n================================================================================\nInstalling:\n postgresql-server       riscv64       13.3-7.oe2303       mainline       5.3 M\nInstalling dependencies:\n postgresql              riscv64       13.3-7.oe2303       mainline       1.6 M\n\nTransaction Summary\n================================================================================\nInstall  2 Packages\n\nTotal download size: 6.9 M\nInstalled size: 29 M\nDownloading Packages:\n[MIRROR] postgresql-13.3-7.oe2303.riscv64.rpm: Curl error (60): SSL peer certificate or SSH remote key was not OK for https://mirror.iscas.ac.cn/openeuler-sig-riscv/openEuler-RISC-V/testing/20230331_openEuler-23.03-V1-riscv64/repo/23.03/mainline/riscv64/postgresql-13.3-7.oe2303.riscv64.rpm [SSL certificate problem: certificate is not yet valid]\n[MIRROR] postgresql-server-13.3-7.oe2303.riscv64.rpm: Curl error (60): SSL peer certificate or SSH remote key was not OK for https://mirror.iscas.ac.cn/openeuler-sig-riscv/openEuler-RISC-V/testing/20230331_openEuler-23.03-V1-riscv64/repo/23.03/mainline/riscv64/postgresql-server-13.3-7.oe2303.riscv64.rpm [SSL certificate problem: certificate is not yet valid]\n[MIRROR] postgresql-13.3-7.oe2303.riscv64.rpm: Curl error (60): SSL peer certificate or SSH remote key was not OK for https://mirror.iscas.ac.cn/openeuler-sig-riscv/openEuler-RISC-V/testing/20230331_openEuler-23.03-V1-riscv64/repo/23.03/mainline/riscv64/postgresql-13.3-7.oe2303.riscv64.rpm [SSL certificate problem: certificate is not yet valid]\n[MIRROR] postgresql-server-13.3-7.oe2303.riscv64.rpm: Curl error (60): SSL peer certificate or SSH remote key was not OK for https://mirror.iscas.ac.cn/openeuler-sig-riscv/openEuler-RISC-V/testing/20230331_openEuler-23.03-V1-riscv64/repo/23.03/mainline/riscv64/postgresql-server-13.3-7.oe2303.riscv64.rpm [SSL certificate problem: certificate is not yet valid]\n[FAILED] postgresql-server-13.3-7.oe2303.riscv64.rpm: No more mirrors to try - All mirrors were already tried without success\n\nThe downloaded packages were saved in cache until the next successful transaction.\nYou can remove cached packages by executing 'dnf clean packages'.\nError: Error downloading packages:\n  postgresql-server-13.3-7.oe2303.riscv64: Cannot download, all mirrors were already tried without success"
+ '[' 0 -ne 0 ']'
+ userdel -r postgres
+ groupdel postgres
groupdel: group 'postgres' does not exist
+ rm -rf /tmp/data log
+ LOG_INFO 'Finish environment cleanup.'
+ message='Finish environment cleanup.'
+ python3 /root/mugen/libs/locallibs/mugen_log.py --level info --message 'Finish environment cleanup.'
Wed Aug 14 15:30:33 2019 - INFO  - Finish environment cleanup.
