+ source /root/mugen/libs/locallibs/common_lib.sh
++ python3 --version
++ '[' 0 -eq 0 ']'
++ source /root/mugen/libs/locallibs/common_lib_python.sh
+ main
++ type -t post_test
+ '[' -n function ']'
+ trap post_test EXIT INT HUP TERM
+ grep expect
+ rpm -qa
++ type -t config_params
+ '[' -n '' ']'
++ type -t pre_test
+ '[' -n function ']'
+ pre_test
+ LOG_INFO 'Start to prepare the test environment.'
+ message='Start to prepare the test environment.'
+ python3 /root/mugen/libs/locallibs/mugen_log.py --level info --message 'Start to prepare the test environment.'
Tue Aug  8 19:55:45 2023 - INFO  - Start to prepare the test environment.
+ DNF_INSTALL tuned
+ pkgs=tuned
+ node=1
+ '[' -z '' ']'
+ tmpfile=
++ python3 /root/mugen/libs/locallibs/rpm_manage.py install --pkgs tuned --node 1 --tempfile ''
+ tmpfile2='Last metadata expiration check: 1:10:53 ago on Tue Aug  8 18:45:54 2023.
Error: 
 Problem: package tuned-2.19.0-5.oe2309.noarch requires virt-what, but none of the providers can be installed
  - conflicting requests
  - nothing provides dmidecode needed by virt-what-1.25-1.oe2309.riscv64
(try to add '\''--skip-broken'\'' to skip uninstallable packages or '\''--nobest'\'' to use not only best candidate packages)'
+ '[' -z '' ']'
+ tmpfile='Last metadata expiration check: 1:10:53 ago on Tue Aug  8 18:45:54 2023.
Error: 
 Problem: package tuned-2.19.0-5.oe2309.noarch requires virt-what, but none of the providers can be installed
  - conflicting requests
  - nothing provides dmidecode needed by virt-what-1.25-1.oe2309.riscv64
(try to add '\''--skip-broken'\'' to skip uninstallable packages or '\''--nobest'\'' to use not only best candidate packages)'
+ systemctl enable --now tuned
systemctl: error while loading shared libraries: libsystemd-shared-253.so: cannot open shared object file: No such file or directory
+ mkdir /etc/tuned/my-profile
mkdir: cannot create directory ‘/etc/tuned/my-profile’: No such file or directory
++ tuned-adm active
oe_test_disk_tuned_new.sh: line 26: tuned-adm: command not found
++ awk '{print $4}'
+ old_profile=
+ echo '[main]
summary=General non-specialized tuned profile
[cpu]
governor=conservative
energy_perf_bias=normal
[audio]
timeout=10
[video]
radeon_powersave=dpm-balanced, auto'
oe_test_disk_tuned_new.sh: line 35: /etc/tuned/my-profile/tuned.conf: No such file or directory
+ LOG_INFO 'End to prepare the test environment.'
+ message='End to prepare the test environment.'
+ python3 /root/mugen/libs/locallibs/mugen_log.py --level info --message 'End to prepare the test environment.'
Tue Aug  8 19:56:52 2023 - INFO  - End to prepare the test environment.
++ type -t run_test
+ '[' -n function ']'
+ run_test
+ LOG_INFO 'Start to run test.'
+ message='Start to run test.'
+ python3 /root/mugen/libs/locallibs/mugen_log.py --level info --message 'Start to run test.'
Tue Aug  8 19:56:54 2023 - INFO  - Start to run test.
+ tuned-adm profile my-profile
oe_test_disk_tuned_new.sh: line 41: tuned-adm: command not found
+ CHECK_RESULT 127
+ actual_result=127
+ expect_result=0
+ mode=0
+ error_log=
+ exit_mode=0
+ '[' -z 127 ']'
+ '[' 0 -eq 0 ']'
+ test 127x '!=' 0x
+ test -n ''
+ (( exec_result++ ))
+ LOG_ERROR 'oe_test_disk_tuned_new.sh line 42'
+ message='oe_test_disk_tuned_new.sh line 42'
+ python3 /root/mugen/libs/locallibs/mugen_log.py --level error --message 'oe_test_disk_tuned_new.sh line 42'
Tue Aug  8 19:56:56 2023 - ERROR - oe_test_disk_tuned_new.sh line 42
+ '[' 0 -eq 1 ']'
+ return 0
+ tuned-adm active
oe_test_disk_tuned_new.sh: line 43: tuned-adm: command not found
+ grep my-profile
+ CHECK_RESULT 1
+ actual_result=1
+ expect_result=0
+ mode=0
+ error_log=
+ exit_mode=0
+ '[' -z 1 ']'
+ '[' 0 -eq 0 ']'
+ test 1x '!=' 0x
+ test -n ''
+ (( exec_result++ ))
+ LOG_ERROR 'oe_test_disk_tuned_new.sh line 44'
+ message='oe_test_disk_tuned_new.sh line 44'
+ python3 /root/mugen/libs/locallibs/mugen_log.py --level error --message 'oe_test_disk_tuned_new.sh line 44'
Tue Aug  8 19:56:58 2023 - ERROR - oe_test_disk_tuned_new.sh line 44
+ '[' 0 -eq 1 ']'
+ return 0
+ tuned-adm verify
oe_test_disk_tuned_new.sh: line 45: tuned-adm: command not found
+ grep succeeded
+ CHECK_RESULT 1
+ actual_result=1
+ expect_result=0
+ mode=0
+ error_log=
+ exit_mode=0
+ '[' -z 1 ']'
+ '[' 0 -eq 0 ']'
+ test 1x '!=' 0x
+ test -n ''
+ (( exec_result++ ))
+ LOG_ERROR 'oe_test_disk_tuned_new.sh line 46'
+ message='oe_test_disk_tuned_new.sh line 46'
+ python3 /root/mugen/libs/locallibs/mugen_log.py --level error --message 'oe_test_disk_tuned_new.sh line 46'
Tue Aug  8 19:57:00 2023 - ERROR - oe_test_disk_tuned_new.sh line 46
+ '[' 0 -eq 1 ']'
+ return 0
+ tuned-adm profile ''
oe_test_disk_tuned_new.sh: line 47: tuned-adm: command not found
+ CHECK_RESULT 127
+ actual_result=127
+ expect_result=0
+ mode=0
+ error_log=
+ exit_mode=0
+ '[' -z 127 ']'
+ '[' 0 -eq 0 ']'
+ test 127x '!=' 0x
+ test -n ''
+ (( exec_result++ ))
+ LOG_ERROR 'oe_test_disk_tuned_new.sh line 48'
+ message='oe_test_disk_tuned_new.sh line 48'
+ python3 /root/mugen/libs/locallibs/mugen_log.py --level error --message 'oe_test_disk_tuned_new.sh line 48'
Tue Aug  8 19:57:02 2023 - ERROR - oe_test_disk_tuned_new.sh line 48
+ '[' 0 -eq 1 ']'
+ return 0
+ LOG_INFO 'End to run test.'
+ message='End to run test.'
+ python3 /root/mugen/libs/locallibs/mugen_log.py --level info --message 'End to run test.'
Tue Aug  8 19:57:03 2023 - INFO  - End to run test.
+ CASE_RESULT 0
+ case_re=0
+ test -z 4
+ test 4 -gt 0
+ LOG_ERROR 'failed to execute the case.'
+ message='failed to execute the case.'
+ python3 /root/mugen/libs/locallibs/mugen_log.py --level error --message 'failed to execute the case.'
Tue Aug  8 19:57:05 2023 - ERROR - failed to execute the case.
+ exit 4
+ post_test
+ LOG_INFO 'Start to restore the test environment.'
+ message='Start to restore the test environment.'
+ python3 /root/mugen/libs/locallibs/mugen_log.py --level info --message 'Start to restore the test environment.'
Tue Aug  8 19:57:07 2023 - INFO  - Start to restore the test environment.
+ DNF_REMOVE
+ node=1
+ pkg_list=
+ mode=0
+ [[ -z Last metadata expiration check: 1:10:53 ago on Tue Aug  8 18:45:54 2023.
Error: 
 Problem: package tuned-2.19.0-5.oe2309.noarch requires virt-what, but none of the providers can be installed
  - conflicting requests
  - nothing provides dmidecode needed by virt-what-1.25-1.oe2309.riscv64
(try to add '--skip-broken' to skip uninstallable packages or '--nobest' to use not only best candidate packages) ]]
+ '[' 0 -ne 0 ']'
+ '[' 1 == 0 ']'
+ python3 /root/mugen/libs/locallibs/rpm_manage.py remove --node 1 --pkgs '' --tempfile 'Last metadata expiration check: 1:10:53 ago on Tue Aug  8 18:45:54 2023.
Error: 
 Problem: package tuned-2.19.0-5.oe2309.noarch requires virt-what, but none of the providers can be installed
  - conflicting requests
  - nothing provides dmidecode needed by virt-what-1.25-1.oe2309.riscv64
(try to add '\''--skip-broken'\'' to skip uninstallable packages or '\''--nobest'\'' to use not only best candidate packages)'
Traceback (most recent call last):
  File "/root/mugen/libs/locallibs/rpm_manage.py", line 192, in <module>
    exitcode = rpm_remove(args.node, args.pkgs, args.tempfile)
               ^^^^^^^^^^^^^^^^^^^^^^^^^^^^^^^^^^^^^^^^^^^^^^^
  File "/root/mugen/libs/locallibs/rpm_manage.py", line 163, in rpm_remove
    with open(tmpfile, "r") as f:
         ^^^^^^^^^^^^^^^^^^
OSError: [Errno 36] File name too long: "Last metadata expiration check: 1:10:53 ago on Tue Aug  8 18:45:54 2023.\nError: \n Problem: package tuned-2.19.0-5.oe2309.noarch requires virt-what, but none of the providers can be installed\n  - conflicting requests\n  - nothing provides dmidecode needed by virt-what-1.25-1.oe2309.riscv64\n(try to add '--skip-broken' to skip uninstallable packages or '--nobest' to use not only best candidate packages)"
+ '[' 0 -ne 0 ']'
+ rm -rf tuned_log /etc/tuned
+ LOG_INFO 'End to restore the test environment.'
+ message='End to restore the test environment.'
+ python3 /root/mugen/libs/locallibs/mugen_log.py --level info --message 'End to restore the test environment.'
Tue Aug  8 19:57:15 2023 - INFO  - End to restore the test environment.
